#
# There is insufficient memory for the Java Runtime Environment to continue.
# Native memory allocation (malloc) failed to allocate 1585616 bytes for Chunk::new
# Possible reasons:
#   The system is out of physical RAM or swap space
#   The process is running with CompressedOops enabled, and the Java Heap may be blocking the growth of the native heap
# Possible solutions:
#   Reduce memory load on the system
#   Increase physical memory or swap space
#   Check if swap backing store is full
#   Decrease Java heap size (-Xmx/-Xms)
#   Decrease number of Java threads
#   Decrease Java thread stack sizes (-Xss)
#   Set larger code cache with -XX:ReservedCodeCacheSize=
#   JVM is running with Unscaled Compressed Oops mode in which the Java heap is
#     placed in the first 4GB address space. The Java Heap base address is the
#     maximum limit for the native heap growth. Please use -XX:HeapBaseMinAddress
#     to set the Java Heap base and to place the Java Heap above 4GB virtual address.
# This output file may be truncated or incomplete.
#
#  Out of Memory Error (arena.cpp:189), pid=46032, tid=41888
#
# JRE version: Java(TM) SE Runtime Environment (17.0.9+11) (build 17.0.9+11-LTS-201)
# Java VM: Java HotSpot(TM) 64-Bit Server VM (17.0.9+11-LTS-201, mixed mode, sharing, tiered, compressed oops, compressed class ptrs, g1 gc, windows-amd64)
# No core dump will be written. Minidumps are not enabled by default on client versions of Windows
#

---------------  S U M M A R Y ------------

Command Line: -Dcom.sun.management.jmxremote -Dcom.sun.management.jmxremote.port=58586 -Dcom.sun.management.jmxremote.authenticate=false -Dcom.sun.management.jmxremote.ssl=false -Dspring.jmx.enabled=true -Djava.rmi.server.hostname=localhost -Dspring.application.admin.enabled=true -Dspring.boot.project.name=laptopshop -XX:+ShowCodeDetailsInExceptionMessages vn.Spring.laptopshop.LaptopshopApplication

Host: Intel(R) Core(TM) i5-10300H CPU @ 2.50GHz, 8 cores, 7G,  Windows 11 , 64 bit Build 22621 (10.0.22621.3958)
Time: Sat Aug 31 01:36:01 2024 SE Asia Standard Time elapsed time: 8.751999 seconds (0d 0h 0m 8s)

---------------  T H R E A D  ---------------

Current thread (0x0000022562cf67f0):  JavaThread "C2 CompilerThread0" daemon [_thread_in_native, id=41888, stack(0x0000002ecea00000,0x0000002eceb00000)]


Current CompileTask:
C2:   8752 5460       4       jdk.internal.org.objectweb.asm.MethodWriter::computeAllFrames (510 bytes)

Stack: [0x0000002ecea00000,0x0000002eceb00000]
Native frames: (J=compiled Java code, j=interpreted, Vv=VM code, C=native code)
V  [jvm.dll+0x678a4a]
V  [jvm.dll+0x7d9cfd]
V  [jvm.dll+0x7db60e]
V  [jvm.dll+0x7dbc73]
V  [jvm.dll+0x245e1f]
V  [jvm.dll+0xaaafb]
V  [jvm.dll+0xab09c]
V  [jvm.dll+0x36232f]
V  [jvm.dll+0x32ca01]
V  [jvm.dll+0x32be9a]
V  [jvm.dll+0x21812f]
V  [jvm.dll+0x217561]
V  [jvm.dll+0x1a3bc0]
V  [jvm.dll+0x2272de]
V  [jvm.dll+0x22548b]
V  [jvm.dll+0x78f58c]
V  [jvm.dll+0x78998a]
V  [jvm.dll+0x677875]
C  [ucrtbase.dll+0x29333]
C  [KERNEL32.DLL+0x1257d]
C  [ntdll.dll+0x5af28]


---------------  P R O C E S S  ---------------

Threads class SMR info:
_java_thread_list=0x0000022569481100, length=25, elements={
0x0000022542afd250, 0x0000022562cc6bc0, 0x0000022562cc7a40, 0x0000022562ce0990,
0x0000022562ce1550, 0x0000022562ce3f20, 0x0000022562ce48e0, 0x0000022562cf67f0,
0x0000022562cf72a0, 0x0000022562d043b0, 0x0000022562cb4980, 0x0000022567155ff0,
0x00000225676cafb0, 0x00000225676cb4c0, 0x00000225676cb9d0, 0x0000022567827850,
0x00000225676cc3f0, 0x00000225676ce250, 0x0000022568896c60, 0x00000225676cd830,
0x00000225676cce10, 0x00000225676cdd40, 0x00000225676ce760, 0x00000225686c15c0,
0x00000225686c3930
}

Java Threads: ( => current thread )
  0x0000022542afd250 JavaThread "main" [_thread_blocked, id=49264, stack(0x0000002ecdd00000,0x0000002ecde00000)]
  0x0000022562cc6bc0 JavaThread "Reference Handler" daemon [_thread_blocked, id=50152, stack(0x0000002ece400000,0x0000002ece500000)]
  0x0000022562cc7a40 JavaThread "Finalizer" daemon [_thread_blocked, id=27168, stack(0x0000002ece500000,0x0000002ece600000)]
  0x0000022562ce0990 JavaThread "Signal Dispatcher" daemon [_thread_blocked, id=27084, stack(0x0000002ece600000,0x0000002ece700000)]
  0x0000022562ce1550 JavaThread "Attach Listener" daemon [_thread_blocked, id=47548, stack(0x0000002ece700000,0x0000002ece800000)]
  0x0000022562ce3f20 JavaThread "Service Thread" daemon [_thread_blocked, id=57432, stack(0x0000002ece800000,0x0000002ece900000)]
  0x0000022562ce48e0 JavaThread "Monitor Deflation Thread" daemon [_thread_blocked, id=36004, stack(0x0000002ece900000,0x0000002ecea00000)]
=>0x0000022562cf67f0 JavaThread "C2 CompilerThread0" daemon [_thread_in_native, id=41888, stack(0x0000002ecea00000,0x0000002eceb00000)]
  0x0000022562cf72a0 JavaThread "C1 CompilerThread0" daemon [_thread_blocked, id=58152, stack(0x0000002eceb00000,0x0000002ecec00000)]
  0x0000022562d043b0 JavaThread "Sweeper thread" daemon [_thread_blocked, id=52472, stack(0x0000002ecec00000,0x0000002eced00000)]
  0x0000022562cb4980 JavaThread "Common-Cleaner" daemon [_thread_blocked, id=11852, stack(0x0000002eced00000,0x0000002ecee00000)]
  0x0000022567155ff0 JavaThread "Notification Thread" daemon [_thread_blocked, id=58720, stack(0x0000002ecee00000,0x0000002ecef00000)]
  0x00000225676cafb0 JavaThread "RMI TCP Accept-0" daemon [_thread_in_native, id=60828, stack(0x0000002ecf000000,0x0000002ecf100000)]
  0x00000225676cb4c0 JavaThread "RMI TCP Accept-58586" daemon [_thread_in_native, id=50396, stack(0x0000002ecef00000,0x0000002ecf000000)]
  0x00000225676cb9d0 JavaThread "RMI TCP Accept-0" daemon [_thread_in_native, id=18348, stack(0x0000002ecf100000,0x0000002ecf200000)]
  0x0000022567827850 JavaThread "C2 CompilerThread1" daemon [_thread_in_native, id=18868, stack(0x0000002ecfb00000,0x0000002ecfc00000)]
  0x00000225676cc3f0 JavaThread "Thread-0" [_thread_blocked, id=61372, stack(0x0000002ecfc00000,0x0000002ecfd00000)]
  0x00000225676ce250 JavaThread "restartedMain" [_thread_in_vm, id=56236, stack(0x0000002ecfd00000,0x0000002ecfe00000)]
  0x0000022568896c60 JavaThread "C2 CompilerThread2" daemon [_thread_in_native, id=25460, stack(0x0000002ed0100000,0x0000002ed0200000)]
  0x00000225676cd830 JavaThread "Catalina-utility-1" [_thread_blocked, id=58896, stack(0x0000002ecfe00000,0x0000002ecff00000)]
  0x00000225676cce10 JavaThread "Catalina-utility-2" [_thread_blocked, id=61384, stack(0x0000002ed0200000,0x0000002ed0300000)]
  0x00000225676cdd40 JavaThread "container-0" [_thread_blocked, id=28216, stack(0x0000002ed0300000,0x0000002ed0400000)]
  0x00000225676ce760 JavaThread "mysql-cj-abandoned-connection-cleanup" daemon [_thread_blocked, id=61020, stack(0x0000002ed0400000,0x0000002ed0500000)]
  0x00000225686c15c0 JavaThread "HikariPool-1 housekeeper" daemon [_thread_blocked, id=27544, stack(0x0000002ed0600000,0x0000002ed0700000)]
  0x00000225686c3930 JavaThread "HikariPool-1 connection adder" daemon [_thread_blocked, id=49336, stack(0x0000002ed0700000,0x0000002ed0800000)]

Other Threads:
  0x0000022562cc1fb0 VMThread "VM Thread" [stack: 0x0000002ece300000,0x0000002ece400000] [id=46780]
  0x0000022542afdee0 WatcherThread [stack: 0x0000002ecf200000,0x0000002ecf300000] [id=3180]
  0x0000022544cdc320 GCTaskThread "GC Thread#0" [stack: 0x0000002ecde00000,0x0000002ecdf00000] [id=54412]
  0x0000022568095a90 GCTaskThread "GC Thread#1" [stack: 0x0000002ecf300000,0x0000002ecf400000] [id=47520]
  0x0000022567826db0 GCTaskThread "GC Thread#2" [stack: 0x0000002ecf400000,0x0000002ecf500000] [id=60692]
  0x0000022567fa6c40 GCTaskThread "GC Thread#3" [stack: 0x0000002ecf500000,0x0000002ecf600000] [id=52376]
  0x0000022567bf5ff0 GCTaskThread "GC Thread#4" [stack: 0x0000002ecf600000,0x0000002ecf700000] [id=22076]
  0x0000022567bf62b0 GCTaskThread "GC Thread#5" [stack: 0x0000002ecf700000,0x0000002ecf800000] [id=57000]
  0x0000022567bf6570 GCTaskThread "GC Thread#6" [stack: 0x0000002ecf800000,0x0000002ecf900000] [id=55408]
  0x00000225684a4880 GCTaskThread "GC Thread#7" [stack: 0x0000002ecff00000,0x0000002ed0000000] [id=54604]
  0x0000022544cecd70 ConcurrentGCThread "G1 Main Marker" [stack: 0x0000002ecdf00000,0x0000002ece000000] [id=37192]
  0x0000022544ced780 ConcurrentGCThread "G1 Conc#0" [stack: 0x0000002ece000000,0x0000002ece100000] [id=60728]
  0x0000022568588950 ConcurrentGCThread "G1 Conc#1" [stack: 0x0000002ed0000000,0x0000002ed0100000] [id=61136]
  0x0000022544d2eaa0 ConcurrentGCThread "G1 Refine#0" [stack: 0x0000002ece100000,0x0000002ece200000] [id=27916]
  0x0000022567bd7170 ConcurrentGCThread "G1 Refine#1" [stack: 0x0000002ecf900000,0x0000002ecfa00000] [id=49872]
  0x0000022567827070 ConcurrentGCThread "G1 Refine#2" [stack: 0x0000002ecfa00000,0x0000002ecfb00000] [id=58324]
  0x0000022562b7b660 ConcurrentGCThread "G1 Service" [stack: 0x0000002ece200000,0x0000002ece300000] [id=52332]

Threads with active compile tasks:
C2 CompilerThread0     8796 5460       4       jdk.internal.org.objectweb.asm.MethodWriter::computeAllFrames (510 bytes)
C2 CompilerThread1     8796 5480       4       sun.invoke.util.VerifyAccess::isSamePackage (37 bytes)
C2 CompilerThread2     8797 5321       4       sun.security.ec.ECOperations::setDouble (559 bytes)

VM state: not at safepoint (normal execution)

VM Mutex/Monitor currently owned by a thread:  ([mutex/lock_event])
[0x0000022544c77a50] MethodCompileQueue_lock - owner thread: 0x00000225676ce250

Heap address: 0x0000000082800000, size: 2008 MB, Compressed Oops mode: 32-bit

CDS archive(s) mapped at: [0x0000022500000000-0x0000022500bd0000-0x0000022500bd0000), size 12386304, SharedBaseAddress: 0x0000022500000000, ArchiveRelocationMode: 1.
Compressed class space mapped at: 0x0000022501000000-0x0000022541000000, reserved size: 1073741824
Narrow klass base: 0x0000022500000000, Narrow klass shift: 0, Narrow klass range: 0x100000000

GC Precious Log:
 CPUs: 8 total, 8 available
 Memory: 8029M
 Large Page Support: Disabled
 NUMA Support: Disabled
 Compressed Oops: Enabled (32-bit)
 Heap Region Size: 1M
 Heap Min Capacity: 8M
 Heap Initial Capacity: 126M
 Heap Max Capacity: 2008M
 Pre-touch: Disabled
 Parallel Workers: 8
 Concurrent Workers: 2
 Concurrent Refinement Workers: 8
 Periodic GC: Disabled

Heap:
 garbage-first heap   total 48128K, used 27480K [0x0000000082800000, 0x0000000100000000)
  region size 1024K, 5 young (5120K), 2 survivors (2048K)
 Metaspace       used 52057K, committed 52544K, reserved 1114112K
  class space    used 6776K, committed 7040K, reserved 1048576K

Heap Regions: E=young(eden), S=young(survivor), O=old, HS=humongous(starts), HC=humongous(continues), CS=collection set, F=free, OA=open archive, CA=closed archive, TAMS=top-at-mark-start (previous, next)
|   0|0x0000000082800000, 0x0000000082900000, 0x0000000082900000|100%|HS|  |TAMS 0x0000000082900000, 0x0000000082800000| Complete 
|   1|0x0000000082900000, 0x0000000082a00000, 0x0000000082a00000|100%| O|  |TAMS 0x0000000082a00000, 0x0000000082900000| Untracked 
|   2|0x0000000082a00000, 0x0000000082b00000, 0x0000000082b00000|100%| O|  |TAMS 0x0000000082b00000, 0x0000000082a00000| Untracked 
|   3|0x0000000082b00000, 0x0000000082c00000, 0x0000000082c00000|100%| O|  |TAMS 0x0000000082c00000, 0x0000000082b00000| Untracked 
|   4|0x0000000082c00000, 0x0000000082d00000, 0x0000000082d00000|100%| O|  |TAMS 0x0000000082d00000, 0x0000000082c00000| Untracked 
|   5|0x0000000082d00000, 0x0000000082e00000, 0x0000000082e00000|100%| O|  |TAMS 0x0000000082e00000, 0x0000000082d00000| Untracked 
|   6|0x0000000082e00000, 0x0000000082f00000, 0x0000000082f00000|100%| O|  |TAMS 0x0000000082f00000, 0x0000000082e00000| Untracked 
|   7|0x0000000082f00000, 0x0000000082fc3400, 0x0000000083000000| 76%| O|  |TAMS 0x0000000082fc3400, 0x0000000082f00000| Untracked 
|   8|0x0000000083000000, 0x0000000083100000, 0x0000000083100000|100%| O|  |TAMS 0x0000000083100000, 0x0000000083000000| Untracked 
|   9|0x0000000083100000, 0x0000000083200000, 0x0000000083200000|100%| O|  |TAMS 0x0000000083200000, 0x0000000083100000| Untracked 
|  10|0x0000000083200000, 0x0000000083300000, 0x0000000083300000|100%| O|  |TAMS 0x0000000083300000, 0x0000000083200000| Untracked 
|  11|0x0000000083300000, 0x0000000083400000, 0x0000000083400000|100%| O|  |TAMS 0x0000000083400000, 0x0000000083300000| Untracked 
|  12|0x0000000083400000, 0x0000000083500000, 0x0000000083500000|100%| O|  |TAMS 0x0000000083500000, 0x0000000083400000| Untracked 
|  13|0x0000000083500000, 0x0000000083600000, 0x0000000083600000|100%| O|  |TAMS 0x0000000083600000, 0x0000000083500000| Untracked 
|  14|0x0000000083600000, 0x0000000083700000, 0x0000000083700000|100%| O|  |TAMS 0x0000000083700000, 0x0000000083600000| Untracked 
|  15|0x0000000083700000, 0x0000000083800000, 0x0000000083800000|100%| O|  |TAMS 0x0000000083800000, 0x0000000083700000| Untracked 
|  16|0x0000000083800000, 0x0000000083900000, 0x0000000083900000|100%| O|  |TAMS 0x0000000083900000, 0x0000000083800000| Untracked 
|  17|0x0000000083900000, 0x0000000083a00000, 0x0000000083a00000|100%| O|  |TAMS 0x0000000083a00000, 0x0000000083900000| Untracked 
|  18|0x0000000083a00000, 0x0000000083b00000, 0x0000000083b00000|100%| O|  |TAMS 0x0000000083a2a600, 0x0000000083a00000| Untracked 
|  19|0x0000000083b00000, 0x0000000083c00000, 0x0000000083c00000|100%| O|  |TAMS 0x0000000083c00000, 0x0000000083b00000| Untracked 
|  20|0x0000000083c00000, 0x0000000083d00000, 0x0000000083d00000|100%| O|  |TAMS 0x0000000083d00000, 0x0000000083c00000| Untracked 
|  21|0x0000000083d00000, 0x0000000083e00000, 0x0000000083e00000|100%| O|  |TAMS 0x0000000083e00000, 0x0000000083d00000| Untracked 
|  22|0x0000000083e00000, 0x0000000083f00000, 0x0000000083f00000|100%| O|  |TAMS 0x0000000083e00000, 0x0000000083e00000| Untracked 
|  23|0x0000000083f00000, 0x0000000083ff4600, 0x0000000084000000| 95%| O|  |TAMS 0x0000000083f00000, 0x0000000083f00000| Untracked 
|  24|0x0000000084000000, 0x0000000084000000, 0x0000000084100000|  0%| F|  |TAMS 0x0000000084000000, 0x0000000084000000| Untracked 
|  25|0x0000000084100000, 0x0000000084100000, 0x0000000084200000|  0%| F|  |TAMS 0x0000000084100000, 0x0000000084100000| Untracked 
|  26|0x0000000084200000, 0x0000000084200000, 0x0000000084300000|  0%| F|  |TAMS 0x0000000084200000, 0x0000000084200000| Untracked 
|  27|0x0000000084300000, 0x0000000084300000, 0x0000000084400000|  0%| F|  |TAMS 0x0000000084300000, 0x0000000084300000| Untracked 
|  28|0x0000000084400000, 0x0000000084400000, 0x0000000084500000|  0%| F|  |TAMS 0x0000000084400000, 0x0000000084400000| Untracked 
|  29|0x0000000084500000, 0x0000000084500000, 0x0000000084600000|  0%| F|  |TAMS 0x0000000084500000, 0x0000000084500000| Untracked 
|  30|0x0000000084600000, 0x0000000084600000, 0x0000000084700000|  0%| F|  |TAMS 0x0000000084600000, 0x0000000084600000| Untracked 
|  31|0x0000000084700000, 0x0000000084700000, 0x0000000084800000|  0%| F|  |TAMS 0x0000000084700000, 0x0000000084700000| Untracked 
|  32|0x0000000084800000, 0x000000008481e810, 0x0000000084900000| 11%| S|CS|TAMS 0x0000000084800000, 0x0000000084800000| Complete 
|  33|0x0000000084900000, 0x0000000084a00000, 0x0000000084a00000|100%| S|CS|TAMS 0x0000000084900000, 0x0000000084900000| Complete 
|  34|0x0000000084a00000, 0x0000000084a00000, 0x0000000084b00000|  0%| F|  |TAMS 0x0000000084a00000, 0x0000000084a00000| Untracked 
|  35|0x0000000084b00000, 0x0000000084b00000, 0x0000000084c00000|  0%| F|  |TAMS 0x0000000084b00000, 0x0000000084b00000| Untracked 
|  36|0x0000000084c00000, 0x0000000084c00000, 0x0000000084d00000|  0%| F|  |TAMS 0x0000000084c00000, 0x0000000084c00000| Untracked 
|  37|0x0000000084d00000, 0x0000000084d00000, 0x0000000084e00000|  0%| F|  |TAMS 0x0000000084d00000, 0x0000000084d00000| Untracked 
|  38|0x0000000084e00000, 0x0000000084e00000, 0x0000000084f00000|  0%| F|  |TAMS 0x0000000084e00000, 0x0000000084e00000| Untracked 
|  39|0x0000000084f00000, 0x0000000084f00000, 0x0000000085000000|  0%| F|  |TAMS 0x0000000084f00000, 0x0000000084f00000| Untracked 
|  40|0x0000000085000000, 0x0000000085000000, 0x0000000085100000|  0%| F|  |TAMS 0x0000000085000000, 0x0000000085000000| Untracked 
|  77|0x0000000087500000, 0x0000000087500000, 0x0000000087600000|  0%| F|  |TAMS 0x0000000087500000, 0x0000000087500000| Untracked 
|  78|0x0000000087600000, 0x0000000087600000, 0x0000000087700000|  0%| F|  |TAMS 0x0000000087600000, 0x0000000087600000| Untracked 
|  79|0x0000000087700000, 0x0000000087700000, 0x0000000087800000|  0%| F|  |TAMS 0x0000000087700000, 0x0000000087700000| Untracked 
|  80|0x0000000087800000, 0x00000000878dec30, 0x0000000087900000| 87%| E|  |TAMS 0x0000000087800000, 0x0000000087800000| Complete 
|  81|0x0000000087900000, 0x0000000087a00000, 0x0000000087a00000|100%| E|CS|TAMS 0x0000000087900000, 0x0000000087900000| Complete 
| 125|0x000000008a500000, 0x000000008a600000, 0x000000008a600000|100%| E|CS|TAMS 0x000000008a500000, 0x000000008a500000| Complete 

Card table byte_map: [0x000002255bc20000,0x000002255c010000] _byte_map_base: 0x000002255b80c000

Marking Bits (Prev, Next): (CMBitMap*) 0x0000022544cdc980, (CMBitMap*) 0x0000022544cdc940
 Prev Bits: [0x000002255e360000, 0x00000225602c0000)
 Next Bits: [0x000002255c400000, 0x000002255e360000)

Polling page: 0x0000022544430000

Metaspace:

Usage:
  Non-class:     44.22 MB used.
      Class:      6.62 MB used.
       Both:     50.84 MB used.

Virtual space:
  Non-class space:       64.00 MB reserved,      44.44 MB ( 69%) committed,  1 nodes.
      Class space:        1.00 GB reserved,       6.88 MB ( <1%) committed,  1 nodes.
             Both:        1.06 GB reserved,      51.31 MB (  5%) committed. 

Chunk freelists:
   Non-Class:  3.38 MB
       Class:  9.11 MB
        Both:  12.48 MB

MaxMetaspaceSize: unlimited
CompressedClassSpaceSize: 1.00 GB
Initial GC threshold: 21.00 MB
Current GC threshold: 84.62 MB
CDS: on
MetaspaceReclaimPolicy: balanced
 - commit_granule_bytes: 65536.
 - commit_granule_words: 8192.
 - virtual_space_node_default_size: 8388608.
 - enlarge_chunks_in_place: 1.
 - new_chunks_are_fully_committed: 0.
 - uncommit_free_chunks: 1.
 - use_allocation_guard: 0.
 - handle_deallocations: 1.


Internal statistics:

num_allocs_failed_limit: 6.
num_arena_births: 636.
num_arena_deaths: 0.
num_vsnodes_births: 2.
num_vsnodes_deaths: 0.
num_space_committed: 821.
num_space_uncommitted: 0.
num_chunks_returned_to_freelist: 6.
num_chunks_taken_from_freelist: 2301.
num_chunk_merges: 6.
num_chunk_splits: 1632.
num_chunks_enlarged: 1236.
num_inconsistent_stats: 0.

CodeHeap 'non-profiled nmethods': size=120000Kb used=2997Kb max_used=3188Kb free=117002Kb
 bounds [0x0000022553fd0000, 0x00000225542f0000, 0x000002255b500000]
CodeHeap 'profiled nmethods': size=120000Kb used=9701Kb max_used=10488Kb free=110298Kb
 bounds [0x000002254c500000, 0x000002254cf40000, 0x0000022553a30000]
CodeHeap 'non-nmethods': size=5760Kb used=1361Kb max_used=1394Kb free=4398Kb
 bounds [0x0000022553a30000, 0x0000022553ca0000, 0x0000022553fd0000]
 total_blobs=5357 nmethods=4729 adapters=538
 compilation: enabled
              stopped_count=0, restarted_count=0
 full_count=0

Compilation events (20 events):
Event: 8.517 Thread 0x0000022562cf72a0 nmethod 5458 0x0000022554084190 code [0x0000022554084320, 0x00000225540843f8]
Event: 8.520 Thread 0x0000022562cf72a0 5459       3       sun.reflect.generics.scope.AbstractScope::<init> (10 bytes)
Event: 8.521 Thread 0x0000022562cf72a0 nmethod 5459 0x000002254c8cc690 code [0x000002254c8cc820, 0x000002254c8cc9d8]
Event: 8.540 Thread 0x0000022562cf67f0 5460       4       jdk.internal.org.objectweb.asm.MethodWriter::computeAllFrames (510 bytes)
Event: 8.621 Thread 0x0000022562cf72a0 5461       3       java.util.stream.StreamSpliterators$AbstractWrappingSpliterator::fillBuffer (64 bytes)
Event: 8.622 Thread 0x0000022562cf72a0 nmethod 5461 0x000002254c8a6310 code [0x000002254c8a6500, 0x000002254c8a6c08]
Event: 8.647 Thread 0x0000022562cf72a0 5462   !   3       java.lang.Class::desiredAssertionStatus (54 bytes)
Event: 8.647 Thread 0x0000022562cf72a0 nmethod 5462 0x000002254c8a5a10 code [0x000002254c8a5c00, 0x000002254c8a6138]
Event: 8.647 Thread 0x0000022562cf72a0 5464       3       org.jboss.logging.Logger::join (112 bytes)
Event: 8.648 Thread 0x0000022562cf72a0 nmethod 5464 0x000002254cb69310 code [0x000002254cb69620, 0x000002254cb6a438]
Event: 8.673 Thread 0x0000022562cf72a0 5465       3       org.hibernate.annotations.common.reflection.java.JavaReflectionManager::getMetadataProvider (23 bytes)
Event: 8.673 Thread 0x0000022562cf72a0 nmethod 5465 0x000002254cb68d10 code [0x000002254cb68ec0, 0x000002254cb691b8]
Event: 8.686 Thread 0x0000022562cf72a0 5466       3       org.hibernate.annotations.common.reflection.java.JavaXAnnotatedElement::getAnnotationReader (12 bytes)
Event: 8.686 Thread 0x0000022562cf72a0 nmethod 5466 0x000002254cb68290 code [0x000002254cb68460, 0x000002254cb688e8]
Event: 8.686 Thread 0x0000022562cf72a0 5467       3       org.hibernate.boot.model.internal.JPAXMLOverriddenMetadataProvider::getAnnotationReader (92 bytes)
Event: 8.687 Thread 0x0000022562cf72a0 nmethod 5467 0x000002254c8a4c10 code [0x000002254c8a4e60, 0x000002254c8a5758]
Event: 8.698 Thread 0x0000022562cf72a0 5468       3       java.util.stream.StreamSpliterators$WrappingSpliterator::tryAdvance (36 bytes)
Event: 8.698 Thread 0x0000022562cf72a0 nmethod 5468 0x000002254c728410 code [0x000002254c728600, 0x000002254c728b78]
Event: 8.698 Thread 0x0000022562cf72a0 5469       3       java.util.stream.StreamSpliterators$AbstractWrappingSpliterator::doAdvance (106 bytes)
Event: 8.699 Thread 0x0000022562cf72a0 nmethod 5469 0x000002254c727490 code [0x000002254c7276e0, 0x000002254c7281a8]

GC Heap History (20 events):
Event: 3.502 GC heap before
{Heap before GC invocations=4 (full 0):
 garbage-first heap   total 48128K, used 35474K [0x0000000082800000, 0x0000000100000000)
  region size 1024K, 28 young (28672K), 5 survivors (5120K)
 Metaspace       used 24313K, committed 24576K, reserved 1114112K
  class space    used 3069K, committed 3200K, reserved 1048576K
}
Event: 3.507 GC heap after
{Heap after GC invocations=5 (full 0):
 garbage-first heap   total 48128K, used 14971K [0x0000000082800000, 0x0000000100000000)
  region size 1024K, 7 young (7168K), 7 survivors (7168K)
 Metaspace       used 24313K, committed 24576K, reserved 1114112K
  class space    used 3069K, committed 3200K, reserved 1048576K
}
Event: 4.207 GC heap before
{Heap before GC invocations=5 (full 0):
 garbage-first heap   total 48128K, used 33403K [0x0000000082800000, 0x0000000100000000)
  region size 1024K, 25 young (25600K), 7 survivors (7168K)
 Metaspace       used 27129K, committed 27520K, reserved 1114112K
  class space    used 3481K, committed 3648K, reserved 1048576K
}
Event: 4.215 GC heap after
{Heap after GC invocations=6 (full 0):
 garbage-first heap   total 48128K, used 16507K [0x0000000082800000, 0x0000000100000000)
  region size 1024K, 2 young (2048K), 2 survivors (2048K)
 Metaspace       used 27129K, committed 27520K, reserved 1114112K
  class space    used 3481K, committed 3648K, reserved 1048576K
}
Event: 4.827 GC heap before
{Heap before GC invocations=6 (full 0):
 garbage-first heap   total 48128K, used 33915K [0x0000000082800000, 0x0000000100000000)
  region size 1024K, 19 young (19456K), 2 survivors (2048K)
 Metaspace       used 29939K, committed 30272K, reserved 1114112K
  class space    used 3887K, committed 4032K, reserved 1048576K
}
Event: 4.830 GC heap after
{Heap after GC invocations=7 (full 0):
 garbage-first heap   total 48128K, used 17978K [0x0000000082800000, 0x0000000100000000)
  region size 1024K, 3 young (3072K), 3 survivors (3072K)
 Metaspace       used 29939K, committed 30272K, reserved 1114112K
  class space    used 3887K, committed 4032K, reserved 1048576K
}
Event: 5.104 GC heap before
{Heap before GC invocations=7 (full 0):
 garbage-first heap   total 48128K, used 34362K [0x0000000082800000, 0x0000000100000000)
  region size 1024K, 20 young (20480K), 3 survivors (3072K)
 Metaspace       used 31868K, committed 32256K, reserved 1114112K
  class space    used 4143K, committed 4352K, reserved 1048576K
}
Event: 5.108 GC heap after
{Heap after GC invocations=8 (full 0):
 garbage-first heap   total 48128K, used 19942K [0x0000000082800000, 0x0000000100000000)
  region size 1024K, 2 young (2048K), 2 survivors (2048K)
 Metaspace       used 31868K, committed 32256K, reserved 1114112K
  class space    used 4143K, committed 4352K, reserved 1048576K
}
Event: 5.934 GC heap before
{Heap before GC invocations=8 (full 0):
 garbage-first heap   total 48128K, used 35302K [0x0000000082800000, 0x0000000100000000)
  region size 1024K, 18 young (18432K), 2 survivors (2048K)
 Metaspace       used 35320K, committed 35840K, reserved 1114112K
  class space    used 4481K, committed 4736K, reserved 1048576K
}
Event: 5.937 GC heap after
{Heap after GC invocations=9 (full 0):
 garbage-first heap   total 48128K, used 20910K [0x0000000082800000, 0x0000000100000000)
  region size 1024K, 2 young (2048K), 2 survivors (2048K)
 Metaspace       used 35320K, committed 35840K, reserved 1114112K
  class space    used 4481K, committed 4736K, reserved 1048576K
}
Event: 6.111 GC heap before
{Heap before GC invocations=9 (full 0):
 garbage-first heap   total 48128K, used 27054K [0x0000000082800000, 0x0000000100000000)
  region size 1024K, 9 young (9216K), 2 survivors (2048K)
 Metaspace       used 35648K, committed 36160K, reserved 1114112K
  class space    used 4528K, committed 4800K, reserved 1048576K
}
Event: 6.113 GC heap after
{Heap after GC invocations=10 (full 0):
 garbage-first heap   total 48128K, used 20958K [0x0000000082800000, 0x0000000100000000)
  region size 1024K, 2 young (2048K), 2 survivors (2048K)
 Metaspace       used 35648K, committed 36160K, reserved 1114112K
  class space    used 4528K, committed 4800K, reserved 1048576K
}
Event: 6.757 GC heap before
{Heap before GC invocations=11 (full 0):
 garbage-first heap   total 48128K, used 36318K [0x0000000082800000, 0x0000000100000000)
  region size 1024K, 17 young (17408K), 2 survivors (2048K)
 Metaspace       used 37896K, committed 38336K, reserved 1114112K
  class space    used 4839K, committed 5056K, reserved 1048576K
}
Event: 6.759 GC heap after
{Heap after GC invocations=12 (full 0):
 garbage-first heap   total 48128K, used 21743K [0x0000000082800000, 0x0000000100000000)
  region size 1024K, 3 young (3072K), 3 survivors (3072K)
 Metaspace       used 37896K, committed 38336K, reserved 1114112K
  class space    used 4839K, committed 5056K, reserved 1048576K
}
Event: 7.141 GC heap before
{Heap before GC invocations=12 (full 0):
 garbage-first heap   total 48128K, used 37103K [0x0000000082800000, 0x0000000100000000)
  region size 1024K, 18 young (18432K), 3 survivors (3072K)
 Metaspace       used 41656K, committed 42112K, reserved 1114112K
  class space    used 5466K, committed 5696K, reserved 1048576K
}
Event: 7.143 GC heap after
{Heap after GC invocations=13 (full 0):
 garbage-first heap   total 48128K, used 22437K [0x0000000082800000, 0x0000000100000000)
  region size 1024K, 2 young (2048K), 2 survivors (2048K)
 Metaspace       used 41656K, committed 42112K, reserved 1114112K
  class space    used 5466K, committed 5696K, reserved 1048576K
}
Event: 7.811 GC heap before
{Heap before GC invocations=13 (full 0):
 garbage-first heap   total 48128K, used 37797K [0x0000000082800000, 0x0000000100000000)
  region size 1024K, 17 young (17408K), 2 survivors (2048K)
 Metaspace       used 48806K, committed 49216K, reserved 1114112K
  class space    used 6314K, committed 6528K, reserved 1048576K
}
Event: 7.821 GC heap after
{Heap after GC invocations=14 (full 0):
 garbage-first heap   total 48128K, used 24502K [0x0000000082800000, 0x0000000100000000)
  region size 1024K, 3 young (3072K), 3 survivors (3072K)
 Metaspace       used 48806K, committed 49216K, reserved 1114112K
  class space    used 6314K, committed 6528K, reserved 1048576K
}
Event: 8.571 GC heap before
{Heap before GC invocations=14 (full 0):
 garbage-first heap   total 48128K, used 37814K [0x0000000082800000, 0x0000000100000000)
  region size 1024K, 16 young (16384K), 3 survivors (3072K)
 Metaspace       used 51497K, committed 51968K, reserved 1114112K
  class space    used 6680K, committed 6912K, reserved 1048576K
}
Event: 8.575 GC heap after
{Heap after GC invocations=15 (full 0):
 garbage-first heap   total 48128K, used 25432K [0x0000000082800000, 0x0000000100000000)
  region size 1024K, 2 young (2048K), 2 survivors (2048K)
 Metaspace       used 51497K, committed 51968K, reserved 1114112K
  class space    used 6680K, committed 6912K, reserved 1048576K
}

Deoptimization events (20 events):
Event: 7.989 Thread 0x00000225676ce250 Uncommon trap: trap_request=0xffffffc6 fr.pc=0x0000022554201ed0 relative=0x0000000000001770
Event: 7.989 Thread 0x00000225676ce250 Uncommon trap: reason=bimorphic_or_optimized_type_check action=maybe_recompile pc=0x0000022554201ed0 method=java.util.concurrent.ConcurrentHashMap.putVal(Ljava/lang/Object;Ljava/lang/Object;Z)Ljava/lang/Object; @ 242 c2
Event: 7.989 Thread 0x00000225676ce250 DEOPT PACKING pc=0x0000022554201ed0 sp=0x0000002ecfdfd950
Event: 7.989 Thread 0x00000225676ce250 DEOPT UNPACKING pc=0x0000022553a823a3 sp=0x0000002ecfdfd8d0 mode 2
Event: 7.995 Thread 0x00000225686c3930 DEOPT PACKING pc=0x000002254cdf6886 sp=0x0000002ed07fdde0
Event: 7.995 Thread 0x00000225686c3930 DEOPT UNPACKING pc=0x0000022553a82b43 sp=0x0000002ed07fd260 mode 0
Event: 8.008 Thread 0x00000225676ce250 Uncommon trap: trap_request=0xffffffde fr.pc=0x0000022554201c74 relative=0x0000000000001514
Event: 8.008 Thread 0x00000225676ce250 Uncommon trap: reason=class_check action=maybe_recompile pc=0x0000022554201c74 method=java.util.concurrent.ConcurrentHashMap.putVal(Ljava/lang/Object;Ljava/lang/Object;Z)Ljava/lang/Object; @ 159 c2
Event: 8.008 Thread 0x00000225676ce250 DEOPT PACKING pc=0x0000022554201c74 sp=0x0000002ecfdfdad0
Event: 8.008 Thread 0x00000225676ce250 DEOPT UNPACKING pc=0x0000022553a823a3 sp=0x0000002ecfdfda60 mode 2
Event: 8.127 Thread 0x00000225686c3930 DEOPT PACKING pc=0x000002254cdd38c3 sp=0x0000002ed07fe0d0
Event: 8.127 Thread 0x00000225686c3930 DEOPT UNPACKING pc=0x0000022553a82b43 sp=0x0000002ed07fd558 mode 0
Event: 8.157 Thread 0x00000225676ce250 Uncommon trap: trap_request=0xffffff45 fr.pc=0x000002255400fe38 relative=0x0000000000000178
Event: 8.157 Thread 0x00000225676ce250 Uncommon trap: reason=unstable_if action=reinterpret pc=0x000002255400fe38 method=java.lang.invoke.VarHandle.checkExactAccessMode(Ljava/lang/invoke/VarHandle$AccessDescriptor;)V @ 4 c2
Event: 8.157 Thread 0x00000225676ce250 DEOPT PACKING pc=0x000002255400fe38 sp=0x0000002ecfdfd420
Event: 8.157 Thread 0x00000225676ce250 DEOPT UNPACKING pc=0x0000022553a823a3 sp=0x0000002ecfdfd360 mode 2
Event: 8.280 Thread 0x00000225676ce250 Uncommon trap: trap_request=0xffffff45 fr.pc=0x0000022554286bec relative=0x00000000000000ec
Event: 8.280 Thread 0x00000225676ce250 Uncommon trap: reason=unstable_if action=reinterpret pc=0x0000022554286bec method=java.util.ArrayList.fastRemove([Ljava/lang/Object;I)V @ 19 c2
Event: 8.280 Thread 0x00000225676ce250 DEOPT PACKING pc=0x0000022554286bec sp=0x0000002ecfdfda10
Event: 8.280 Thread 0x00000225676ce250 DEOPT UNPACKING pc=0x0000022553a823a3 sp=0x0000002ecfdfd9d0 mode 2

Classes unloaded (0 events):
No events

Classes redefined (0 events):
No events

Internal exceptions (20 events):
Event: 4.864 Thread 0x00000225676ce250 Exception <a 'java/lang/NoSuchMethodError'{0x0000000087844c30}: 'java.lang.Object java.lang.invoke.DirectMethodHandle$Holder.invokeSpecial(java.lang.Object, java.lang.Object, java.lang.Object, java.lang.Object, int)'> (0x0000000087844c30) 
thrown [s\open\src\hotspot\share\interpreter\linkResolver.cpp, line 759]
Event: 4.864 Thread 0x00000225676ce250 Exception <a 'java/lang/NoSuchMethodError'{0x00000000878487f8}: 'java.lang.Object java.lang.invoke.Invokers$Holder.linkToTargetMethod(java.lang.Object, java.lang.Object, int, java.lang.Object)'> (0x00000000878487f8) 
thrown [s\open\src\hotspot\share\interpreter\linkResolver.cpp, line 759]
Event: 5.190 Thread 0x00000225676ce250 Implicit null exception at 0x0000022554050471 to 0x000002255405060c
Event: 5.230 Thread 0x00000225676ce250 Exception <a 'sun/nio/fs/WindowsException'{0x000000008784e858}> (0x000000008784e858) 
thrown [s\open\src\hotspot\share\prims\jni.cpp, line 516]
Event: 5.234 Thread 0x00000225676ce250 Exception <a 'sun/nio/fs/WindowsException'{0x0000000087854240}> (0x0000000087854240) 
thrown [s\open\src\hotspot\share\prims\jni.cpp, line 516]
Event: 5.235 Thread 0x00000225676ce250 Exception <a 'sun/nio/fs/WindowsException'{0x0000000087854918}> (0x0000000087854918) 
thrown [s\open\src\hotspot\share\prims\jni.cpp, line 516]
Event: 5.293 Thread 0x00000225676ce250 Exception <a 'java/lang/NoSuchMethodError'{0x0000000087782308}: 'java.lang.Object java.lang.invoke.DirectMethodHandle$Holder.invokeSpecial(java.lang.Object, java.lang.Object, long, java.lang.Object, java.lang.Object, java.lang.Object, java.lang.Object, java.lang.Object, java.lang.Object)'> (0x0000000087782308) 
thrown [s\open\src\hotspot\share\interpreter\linkResolver.cpp, line 759]
Event: 5.293 Thread 0x00000225676ce250 Exception <a 'java/lang/NoSuchMethodError'{0x0000000087786e30}: 'java.lang.Object java.lang.invoke.DelegatingMethodHandle$Holder.reinvoke_L(java.lang.Object, long, java.lang.Object, java.lang.Object, java.lang.Object, java.lang.Object, java.lang.Object, java.lang.Object)'> (0x0000000087786e30) 
thrown [s\open\src\hotspot\share\interpreter\linkResolver.cpp, line 759]
Event: 5.347 Thread 0x00000225676ce250 Exception <a 'java/io/FileNotFoundException'{0x00000000876c1240}> (0x00000000876c1240) 
thrown [s\open\src\hotspot\share\prims\jni.cpp, line 516]
Event: 6.030 Thread 0x00000225676ce250 Exception <a 'java/lang/NoSuchMethodError'{0x0000000087682c78}: 'int java.lang.invoke.DirectMethodHandle$Holder.invokeInterface(java.lang.Object, java.lang.Object, java.lang.Object, java.lang.Object)'> (0x0000000087682c78) 
thrown [s\open\src\hotspot\share\interpreter\linkResolver.cpp, line 759]
Event: 6.121 Thread 0x00000225676ce250 Exception <a 'java/lang/NoSuchMethodError'{0x000000008a5290f0}: 'long java.lang.invoke.DirectMethodHandle$Holder.invokeVirtual(java.lang.Object, java.lang.Object)'> (0x000000008a5290f0) 
thrown [s\open\src\hotspot\share\interpreter\linkResolver.cpp, line 759]
Event: 6.127 Thread 0x00000225676ce250 Exception <a 'java/io/FileNotFoundException'{0x000000008a558be0}> (0x000000008a558be0) 
thrown [s\open\src\hotspot\share\prims\jni.cpp, line 516]
Event: 6.214 Thread 0x00000225676ce250 Implicit null exception at 0x000002255423dda8 to 0x000002255423e5d4
Event: 6.220 Thread 0x00000225676ce250 Implicit null exception at 0x000002255423c9a2 to 0x000002255423cfdc
Event: 6.361 Thread 0x00000225676ce250 Implicit null exception at 0x0000022554185a0b to 0x0000022554185d94
Event: 6.367 Thread 0x00000225676ce250 Exception <a 'sun/nio/fs/WindowsException'{0x0000000084c182f0}> (0x0000000084c182f0) 
thrown [s\open\src\hotspot\share\prims\jni.cpp, line 516]
Event: 7.194 Thread 0x00000225676ce250 Exception <a 'java/lang/NoSuchMethodError'{0x0000000087944cf0}: 'int java.lang.invoke.DirectMethodHandle$Holder.invokeStatic(java.lang.Object)'> (0x0000000087944cf0) 
thrown [s\open\src\hotspot\share\interpreter\linkResolver.cpp, line 759]
Event: 7.385 Thread 0x00000225676ce250 Exception <a 'sun/nio/fs/WindowsException'{0x0000000084d1a448}> (0x0000000084d1a448) 
thrown [s\open\src\hotspot\share\prims\jni.cpp, line 516]
Event: 7.397 Thread 0x00000225676ce250 Exception <a 'java/lang/NoSuchMethodError'{0x0000000084d3d310}: 'int java.lang.invoke.DirectMethodHandle$Holder.invokeStaticInit(java.lang.Object, java.lang.Object, java.lang.Object, java.lang.Object)'> (0x0000000084d3d310) 
thrown [s\open\src\hotspot\share\interpreter\linkResolver.cpp, line 759]
Event: 7.941 Thread 0x00000225676ce250 Exception <a 'java/lang/NoSuchMethodError'{0x0000000087893cb8}: 'java.lang.Object java.lang.invoke.DirectMethodHandle$Holder.invokeStaticInit(java.lang.Object, java.lang.Object, java.lang.Object, java.lang.Object)'> (0x0000000087893cb8) 
thrown [s\open\src\hotspot\share\interpreter\linkResolver.cpp, line 759]

VM Operations (20 events):
Event: 7.141 Executing VM operation: G1CollectForAllocation
Event: 7.143 Executing VM operation: G1CollectForAllocation done
Event: 7.350 Executing VM operation: HandshakeAllThreads
Event: 7.350 Executing VM operation: HandshakeAllThreads done
Event: 7.387 Executing VM operation: HandshakeAllThreads
Event: 7.387 Executing VM operation: HandshakeAllThreads done
Event: 7.391 Executing VM operation: HandshakeAllThreads
Event: 7.391 Executing VM operation: HandshakeAllThreads done
Event: 7.458 Executing VM operation: HandshakeAllThreads
Event: 7.458 Executing VM operation: HandshakeAllThreads done
Event: 7.810 Executing VM operation: G1CollectForAllocation
Event: 7.811 Executing VM operation: G1CollectForAllocation done
Event: 7.811 Executing VM operation: G1CollectForAllocation
Event: 7.821 Executing VM operation: G1CollectForAllocation done
Event: 8.571 Executing VM operation: G1CollectForAllocation
Event: 8.579 Executing VM operation: G1CollectForAllocation done
Event: 8.606 Executing VM operation: G1Concurrent
Event: 8.611 Executing VM operation: G1Concurrent done
Event: 8.625 Executing VM operation: G1Concurrent
Event: 8.627 Executing VM operation: G1Concurrent done

Events (20 events):
Event: 7.646 loading class java/util/concurrent/atomic/AtomicReferenceFieldUpdater done
Event: 7.646 loading class java/util/concurrent/atomic/AtomicReferenceFieldUpdater$AtomicReferenceFieldUpdaterImpl
Event: 7.646 loading class java/util/concurrent/atomic/AtomicReferenceFieldUpdater$AtomicReferenceFieldUpdaterImpl done
Event: 7.646 loading class java/util/concurrent/atomic/AtomicReferenceFieldUpdater$AtomicReferenceFieldUpdaterImpl$1
Event: 7.646 loading class java/util/concurrent/atomic/AtomicReferenceFieldUpdater$AtomicReferenceFieldUpdaterImpl$1 done
Event: 7.659 loading class java/util/TimerTask
Event: 7.659 loading class java/util/TimerTask done
Event: 7.752 Thread 0x00000225686c3930 Thread added: 0x00000225686c3930
Event: 7.907 loading class jdk/internal/access/foreign/MemorySegmentProxy
Event: 7.907 loading class jdk/internal/access/foreign/MemorySegmentProxy done
Event: 7.916 loading class java/util/regex/Pattern$1MatcherIterator
Event: 7.916 loading class java/util/regex/Pattern$1MatcherIterator done
Event: 7.940 loading class java/io/CharArrayWriter
Event: 7.940 loading class java/io/CharArrayWriter done
Event: 7.940 loading class java/lang/StringIndexOutOfBoundsException
Event: 7.940 loading class java/lang/StringIndexOutOfBoundsException done
Event: 7.955 loading class jdk/internal/reflect/UnsafeQualifiedStaticIntegerFieldAccessorImpl
Event: 7.958 loading class jdk/internal/reflect/UnsafeQualifiedStaticIntegerFieldAccessorImpl done
Event: 8.521 loading class sun/reflect/generics/repository/FieldRepository
Event: 8.522 loading class sun/reflect/generics/repository/FieldRepository done


Dynamic libraries:
0x00007ff688760000 - 0x00007ff688770000 	C:\Program Files\Java\jdk-17\bin\java.exe
0x00007ffcad090000 - 0x00007ffcad2a7000 	C:\WINDOWS\SYSTEM32\ntdll.dll
0x00007ffcab920000 - 0x00007ffcab9e4000 	C:\WINDOWS\System32\KERNEL32.DLL
0x00007ffcaa570000 - 0x00007ffcaa91d000 	C:\WINDOWS\System32\KERNELBASE.dll
0x00007ffcaa9e0000 - 0x00007ffcaaaf1000 	C:\WINDOWS\System32\ucrtbase.dll
0x00007ffc8ae20000 - 0x00007ffc8ae3b000 	C:\Program Files\Java\jdk-17\bin\VCRUNTIME140.dll
0x00007ffc72f20000 - 0x00007ffc72f39000 	C:\Program Files\Java\jdk-17\bin\jli.dll
0x00007ffcab6b0000 - 0x00007ffcab762000 	C:\WINDOWS\System32\ADVAPI32.dll
0x00007ffcac0f0000 - 0x00007ffcac197000 	C:\WINDOWS\System32\msvcrt.dll
0x00007ffcacd40000 - 0x00007ffcacde9000 	C:\WINDOWS\System32\sechost.dll
0x00007ffcaad90000 - 0x00007ffcaadb8000 	C:\WINDOWS\System32\bcrypt.dll
0x00007ffcab770000 - 0x00007ffcab884000 	C:\WINDOWS\System32\RPCRT4.dll
0x00007ffcacdf0000 - 0x00007ffcacf9e000 	C:\WINDOWS\System32\USER32.dll
0x00007ffcaa3b0000 - 0x00007ffcaa3d6000 	C:\WINDOWS\System32\win32u.dll
0x00007ffc93b90000 - 0x00007ffc93e23000 	C:\WINDOWS\WinSxS\amd64_microsoft.windows.common-controls_6595b64144ccf1df_6.0.22621.3672_none_2713b9d173822955\COMCTL32.dll
0x00007ffcacfa0000 - 0x00007ffcacfc9000 	C:\WINDOWS\System32\GDI32.dll
0x00007ffcaac70000 - 0x00007ffcaad89000 	C:\WINDOWS\System32\gdi32full.dll
0x00007ffcaa3e0000 - 0x00007ffcaa47a000 	C:\WINDOWS\System32\msvcp_win.dll
0x00007ffca3100000 - 0x00007ffca310a000 	C:\WINDOWS\SYSTEM32\VERSION.dll
0x00007ffcac060000 - 0x00007ffcac091000 	C:\WINDOWS\System32\IMM32.DLL
0x00007ffc99c90000 - 0x00007ffc99c9c000 	C:\Program Files\Java\jdk-17\bin\vcruntime140_1.dll
0x00007ffc63e00000 - 0x00007ffc63e8e000 	C:\Program Files\Java\jdk-17\bin\msvcp140.dll
0x00007ffc3e580000 - 0x00007ffc3f161000 	C:\Program Files\Java\jdk-17\bin\server\jvm.dll
0x00007ffcac050000 - 0x00007ffcac058000 	C:\WINDOWS\System32\PSAPI.DLL
0x00007ffca4c80000 - 0x00007ffca4cb4000 	C:\WINDOWS\SYSTEM32\WINMM.dll
0x00007ffc91f90000 - 0x00007ffc91f99000 	C:\WINDOWS\SYSTEM32\WSOCK32.dll
0x00007ffcab630000 - 0x00007ffcab6a1000 	C:\WINDOWS\System32\WS2_32.dll
0x00007ffca94d0000 - 0x00007ffca94e8000 	C:\WINDOWS\SYSTEM32\kernel.appcore.dll
0x00007ffc98b70000 - 0x00007ffc98b7a000 	C:\Program Files\Java\jdk-17\bin\jimage.dll
0x00007ffca7980000 - 0x00007ffca7bb2000 	C:\WINDOWS\SYSTEM32\DBGHELP.DLL
0x00007ffcac250000 - 0x00007ffcac5dd000 	C:\WINDOWS\System32\combase.dll
0x00007ffcacba0000 - 0x00007ffcacc77000 	C:\WINDOWS\System32\OLEAUT32.dll
0x00007ffc920f0000 - 0x00007ffc92122000 	C:\WINDOWS\SYSTEM32\dbgcore.DLL
0x00007ffcaa4f0000 - 0x00007ffcaa56b000 	C:\WINDOWS\System32\bcryptPrimitives.dll
0x00007ffc71cd0000 - 0x00007ffc71cf5000 	C:\Program Files\Java\jdk-17\bin\java.dll
0x00007ffc483a0000 - 0x00007ffc48477000 	C:\Program Files\Java\jdk-17\bin\jsvml.dll
0x00007ffcaadc0000 - 0x00007ffcab628000 	C:\WINDOWS\System32\SHELL32.dll
0x00007ffca8310000 - 0x00007ffca8c0e000 	C:\WINDOWS\SYSTEM32\windows.storage.dll
0x00007ffca81d0000 - 0x00007ffca830f000 	C:\WINDOWS\SYSTEM32\wintypes.dll
0x00007ffcacaa0000 - 0x00007ffcacb99000 	C:\WINDOWS\System32\SHCORE.dll
0x00007ffcacce0000 - 0x00007ffcacd3e000 	C:\WINDOWS\System32\shlwapi.dll
0x00007ffcaa2e0000 - 0x00007ffcaa301000 	C:\WINDOWS\SYSTEM32\profapi.dll
0x00007ffc72db0000 - 0x00007ffc72dc9000 	C:\Program Files\Java\jdk-17\bin\net.dll
0x00007ffca6470000 - 0x00007ffca65a6000 	C:\WINDOWS\SYSTEM32\WINHTTP.dll
0x00007ffca9940000 - 0x00007ffca99a9000 	C:\WINDOWS\system32\mswsock.dll
0x00007ffc71ea0000 - 0x00007ffc71eb6000 	C:\Program Files\Java\jdk-17\bin\nio.dll
0x00007ffc71cb0000 - 0x00007ffc71cc8000 	C:\Program Files\Java\jdk-17\bin\zip.dll
0x00007ffc98030000 - 0x00007ffc9803a000 	C:\Program Files\Java\jdk-17\bin\management.dll
0x00007ffc96c50000 - 0x00007ffc96c5b000 	C:\Program Files\Java\jdk-17\bin\management_ext.dll
0x00007ffc920b0000 - 0x00007ffc920c7000 	C:\WINDOWS\system32\napinsp.dll
0x00007ffc920d0000 - 0x00007ffc920eb000 	C:\WINDOWS\system32\pnrpnsp.dll
0x00007ffca8f50000 - 0x00007ffca9048000 	C:\WINDOWS\SYSTEM32\DNSAPI.dll
0x00007ffca8f20000 - 0x00007ffca8f4d000 	C:\WINDOWS\SYSTEM32\IPHLPAPI.DLL
0x00007ffcaca60000 - 0x00007ffcaca69000 	C:\WINDOWS\System32\NSI.dll
0x00007ffc92130000 - 0x00007ffc92141000 	C:\WINDOWS\System32\winrnr.dll
0x00007ffc92bd0000 - 0x00007ffc92be5000 	C:\WINDOWS\system32\wshbth.dll
0x00007ffc92150000 - 0x00007ffc92177000 	C:\WINDOWS\system32\nlansp_c.dll
0x00007ffca3530000 - 0x00007ffca353a000 	C:\Windows\System32\rasadhlp.dll
0x00007ffca5e10000 - 0x00007ffca5e93000 	C:\WINDOWS\System32\fwpuclnt.dll
0x00007ffca9bb0000 - 0x00007ffca9bcb000 	C:\WINDOWS\SYSTEM32\CRYPTSP.dll
0x00007ffca9430000 - 0x00007ffca9465000 	C:\WINDOWS\system32\rsaenh.dll
0x00007ffca9a40000 - 0x00007ffca9a68000 	C:\WINDOWS\SYSTEM32\USERENV.dll
0x00007ffca9ba0000 - 0x00007ffca9bac000 	C:\WINDOWS\SYSTEM32\CRYPTBASE.dll
0x00007ffca6370000 - 0x00007ffca6389000 	C:\WINDOWS\SYSTEM32\dhcpcsvc6.DLL
0x00007ffca62a0000 - 0x00007ffca62bf000 	C:\WINDOWS\SYSTEM32\dhcpcsvc.DLL
0x00007ffc95490000 - 0x00007ffc9549e000 	C:\Program Files\Java\jdk-17\bin\sunmscapi.dll
0x00007ffcaab00000 - 0x00007ffcaac67000 	C:\WINDOWS\System32\CRYPT32.dll
0x00007ffca9d40000 - 0x00007ffca9d6e000 	C:\WINDOWS\SYSTEM32\ncrypt.dll
0x00007ffca9d00000 - 0x00007ffca9d37000 	C:\WINDOWS\SYSTEM32\NTASN1.dll
0x00007ffc95270000 - 0x00007ffc95280000 	C:\Program Files\Java\jdk-17\bin\verify.dll

dbghelp: loaded successfully - version: 4.0.5 - missing functions: none
symbol engine: initialized successfully - sym options: 0x614 - pdb path: .;C:\Program Files\Java\jdk-17\bin;C:\WINDOWS\SYSTEM32;C:\WINDOWS\WinSxS\amd64_microsoft.windows.common-controls_6595b64144ccf1df_6.0.22621.3672_none_2713b9d173822955;C:\Program Files\Java\jdk-17\bin\server

VM Arguments:
jvm_args: -Dcom.sun.management.jmxremote -Dcom.sun.management.jmxremote.port=58586 -Dcom.sun.management.jmxremote.authenticate=false -Dcom.sun.management.jmxremote.ssl=false -Dspring.jmx.enabled=true -Djava.rmi.server.hostname=localhost -Dspring.application.admin.enabled=true -Dspring.boot.project.name=laptopshop -XX:+ShowCodeDetailsInExceptionMessages 
java_command: vn.Spring.laptopshop.LaptopshopApplication
java_class_path (initial): C:\Users\trand\01-java-spring-laptopshop-starter\target\classes;C:\Users\trand\.m2\repository\org\springframework\boot\spring-boot-starter\3.2.2\spring-boot-starter-3.2.2.jar;C:\Users\trand\.m2\repository\org\springframework\boot\spring-boot\3.2.2\spring-boot-3.2.2.jar;C:\Users\trand\.m2\repository\org\springframework\spring-context\6.1.3\spring-context-6.1.3.jar;C:\Users\trand\.m2\repository\org\springframework\boot\spring-boot-autoconfigure\3.2.2\spring-boot-autoconfigure-3.2.2.jar;C:\Users\trand\.m2\repository\org\springframework\boot\spring-boot-starter-logging\3.2.2\spring-boot-starter-logging-3.2.2.jar;C:\Users\trand\.m2\repository\ch\qos\logback\logback-classic\1.4.14\logback-classic-1.4.14.jar;C:\Users\trand\.m2\repository\ch\qos\logback\logback-core\1.4.14\logback-core-1.4.14.jar;C:\Users\trand\.m2\repository\org\apache\logging\log4j\log4j-to-slf4j\2.21.1\log4j-to-slf4j-2.21.1.jar;C:\Users\trand\.m2\repository\org\apache\logging\log4j\log4j-api\2.21.1\log4j-api-2.21.1.jar;C:\Users\trand\.m2\repository\org\slf4j\jul-to-slf4j\2.0.11\jul-to-slf4j-2.0.11.jar;C:\Users\trand\.m2\repository\jakarta\annotation\jakarta.annotation-api\2.1.1\jakarta.annotation-api-2.1.1.jar;C:\Users\trand\.m2\repository\org\springframework\spring-core\6.1.3\spring-core-6.1.3.jar;C:\Users\trand\.m2\repository\org\springframework\spring-jcl\6.1.3\spring-jcl-6.1.3.jar;C:\Users\trand\.m2\repository\org\yaml\snakeyaml\2.2\snakeyaml-2.2.jar;C:\Users\trand\.m2\repository\org\slf4j\slf4j-api\2.0.11\slf4j-api-2.0.11.jar;C:\Users\trand\.m2\repository\jakarta\xml\bind\jakarta.xml.bind-api\4.0.1\jakarta.xml.bind-api-4.0.1.jar;C:\Users\trand\.m2\repository\jakarta\activation\jakarta.activation-api\2.1.2\jakarta.activation-api-2.1.2.jar;C:\Users\trand\.m2\repository\net\bytebuddy\byte-buddy\1.14.11\byte-buddy-1.14.11.jar;C:\Users\trand\.m2\repository\org\springframework\boot\spring-boot-starter-web\3.2.2\spring-boot-starter-web-3.2.2.jar;C:\Users\trand\.m2\repository\or
Launcher Type: SUN_STANDARD

[Global flags]
     intx CICompilerCount                          = 4                                         {product} {ergonomic}
     uint ConcGCThreads                            = 2                                         {product} {ergonomic}
     uint G1ConcRefinementThreads                  = 8                                         {product} {ergonomic}
   size_t G1HeapRegionSize                         = 1048576                                   {product} {ergonomic}
    uintx GCDrainStackTargetSize                   = 64                                        {product} {ergonomic}
   size_t InitialHeapSize                          = 132120576                                 {product} {ergonomic}
     bool ManagementServer                         = true                                      {product} {command line}
   size_t MarkStackSize                            = 4194304                                   {product} {ergonomic}
   size_t MaxHeapSize                              = 2105540608                                {product} {ergonomic}
   size_t MaxNewSize                               = 1262485504                                {product} {ergonomic}
   size_t MinHeapDeltaBytes                        = 1048576                                   {product} {ergonomic}
   size_t MinHeapSize                              = 8388608                                   {product} {ergonomic}
    uintx NonNMethodCodeHeapSize                   = 5839372                                {pd product} {ergonomic}
    uintx NonProfiledCodeHeapSize                  = 122909434                              {pd product} {ergonomic}
    uintx ProfiledCodeHeapSize                     = 122909434                              {pd product} {ergonomic}
    uintx ReservedCodeCacheSize                    = 251658240                              {pd product} {ergonomic}
     bool SegmentedCodeCache                       = true                                      {product} {ergonomic}
     bool ShowCodeDetailsInExceptionMessages       = true                                   {manageable} {command line}
   size_t SoftMaxHeapSize                          = 2105540608                             {manageable} {ergonomic}
     bool UseCompressedClassPointers               = true                           {product lp64_product} {ergonomic}
     bool UseCompressedOops                        = true                           {product lp64_product} {ergonomic}
     bool UseG1GC                                  = true                                      {product} {ergonomic}
     bool UseLargePagesIndividualAllocation        = false                                  {pd product} {ergonomic}

Logging:
Log output configuration:
 #0: stdout all=warning uptime,level,tags
 #1: stderr all=off uptime,level,tags

Environment Variables:
JAVA_HOME=C:\Program Files\Java\jdk-17
PATH=C:\Program Files\Microsoft MPI\Bin\;C:\Program Files\Common Files\Oracle\Java\javapath;C:\oraclexe\app\oracle\product\11.2.0\server\bin;C:\oraclexe\app\oracle\product\11.2.0\server\bin;C:\oraclexe\app\oracle\product\11.2.0\server\bin;C:\Program Files\Microsoft\jdk-11.0.16.101-hotspot\bin;C:\Windows\system32;C:\Windows;C:\Windows\System32\Wbem;C:\Windows\System32\WindowsPowerShell\v1.0\;C:\Windows\System32\OpenSSH\;C:\Program Files (x86)\NVIDIA Corporation\PhysX\Common;C:\Program Files\NVIDIA Corporation\NVIDIA NvDLISR;C:\WINDOWS\system32;C:\WINDOWS;C:\WINDOWS\System32\Wbem;C:\WINDOWS\System32\WindowsPowerShell\v1.0\;C:\WINDOWS\System32\OpenSSH\;C:\Program Files\Microsoft SQL Server\150\Tools\Binn\;C:\Program Files\Microsoft SQL Server\Client SDK\ODBC\170\Tools\Binn\;C:\Program Files\nodejs\;C:\ProgramData\Microsoft\Windows\Start Menu\Programs\Git;Control Panel\Programs\Programs and Features;C:\Program Files\Git\cmd;C:\xampp\php;C:\ProgramData\ComposerSetup\bin;C:\Program Files\MongoDB\mongosh-2.2.5-win32-x64\bin;C:\Program Files (x86)\Microsoft SQL Server\160\Tools\Binn\;C:\Program Files\Microsoft SQL Server\160\Tools\Binn\;C:\Program Files\Microsoft SQL Server\160\DTS\Binn\;C:\Program Files (x86)\Microsoft SQL Server\160\DTS\Binn\;C:\Program Files\Java\jdk-22\bin;C:\Program Files\MySQL\MySQL Shell 8.0\bin\;C:\Users\trand\AppData\Local\Microsoft\WindowsApps;;C:\Users\trand\AppData\Local\Programs\Microsoft VS Code\bin;C:\Users\trand\AppData\Roaming\npm;C:\Users\trand\AppData\Roaming\Composer\vendor\bin
USERNAME=trand
LANG=en_US.UTF-8
OS=Windows_NT
PROCESSOR_IDENTIFIER=Intel64 Family 6 Model 165 Stepping 2, GenuineIntel



---------------  S Y S T E M  ---------------

OS:
 Windows 11 , 64 bit Build 22621 (10.0.22621.3958)
OS uptime: 9 days 4:36 hours

CPU: total 8 (initial active 8) (4 cores per cpu, 2 threads per core) family 6 model 165 stepping 2 microcode 0xe0, cx8, cmov, fxsr, ht, mmx, 3dnowpref, sse, sse2, sse3, ssse3, sse4.1, sse4.2, popcnt, lzcnt, tsc, tscinvbit, avx, avx2, aes, erms, clmul, bmi1, bmi2, adx, fma, vzeroupper, clflush, clflushopt

Memory: 4k page, system-wide physical 8029M (713M free)
TotalPageFile size 32605M (AvailPageFile size 23M)
current process WorkingSet (physical memory assigned to process): 211M, peak: 237M
current process commit charge ("private bytes"): 249M, peak: 277M

vm_info: Java HotSpot(TM) 64-Bit Server VM (17.0.9+11-LTS-201) for windows-amd64 JRE (17.0.9+11-LTS-201), built on Oct 10 2023 23:16:06 by "mach5one" with MS VC++ 17.1 (VS2022)

END.
