#
# There is insufficient memory for the Java Runtime Environment to continue.
# Native memory allocation (malloc) failed to allocate 803104 bytes for Chunk::new
# Possible reasons:
#   The system is out of physical RAM or swap space
#   The process is running with CompressedOops enabled, and the Java Heap may be blocking the growth of the native heap
# Possible solutions:
#   Reduce memory load on the system
#   Increase physical memory or swap space
#   Check if swap backing store is full
#   Decrease Java heap size (-Xmx/-Xms)
#   Decrease number of Java threads
#   Decrease Java thread stack sizes (-Xss)
#   Set larger code cache with -XX:ReservedCodeCacheSize=
#   JVM is running with Unscaled Compressed Oops mode in which the Java heap is
#     placed in the first 4GB address space. The Java Heap base address is the
#     maximum limit for the native heap growth. Please use -XX:HeapBaseMinAddress
#     to set the Java Heap base and to place the Java Heap above 4GB virtual address.
# This output file may be truncated or incomplete.
#
#  Out of Memory Error (arena.cpp:189), pid=12676, tid=57568
#
# JRE version: Java(TM) SE Runtime Environment (17.0.9+11) (build 17.0.9+11-LTS-201)
# Java VM: Java HotSpot(TM) 64-Bit Server VM (17.0.9+11-LTS-201, mixed mode, sharing, tiered, compressed oops, compressed class ptrs, g1 gc, windows-amd64)
# No core dump will be written. Minidumps are not enabled by default on client versions of Windows
#

---------------  S U M M A R Y ------------

Command Line: -Dcom.sun.management.jmxremote -Dcom.sun.management.jmxremote.port=58586 -Dcom.sun.management.jmxremote.authenticate=false -Dcom.sun.management.jmxremote.ssl=false -Dspring.jmx.enabled=true -Djava.rmi.server.hostname=localhost -Dspring.application.admin.enabled=true -Dspring.boot.project.name=laptopshop -XX:+ShowCodeDetailsInExceptionMessages vn.Spring.laptopshop.LaptopshopApplication

Host: Intel(R) Core(TM) i5-10300H CPU @ 2.50GHz, 8 cores, 7G,  Windows 11 , 64 bit Build 22621 (10.0.22621.3958)
Time: Sat Aug 31 01:35:27 2024 SE Asia Standard Time elapsed time: 2.470994 seconds (0d 0h 0m 2s)

---------------  T H R E A D  ---------------

Current thread (0x00000249ed2d3640):  JavaThread "C2 CompilerThread0" daemon [_thread_in_native, id=57568, stack(0x000000bddf700000,0x000000bddf800000)]


Current CompileTask:
C2:   2471 2034       4       jdk.internal.org.objectweb.asm.Frame::execute (2305 bytes)

Stack: [0x000000bddf700000,0x000000bddf800000]
Native frames: (J=compiled Java code, j=interpreted, Vv=VM code, C=native code)
V  [jvm.dll+0x678a4a]
V  [jvm.dll+0x7d9cfd]
V  [jvm.dll+0x7db60e]
V  [jvm.dll+0x7dbc73]
V  [jvm.dll+0x245e1f]
V  [jvm.dll+0xaaafb]
V  [jvm.dll+0xab09c]
V  [jvm.dll+0x36237e]
V  [jvm.dll+0x1bb7c5]
V  [jvm.dll+0x218287]
V  [jvm.dll+0x217561]
V  [jvm.dll+0x1a3bc0]
V  [jvm.dll+0x2272de]
V  [jvm.dll+0x22548b]
V  [jvm.dll+0x78f58c]
V  [jvm.dll+0x78998a]
V  [jvm.dll+0x677875]
C  [ucrtbase.dll+0x29333]
C  [KERNEL32.DLL+0x1257d]
C  [ntdll.dll+0x5af28]


---------------  P R O C E S S  ---------------

Threads class SMR info:
_java_thread_list=0x00000249f2cd7190, length=18, elements={
0x00000249cd20e0f0, 0x00000249ed2a8c00, 0x00000249ed2a9a80, 0x00000249ed2c0a10,
0x00000249ed2c15d0, 0x00000249ed2c3fa0, 0x00000249ed2c4f70, 0x00000249ed2d3640,
0x00000249ed2d5050, 0x00000249ed2e45a0, 0x00000249ed4f2770, 0x00000249ed566fd0,
0x00000249f2288470, 0x00000249f22ac040, 0x00000249f22535e0, 0x00000249f276b3e0,
0x00000249f282f1f0, 0x00000249f2894de0
}

Java Threads: ( => current thread )
  0x00000249cd20e0f0 JavaThread "main" [_thread_blocked, id=46440, stack(0x000000bddea00000,0x000000bddeb00000)]
  0x00000249ed2a8c00 JavaThread "Reference Handler" daemon [_thread_blocked, id=58232, stack(0x000000bddf100000,0x000000bddf200000)]
  0x00000249ed2a9a80 JavaThread "Finalizer" daemon [_thread_blocked, id=60968, stack(0x000000bddf200000,0x000000bddf300000)]
  0x00000249ed2c0a10 JavaThread "Signal Dispatcher" daemon [_thread_blocked, id=57244, stack(0x000000bddf300000,0x000000bddf400000)]
  0x00000249ed2c15d0 JavaThread "Attach Listener" daemon [_thread_blocked, id=15344, stack(0x000000bddf400000,0x000000bddf500000)]
  0x00000249ed2c3fa0 JavaThread "Service Thread" daemon [_thread_blocked, id=46524, stack(0x000000bddf500000,0x000000bddf600000)]
  0x00000249ed2c4f70 JavaThread "Monitor Deflation Thread" daemon [_thread_blocked, id=59756, stack(0x000000bddf600000,0x000000bddf700000)]
=>0x00000249ed2d3640 JavaThread "C2 CompilerThread0" daemon [_thread_in_native, id=57568, stack(0x000000bddf700000,0x000000bddf800000)]
  0x00000249ed2d5050 JavaThread "C1 CompilerThread0" daemon [_thread_blocked, id=56244, stack(0x000000bddf800000,0x000000bddf900000)]
  0x00000249ed2e45a0 JavaThread "Sweeper thread" daemon [_thread_blocked, id=57468, stack(0x000000bddf900000,0x000000bddfa00000)]
  0x00000249ed4f2770 JavaThread "Common-Cleaner" daemon [_thread_blocked, id=59884, stack(0x000000bddfa00000,0x000000bddfb00000)]
  0x00000249ed566fd0 JavaThread "Notification Thread" daemon [_thread_blocked, id=60016, stack(0x000000bddfb00000,0x000000bddfc00000)]
  0x00000249f2288470 JavaThread "RMI TCP Accept-0" daemon [_thread_in_native, id=57516, stack(0x000000bddfc00000,0x000000bddfd00000)]
  0x00000249f22ac040 JavaThread "RMI TCP Accept-58586" daemon [_thread_in_native, id=51180, stack(0x000000bddfd00000,0x000000bddfe00000)]
  0x00000249f22535e0 JavaThread "RMI TCP Accept-0" daemon [_thread_in_native, id=59620, stack(0x000000bddfe00000,0x000000bddff00000)]
  0x00000249f276b3e0 JavaThread "Thread-0" [_thread_blocked, id=57016, stack(0x000000bde0700000,0x000000bde0800000)]
  0x00000249f282f1f0 JavaThread "restartedMain" [_thread_in_Java, id=25028, stack(0x000000bde0800000,0x000000bde0900000)]
  0x00000249f2894de0 JavaThread "background-preinit" [_thread_blocked, id=55336, stack(0x000000bde0900000,0x000000bde0a00000)]

Other Threads:
  0x00000249ed2a3ff0 VMThread "VM Thread" [stack: 0x000000bddf000000,0x000000bddf100000] [id=60252]
  0x00000249cd2e2990 WatcherThread [stack: 0x000000bddff00000,0x000000bde0000000] [id=57972]
  0x00000249cd2bd150 GCTaskThread "GC Thread#0" [stack: 0x000000bddeb00000,0x000000bddec00000] [id=27728]
  0x00000249f2505f00 GCTaskThread "GC Thread#1" [stack: 0x000000bde0000000,0x000000bde0100000] [id=51248]
  0x00000249f27e9030 GCTaskThread "GC Thread#2" [stack: 0x000000bde0100000,0x000000bde0200000] [id=31624]
  0x00000249f281fdb0 GCTaskThread "GC Thread#3" [stack: 0x000000bde0200000,0x000000bde0300000] [id=60076]
  0x00000249f28c1270 GCTaskThread "GC Thread#4" [stack: 0x000000bde0300000,0x000000bde0400000] [id=61024]
  0x00000249f28c1530 GCTaskThread "GC Thread#5" [stack: 0x000000bde0400000,0x000000bde0500000] [id=59388]
  0x00000249f28c17f0 GCTaskThread "GC Thread#6" [stack: 0x000000bde0500000,0x000000bde0600000] [id=18868]
  0x00000249f29e9d90 GCTaskThread "GC Thread#7" [stack: 0x000000bde0a00000,0x000000bde0b00000] [id=60592]
  0x00000249cd2cdba0 ConcurrentGCThread "G1 Main Marker" [stack: 0x000000bddec00000,0x000000bdded00000] [id=11320]
  0x00000249cd2ced50 ConcurrentGCThread "G1 Conc#0" [stack: 0x000000bdded00000,0x000000bddee00000] [id=57004]
  0x00000249cd30e950 ConcurrentGCThread "G1 Refine#0" [stack: 0x000000bddee00000,0x000000bddef00000] [id=44092]
  0x00000249f2832d00 ConcurrentGCThread "G1 Refine#1" [stack: 0x000000bde0600000,0x000000bde0700000] [id=43684]
  0x00000249ed1584e0 ConcurrentGCThread "G1 Service" [stack: 0x000000bddef00000,0x000000bddf000000] [id=10872]

Threads with active compile tasks:
C2 CompilerThread0     2522 2034       4       jdk.internal.org.objectweb.asm.Frame::execute (2305 bytes)

VM state: not at safepoint (normal execution)

VM Mutex/Monitor currently owned by a thread: None

Heap address: 0x0000000082800000, size: 2008 MB, Compressed Oops mode: 32-bit

CDS archive(s) mapped at: [0x0000024980000000-0x0000024980bd0000-0x0000024980bd0000), size 12386304, SharedBaseAddress: 0x0000024980000000, ArchiveRelocationMode: 1.
Compressed class space mapped at: 0x0000024981000000-0x00000249c1000000, reserved size: 1073741824
Narrow klass base: 0x0000024980000000, Narrow klass shift: 0, Narrow klass range: 0x100000000

GC Precious Log:
 CPUs: 8 total, 8 available
 Memory: 8029M
 Large Page Support: Disabled
 NUMA Support: Disabled
 Compressed Oops: Enabled (32-bit)
 Heap Region Size: 1M
 Heap Min Capacity: 8M
 Heap Initial Capacity: 126M
 Heap Max Capacity: 2008M
 Pre-touch: Disabled
 Parallel Workers: 8
 Concurrent Workers: 2
 Concurrent Refinement Workers: 8
 Periodic GC: Disabled

Heap:
 garbage-first heap   total 129024K, used 37215K [0x0000000082800000, 0x0000000100000000)
  region size 1024K, 31 young (31744K), 2 survivors (2048K)
 Metaspace       used 19624K, committed 19840K, reserved 1114112K
  class space    used 2472K, committed 2560K, reserved 1048576K

Heap Regions: E=young(eden), S=young(survivor), O=old, HS=humongous(starts), HC=humongous(continues), CS=collection set, F=free, OA=open archive, CA=closed archive, TAMS=top-at-mark-start (previous, next)
|   0|0x0000000082800000, 0x0000000082900000, 0x0000000082900000|100%|HS|  |TAMS 0x0000000082800000, 0x0000000082800000| Complete 
|   1|0x0000000082900000, 0x0000000082a00000, 0x0000000082a00000|100%| O|  |TAMS 0x0000000082900000, 0x0000000082900000| Untracked 
|   2|0x0000000082a00000, 0x0000000082b00000, 0x0000000082b00000|100%| O|  |TAMS 0x0000000082a00000, 0x0000000082a00000| Untracked 
|   3|0x0000000082b00000, 0x0000000082c00000, 0x0000000082c00000|100%| O|  |TAMS 0x0000000082b00000, 0x0000000082b00000| Untracked 
|   4|0x0000000082c00000, 0x0000000082d00000, 0x0000000082d00000|100%| O|  |TAMS 0x0000000082c00000, 0x0000000082c00000| Untracked 
|   5|0x0000000082d00000, 0x0000000082e00000, 0x0000000082e00000|100%| O|  |TAMS 0x0000000082d00000, 0x0000000082d00000| Untracked 
|   6|0x0000000082e00000, 0x0000000082f00000, 0x0000000082f00000|100%| O|  |TAMS 0x0000000082e00000, 0x0000000082e00000| Untracked 
|   7|0x0000000082f00000, 0x0000000082fb9600, 0x0000000083000000| 72%| O|  |TAMS 0x0000000082f00000, 0x0000000082f00000| Untracked 
|   8|0x0000000083000000, 0x0000000083000000, 0x0000000083100000|  0%| F|  |TAMS 0x0000000083000000, 0x0000000083000000| Untracked 
|   9|0x0000000083100000, 0x0000000083100000, 0x0000000083200000|  0%| F|  |TAMS 0x0000000083100000, 0x0000000083100000| Untracked 
|  10|0x0000000083200000, 0x0000000083200000, 0x0000000083300000|  0%| F|  |TAMS 0x0000000083200000, 0x0000000083200000| Untracked 
|  11|0x0000000083300000, 0x0000000083300000, 0x0000000083400000|  0%| F|  |TAMS 0x0000000083300000, 0x0000000083300000| Untracked 
|  12|0x0000000083400000, 0x0000000083400000, 0x0000000083500000|  0%| F|  |TAMS 0x0000000083400000, 0x0000000083400000| Untracked 
|  13|0x0000000083500000, 0x0000000083500000, 0x0000000083600000|  0%| F|  |TAMS 0x0000000083500000, 0x0000000083500000| Untracked 
|  14|0x0000000083600000, 0x0000000083600000, 0x0000000083700000|  0%| F|  |TAMS 0x0000000083600000, 0x0000000083600000| Untracked 
|  15|0x0000000083700000, 0x0000000083700000, 0x0000000083800000|  0%| F|  |TAMS 0x0000000083700000, 0x0000000083700000| Untracked 
|  16|0x0000000083800000, 0x0000000083800000, 0x0000000083900000|  0%| F|  |TAMS 0x0000000083800000, 0x0000000083800000| Untracked 
|  17|0x0000000083900000, 0x0000000083900000, 0x0000000083a00000|  0%| F|  |TAMS 0x0000000083900000, 0x0000000083900000| Untracked 
|  18|0x0000000083a00000, 0x0000000083a00000, 0x0000000083b00000|  0%| F|  |TAMS 0x0000000083a00000, 0x0000000083a00000| Untracked 
|  19|0x0000000083b00000, 0x0000000083b00000, 0x0000000083c00000|  0%| F|  |TAMS 0x0000000083b00000, 0x0000000083b00000| Untracked 
|  20|0x0000000083c00000, 0x0000000083c00000, 0x0000000083d00000|  0%| F|  |TAMS 0x0000000083c00000, 0x0000000083c00000| Untracked 
|  21|0x0000000083d00000, 0x0000000083d00000, 0x0000000083e00000|  0%| F|  |TAMS 0x0000000083d00000, 0x0000000083d00000| Untracked 
|  22|0x0000000083e00000, 0x0000000083e00000, 0x0000000083f00000|  0%| F|  |TAMS 0x0000000083e00000, 0x0000000083e00000| Untracked 
|  23|0x0000000083f00000, 0x0000000083f00000, 0x0000000084000000|  0%| F|  |TAMS 0x0000000083f00000, 0x0000000083f00000| Untracked 
|  24|0x0000000084000000, 0x0000000084000000, 0x0000000084100000|  0%| F|  |TAMS 0x0000000084000000, 0x0000000084000000| Untracked 
|  25|0x0000000084100000, 0x0000000084100000, 0x0000000084200000|  0%| F|  |TAMS 0x0000000084100000, 0x0000000084100000| Untracked 
|  26|0x0000000084200000, 0x0000000084200000, 0x0000000084300000|  0%| F|  |TAMS 0x0000000084200000, 0x0000000084200000| Untracked 
|  27|0x0000000084300000, 0x0000000084300000, 0x0000000084400000|  0%| F|  |TAMS 0x0000000084300000, 0x0000000084300000| Untracked 
|  28|0x0000000084400000, 0x0000000084400000, 0x0000000084500000|  0%| F|  |TAMS 0x0000000084400000, 0x0000000084400000| Untracked 
|  29|0x0000000084500000, 0x0000000084500000, 0x0000000084600000|  0%| F|  |TAMS 0x0000000084500000, 0x0000000084500000| Untracked 
|  30|0x0000000084600000, 0x0000000084600000, 0x0000000084700000|  0%| F|  |TAMS 0x0000000084600000, 0x0000000084600000| Untracked 
|  31|0x0000000084700000, 0x0000000084700000, 0x0000000084800000|  0%| F|  |TAMS 0x0000000084700000, 0x0000000084700000| Untracked 
|  32|0x0000000084800000, 0x0000000084800000, 0x0000000084900000|  0%| F|  |TAMS 0x0000000084800000, 0x0000000084800000| Untracked 
|  33|0x0000000084900000, 0x0000000084900000, 0x0000000084a00000|  0%| F|  |TAMS 0x0000000084900000, 0x0000000084900000| Untracked 
|  34|0x0000000084a00000, 0x0000000084a00000, 0x0000000084b00000|  0%| F|  |TAMS 0x0000000084a00000, 0x0000000084a00000| Untracked 
|  35|0x0000000084b00000, 0x0000000084b00000, 0x0000000084c00000|  0%| F|  |TAMS 0x0000000084b00000, 0x0000000084b00000| Untracked 
|  36|0x0000000084c00000, 0x0000000084c00000, 0x0000000084d00000|  0%| F|  |TAMS 0x0000000084c00000, 0x0000000084c00000| Untracked 
|  37|0x0000000084d00000, 0x0000000084d00000, 0x0000000084e00000|  0%| F|  |TAMS 0x0000000084d00000, 0x0000000084d00000| Untracked 
|  38|0x0000000084e00000, 0x0000000084e00000, 0x0000000084f00000|  0%| F|  |TAMS 0x0000000084e00000, 0x0000000084e00000| Untracked 
|  39|0x0000000084f00000, 0x0000000084f00000, 0x0000000085000000|  0%| F|  |TAMS 0x0000000084f00000, 0x0000000084f00000| Untracked 
|  40|0x0000000085000000, 0x0000000085000000, 0x0000000085100000|  0%| F|  |TAMS 0x0000000085000000, 0x0000000085000000| Untracked 
|  41|0x0000000085100000, 0x0000000085100000, 0x0000000085200000|  0%| F|  |TAMS 0x0000000085100000, 0x0000000085100000| Untracked 
|  42|0x0000000085200000, 0x0000000085200000, 0x0000000085300000|  0%| F|  |TAMS 0x0000000085200000, 0x0000000085200000| Untracked 
|  43|0x0000000085300000, 0x0000000085300000, 0x0000000085400000|  0%| F|  |TAMS 0x0000000085300000, 0x0000000085300000| Untracked 
|  44|0x0000000085400000, 0x0000000085400000, 0x0000000085500000|  0%| F|  |TAMS 0x0000000085400000, 0x0000000085400000| Untracked 
|  45|0x0000000085500000, 0x0000000085500000, 0x0000000085600000|  0%| F|  |TAMS 0x0000000085500000, 0x0000000085500000| Untracked 
|  46|0x0000000085600000, 0x0000000085600000, 0x0000000085700000|  0%| F|  |TAMS 0x0000000085600000, 0x0000000085600000| Untracked 
|  47|0x0000000085700000, 0x0000000085700000, 0x0000000085800000|  0%| F|  |TAMS 0x0000000085700000, 0x0000000085700000| Untracked 
|  48|0x0000000085800000, 0x0000000085800000, 0x0000000085900000|  0%| F|  |TAMS 0x0000000085800000, 0x0000000085800000| Untracked 
|  49|0x0000000085900000, 0x0000000085900000, 0x0000000085a00000|  0%| F|  |TAMS 0x0000000085900000, 0x0000000085900000| Untracked 
|  50|0x0000000085a00000, 0x0000000085a00000, 0x0000000085b00000|  0%| F|  |TAMS 0x0000000085a00000, 0x0000000085a00000| Untracked 
|  51|0x0000000085b00000, 0x0000000085b00000, 0x0000000085c00000|  0%| F|  |TAMS 0x0000000085b00000, 0x0000000085b00000| Untracked 
|  52|0x0000000085c00000, 0x0000000085c00000, 0x0000000085d00000|  0%| F|  |TAMS 0x0000000085c00000, 0x0000000085c00000| Untracked 
|  53|0x0000000085d00000, 0x0000000085d00000, 0x0000000085e00000|  0%| F|  |TAMS 0x0000000085d00000, 0x0000000085d00000| Untracked 
|  54|0x0000000085e00000, 0x0000000085e00000, 0x0000000085f00000|  0%| F|  |TAMS 0x0000000085e00000, 0x0000000085e00000| Untracked 
|  55|0x0000000085f00000, 0x0000000085f00000, 0x0000000086000000|  0%| F|  |TAMS 0x0000000085f00000, 0x0000000085f00000| Untracked 
|  56|0x0000000086000000, 0x0000000086000000, 0x0000000086100000|  0%| F|  |TAMS 0x0000000086000000, 0x0000000086000000| Untracked 
|  57|0x0000000086100000, 0x0000000086100000, 0x0000000086200000|  0%| F|  |TAMS 0x0000000086100000, 0x0000000086100000| Untracked 
|  58|0x0000000086200000, 0x0000000086200000, 0x0000000086300000|  0%| F|  |TAMS 0x0000000086200000, 0x0000000086200000| Untracked 
|  59|0x0000000086300000, 0x0000000086300000, 0x0000000086400000|  0%| F|  |TAMS 0x0000000086300000, 0x0000000086300000| Untracked 
|  60|0x0000000086400000, 0x0000000086400000, 0x0000000086500000|  0%| F|  |TAMS 0x0000000086400000, 0x0000000086400000| Untracked 
|  61|0x0000000086500000, 0x0000000086500000, 0x0000000086600000|  0%| F|  |TAMS 0x0000000086500000, 0x0000000086500000| Untracked 
|  62|0x0000000086600000, 0x0000000086600000, 0x0000000086700000|  0%| F|  |TAMS 0x0000000086600000, 0x0000000086600000| Untracked 
|  63|0x0000000086700000, 0x0000000086700000, 0x0000000086800000|  0%| F|  |TAMS 0x0000000086700000, 0x0000000086700000| Untracked 
|  64|0x0000000086800000, 0x0000000086800000, 0x0000000086900000|  0%| F|  |TAMS 0x0000000086800000, 0x0000000086800000| Untracked 
|  65|0x0000000086900000, 0x0000000086900000, 0x0000000086a00000|  0%| F|  |TAMS 0x0000000086900000, 0x0000000086900000| Untracked 
|  66|0x0000000086a00000, 0x0000000086a00000, 0x0000000086b00000|  0%| F|  |TAMS 0x0000000086a00000, 0x0000000086a00000| Untracked 
|  67|0x0000000086b00000, 0x0000000086b00000, 0x0000000086c00000|  0%| F|  |TAMS 0x0000000086b00000, 0x0000000086b00000| Untracked 
|  68|0x0000000086c00000, 0x0000000086c00000, 0x0000000086d00000|  0%| F|  |TAMS 0x0000000086c00000, 0x0000000086c00000| Untracked 
|  69|0x0000000086d00000, 0x0000000086d00000, 0x0000000086e00000|  0%| F|  |TAMS 0x0000000086d00000, 0x0000000086d00000| Untracked 
|  70|0x0000000086e00000, 0x0000000086e00000, 0x0000000086f00000|  0%| F|  |TAMS 0x0000000086e00000, 0x0000000086e00000| Untracked 
|  71|0x0000000086f00000, 0x0000000086f00000, 0x0000000087000000|  0%| F|  |TAMS 0x0000000086f00000, 0x0000000086f00000| Untracked 
|  72|0x0000000087000000, 0x0000000087000000, 0x0000000087100000|  0%| F|  |TAMS 0x0000000087000000, 0x0000000087000000| Untracked 
|  73|0x0000000087100000, 0x0000000087100000, 0x0000000087200000|  0%| F|  |TAMS 0x0000000087100000, 0x0000000087100000| Untracked 
|  74|0x0000000087200000, 0x0000000087200000, 0x0000000087300000|  0%| F|  |TAMS 0x0000000087200000, 0x0000000087200000| Untracked 
|  75|0x0000000087300000, 0x0000000087300000, 0x0000000087400000|  0%| F|  |TAMS 0x0000000087300000, 0x0000000087300000| Untracked 
|  76|0x0000000087400000, 0x0000000087400000, 0x0000000087500000|  0%| F|  |TAMS 0x0000000087400000, 0x0000000087400000| Untracked 
|  77|0x0000000087500000, 0x0000000087500000, 0x0000000087600000|  0%| F|  |TAMS 0x0000000087500000, 0x0000000087500000| Untracked 
|  78|0x0000000087600000, 0x0000000087600000, 0x0000000087700000|  0%| F|  |TAMS 0x0000000087600000, 0x0000000087600000| Untracked 
|  79|0x0000000087700000, 0x0000000087700000, 0x0000000087800000|  0%| F|  |TAMS 0x0000000087700000, 0x0000000087700000| Untracked 
|  80|0x0000000087800000, 0x0000000087800000, 0x0000000087900000|  0%| F|  |TAMS 0x0000000087800000, 0x0000000087800000| Untracked 
|  81|0x0000000087900000, 0x0000000087900000, 0x0000000087a00000|  0%| F|  |TAMS 0x0000000087900000, 0x0000000087900000| Untracked 
|  82|0x0000000087a00000, 0x0000000087a00000, 0x0000000087b00000|  0%| F|  |TAMS 0x0000000087a00000, 0x0000000087a00000| Untracked 
|  83|0x0000000087b00000, 0x0000000087b00000, 0x0000000087c00000|  0%| F|  |TAMS 0x0000000087b00000, 0x0000000087b00000| Untracked 
|  84|0x0000000087c00000, 0x0000000087c00000, 0x0000000087d00000|  0%| F|  |TAMS 0x0000000087c00000, 0x0000000087c00000| Untracked 
|  85|0x0000000087d00000, 0x0000000087d00000, 0x0000000087e00000|  0%| F|  |TAMS 0x0000000087d00000, 0x0000000087d00000| Untracked 
|  86|0x0000000087e00000, 0x0000000087e00000, 0x0000000087f00000|  0%| F|  |TAMS 0x0000000087e00000, 0x0000000087e00000| Untracked 
|  87|0x0000000087f00000, 0x0000000087f00000, 0x0000000088000000|  0%| F|  |TAMS 0x0000000087f00000, 0x0000000087f00000| Untracked 
|  88|0x0000000088000000, 0x0000000088000000, 0x0000000088100000|  0%| F|  |TAMS 0x0000000088000000, 0x0000000088000000| Untracked 
|  89|0x0000000088100000, 0x0000000088100000, 0x0000000088200000|  0%| F|  |TAMS 0x0000000088100000, 0x0000000088100000| Untracked 
|  90|0x0000000088200000, 0x0000000088200000, 0x0000000088300000|  0%| F|  |TAMS 0x0000000088200000, 0x0000000088200000| Untracked 
|  91|0x0000000088300000, 0x0000000088300000, 0x0000000088400000|  0%| F|  |TAMS 0x0000000088300000, 0x0000000088300000| Untracked 
|  92|0x0000000088400000, 0x0000000088400000, 0x0000000088500000|  0%| F|  |TAMS 0x0000000088400000, 0x0000000088400000| Untracked 
|  93|0x0000000088500000, 0x0000000088500000, 0x0000000088600000|  0%| F|  |TAMS 0x0000000088500000, 0x0000000088500000| Untracked 
|  94|0x0000000088600000, 0x0000000088600000, 0x0000000088700000|  0%| F|  |TAMS 0x0000000088600000, 0x0000000088600000| Untracked 
|  95|0x0000000088700000, 0x0000000088800000, 0x0000000088800000|100%| E|  |TAMS 0x0000000088700000, 0x0000000088700000| Complete 
|  96|0x0000000088800000, 0x0000000088900000, 0x0000000088900000|100%| E|CS|TAMS 0x0000000088800000, 0x0000000088800000| Complete 
|  97|0x0000000088900000, 0x0000000088a00000, 0x0000000088a00000|100%| E|CS|TAMS 0x0000000088900000, 0x0000000088900000| Complete 
|  98|0x0000000088a00000, 0x0000000088b00000, 0x0000000088b00000|100%| E|CS|TAMS 0x0000000088a00000, 0x0000000088a00000| Complete 
|  99|0x0000000088b00000, 0x0000000088b9e9a8, 0x0000000088c00000| 61%| S|CS|TAMS 0x0000000088b00000, 0x0000000088b00000| Complete 
| 100|0x0000000088c00000, 0x0000000088d00000, 0x0000000088d00000|100%| E|CS|TAMS 0x0000000088c00000, 0x0000000088c00000| Complete 
| 101|0x0000000088d00000, 0x0000000088e00000, 0x0000000088e00000|100%| E|CS|TAMS 0x0000000088d00000, 0x0000000088d00000| Complete 
| 102|0x0000000088e00000, 0x0000000088f00000, 0x0000000088f00000|100%| E|CS|TAMS 0x0000000088e00000, 0x0000000088e00000| Complete 
| 103|0x0000000088f00000, 0x0000000089000000, 0x0000000089000000|100%| S|CS|TAMS 0x0000000088f00000, 0x0000000088f00000| Complete 
| 104|0x0000000089000000, 0x0000000089100000, 0x0000000089100000|100%| E|CS|TAMS 0x0000000089000000, 0x0000000089000000| Complete 
| 105|0x0000000089100000, 0x0000000089200000, 0x0000000089200000|100%| E|CS|TAMS 0x0000000089100000, 0x0000000089100000| Complete 
| 106|0x0000000089200000, 0x0000000089300000, 0x0000000089300000|100%| E|CS|TAMS 0x0000000089200000, 0x0000000089200000| Complete 
| 107|0x0000000089300000, 0x0000000089400000, 0x0000000089400000|100%| E|CS|TAMS 0x0000000089300000, 0x0000000089300000| Complete 
| 108|0x0000000089400000, 0x0000000089500000, 0x0000000089500000|100%| E|  |TAMS 0x0000000089400000, 0x0000000089400000| Complete 
| 109|0x0000000089500000, 0x0000000089600000, 0x0000000089600000|100%| E|CS|TAMS 0x0000000089500000, 0x0000000089500000| Complete 
| 110|0x0000000089600000, 0x0000000089700000, 0x0000000089700000|100%| E|CS|TAMS 0x0000000089600000, 0x0000000089600000| Complete 
| 111|0x0000000089700000, 0x0000000089800000, 0x0000000089800000|100%| E|CS|TAMS 0x0000000089700000, 0x0000000089700000| Complete 
| 112|0x0000000089800000, 0x0000000089900000, 0x0000000089900000|100%| E|CS|TAMS 0x0000000089800000, 0x0000000089800000| Complete 
| 113|0x0000000089900000, 0x0000000089a00000, 0x0000000089a00000|100%| E|CS|TAMS 0x0000000089900000, 0x0000000089900000| Complete 
| 114|0x0000000089a00000, 0x0000000089b00000, 0x0000000089b00000|100%| E|CS|TAMS 0x0000000089a00000, 0x0000000089a00000| Complete 
| 115|0x0000000089b00000, 0x0000000089c00000, 0x0000000089c00000|100%| E|CS|TAMS 0x0000000089b00000, 0x0000000089b00000| Complete 
| 116|0x0000000089c00000, 0x0000000089d00000, 0x0000000089d00000|100%| E|CS|TAMS 0x0000000089c00000, 0x0000000089c00000| Complete 
| 117|0x0000000089d00000, 0x0000000089e00000, 0x0000000089e00000|100%| E|CS|TAMS 0x0000000089d00000, 0x0000000089d00000| Complete 
| 118|0x0000000089e00000, 0x0000000089f00000, 0x0000000089f00000|100%| E|CS|TAMS 0x0000000089e00000, 0x0000000089e00000| Complete 
| 119|0x0000000089f00000, 0x000000008a000000, 0x000000008a000000|100%| E|CS|TAMS 0x0000000089f00000, 0x0000000089f00000| Complete 
| 120|0x000000008a000000, 0x000000008a100000, 0x000000008a100000|100%| E|CS|TAMS 0x000000008a000000, 0x000000008a000000| Complete 
| 121|0x000000008a100000, 0x000000008a200000, 0x000000008a200000|100%| E|CS|TAMS 0x000000008a100000, 0x000000008a100000| Complete 
| 122|0x000000008a200000, 0x000000008a300000, 0x000000008a300000|100%| E|CS|TAMS 0x000000008a200000, 0x000000008a200000| Complete 
| 123|0x000000008a300000, 0x000000008a400000, 0x000000008a400000|100%| E|CS|TAMS 0x000000008a300000, 0x000000008a300000| Complete 
| 124|0x000000008a400000, 0x000000008a500000, 0x000000008a500000|100%| E|CS|TAMS 0x000000008a400000, 0x000000008a400000| Complete 
| 125|0x000000008a500000, 0x000000008a600000, 0x000000008a600000|100%| E|CS|TAMS 0x000000008a500000, 0x000000008a500000| Complete 

Card table byte_map: [0x00000249e6150000,0x00000249e6540000] _byte_map_base: 0x00000249e5d3c000

Marking Bits (Prev, Next): (CMBitMap*) 0x00000249cd2bd770, (CMBitMap*) 0x00000249cd2bd7b0
 Prev Bits: [0x00000249e6930000, 0x00000249e8890000)
 Next Bits: [0x00000249e8890000, 0x00000249ea7f0000)

Polling page: 0x00000249cd0f0000

Metaspace:

Usage:
  Non-class:     16.79 MB used.
      Class:      2.42 MB used.
       Both:     19.21 MB used.

Virtual space:
  Non-class space:       64.00 MB reserved,      16.94 MB ( 26%) committed,  1 nodes.
      Class space:        1.00 GB reserved,       2.50 MB ( <1%) committed,  1 nodes.
             Both:        1.06 GB reserved,      19.44 MB (  2%) committed. 

Chunk freelists:
   Non-Class:  14.78 MB
       Class:  13.32 MB
        Both:  28.10 MB

MaxMetaspaceSize: unlimited
CompressedClassSpaceSize: 1.00 GB
Initial GC threshold: 21.00 MB
Current GC threshold: 21.00 MB
CDS: on
MetaspaceReclaimPolicy: balanced
 - commit_granule_bytes: 65536.
 - commit_granule_words: 8192.
 - virtual_space_node_default_size: 8388608.
 - enlarge_chunks_in_place: 1.
 - new_chunks_are_fully_committed: 0.
 - uncommit_free_chunks: 1.
 - use_allocation_guard: 0.
 - handle_deallocations: 1.


Internal statistics:

num_allocs_failed_limit: 0.
num_arena_births: 242.
num_arena_deaths: 0.
num_vsnodes_births: 2.
num_vsnodes_deaths: 0.
num_space_committed: 311.
num_space_uncommitted: 0.
num_chunks_returned_to_freelist: 0.
num_chunks_taken_from_freelist: 783.
num_chunk_merges: 0.
num_chunk_splits: 548.
num_chunks_enlarged: 433.
num_inconsistent_stats: 0.

CodeHeap 'non-profiled nmethods': size=120000Kb used=777Kb max_used=777Kb free=119222Kb
 bounds [0x00000249dddc0000, 0x00000249de030000, 0x00000249e52f0000]
CodeHeap 'profiled nmethods': size=120000Kb used=4469Kb max_used=4469Kb free=115530Kb
 bounds [0x00000249d62f0000, 0x00000249d6750000, 0x00000249dd820000]
CodeHeap 'non-nmethods': size=5760Kb used=1212Kb max_used=1238Kb free=4547Kb
 bounds [0x00000249dd820000, 0x00000249dda90000, 0x00000249dddc0000]
 total_blobs=2727 nmethods=2212 adapters=427
 compilation: enabled
              stopped_count=0, restarted_count=0
 full_count=0

Compilation events (20 events):
Event: 2.454 Thread 0x00000249ed2d5050 2190       3       java.lang.invoke.LambdaMetafactory::metafactory (71 bytes)
Event: 2.454 Thread 0x00000249ed2d5050 nmethod 2190 0x00000249d6736f90 code [0x00000249d6737220, 0x00000249d6737d68]
Event: 2.455 Thread 0x00000249ed2d5050 2192       3       org.springframework.util.AntPathMatcher::isWildcardChar (38 bytes)
Event: 2.456 Thread 0x00000249ed2d5050 nmethod 2192 0x00000249d6738290 code [0x00000249d6738440, 0x00000249d6738678]
Event: 2.457 Thread 0x00000249ed2d5050 2193       3       java.util.ArrayDeque::<init> (35 bytes)
Event: 2.457 Thread 0x00000249ed2d5050 nmethod 2193 0x00000249d6738790 code [0x00000249d6738940, 0x00000249d6738cb8]
Event: 2.457 Thread 0x00000249ed2d5050 2194       1       java.util.regex.Pattern::lambda$ALL$3 (2 bytes)
Event: 2.457 Thread 0x00000249ed2d5050 nmethod 2194 0x00000249dde81510 code [0x00000249dde816a0, 0x00000249dde81758]
Event: 2.461 Thread 0x00000249ed2d5050 2195       3       java.util.ArrayDeque::addFirst (51 bytes)
Event: 2.461 Thread 0x00000249ed2d5050 nmethod 2195 0x00000249d6738d90 code [0x00000249d6738f60, 0x00000249d6739438]
Event: 2.461 Thread 0x00000249ed2d5050 2196       3       java.util.regex.Pattern$$Lambda$387/0x000002498124ce90::is (5 bytes)
Event: 2.461 Thread 0x00000249ed2d5050 nmethod 2196 0x00000249d6739590 code [0x00000249d6739720, 0x00000249d6739898]
Event: 2.463 Thread 0x00000249ed2d5050 2197       3       org.springframework.util.AntPathMatcher::skipSeparator (30 bytes)
Event: 2.463 Thread 0x00000249ed2d5050 nmethod 2197 0x00000249d6739990 code [0x00000249d6739b60, 0x00000249d6739e88]
Event: 2.463 Thread 0x00000249ed2d5050 2198       3       org.springframework.util.AntPathMatcher::skipSegment (75 bytes)
Event: 2.464 Thread 0x00000249ed2d5050 nmethod 2198 0x00000249d673a090 code [0x00000249d673a340, 0x00000249d673b188]
Event: 2.464 Thread 0x00000249ed2d5050 2199       3       org.springframework.util.AntPathMatcher::matchStrings (11 bytes)
Event: 2.464 Thread 0x00000249ed2d5050 nmethod 2199 0x00000249d673b790 code [0x00000249d673b940, 0x00000249d673baf8]
Event: 2.467 Thread 0x00000249ed2d5050 2200       3       java.util.ArrayDeque::addLast (51 bytes)
Event: 2.467 Thread 0x00000249ed2d5050 nmethod 2200 0x00000249d673bc10 code [0x00000249d673bde0, 0x00000249d673c2b8]

GC Heap History (4 events):
Event: 0.921 GC heap before
{Heap before GC invocations=0 (full 0):
 garbage-first heap   total 129024K, used 23552K [0x0000000082800000, 0x0000000100000000)
  region size 1024K, 23 young (23552K), 0 survivors (0K)
 Metaspace       used 7778K, committed 8000K, reserved 1114112K
  class space    used 884K, committed 1024K, reserved 1048576K
}
Event: 0.929 GC heap after
{Heap after GC invocations=1 (full 0):
 garbage-first heap   total 129024K, used 7834K [0x0000000082800000, 0x0000000100000000)
  region size 1024K, 3 young (3072K), 3 survivors (3072K)
 Metaspace       used 7778K, committed 8000K, reserved 1114112K
  class space    used 884K, committed 1024K, reserved 1048576K
}
Event: 1.675 GC heap before
{Heap before GC invocations=1 (full 0):
 garbage-first heap   total 129024K, used 30362K [0x0000000082800000, 0x0000000100000000)
  region size 1024K, 25 young (25600K), 3 survivors (3072K)
 Metaspace       used 12733K, committed 13056K, reserved 1114112K
  class space    used 1568K, committed 1728K, reserved 1048576K
}
Event: 1.684 GC heap after
{Heap after GC invocations=2 (full 0):
 garbage-first heap   total 129024K, used 9567K [0x0000000082800000, 0x0000000100000000)
  region size 1024K, 2 young (2048K), 2 survivors (2048K)
 Metaspace       used 12733K, committed 13056K, reserved 1114112K
  class space    used 1568K, committed 1728K, reserved 1048576K
}

Deoptimization events (20 events):
Event: 2.410 Thread 0x00000249f2894de0 Uncommon trap: trap_request=0xffffff45 fr.pc=0x00000249dde3d15c relative=0x000000000000005c
Event: 2.410 Thread 0x00000249f2894de0 Uncommon trap: reason=unstable_if action=reinterpret pc=0x00000249dde3d15c method=java.lang.AbstractStringBuilder.isLatin1()Z @ 10 c2
Event: 2.410 Thread 0x00000249f2894de0 DEOPT PACKING pc=0x00000249dde3d15c sp=0x000000bde09fddf0
Event: 2.410 Thread 0x00000249f2894de0 DEOPT UNPACKING pc=0x00000249dd8723a3 sp=0x000000bde09fdd80 mode 2
Event: 2.412 Thread 0x00000249f2894de0 Uncommon trap: trap_request=0xffffff45 fr.pc=0x00000249dddd0e5c relative=0x000000000000005c
Event: 2.412 Thread 0x00000249f2894de0 Uncommon trap: reason=unstable_if action=reinterpret pc=0x00000249dddd0e5c method=java.lang.String.isLatin1()Z @ 10 c2
Event: 2.412 Thread 0x00000249f2894de0 DEOPT PACKING pc=0x00000249dddd0e5c sp=0x000000bde09fda80
Event: 2.412 Thread 0x00000249f2894de0 DEOPT UNPACKING pc=0x00000249dd8723a3 sp=0x000000bde09fda10 mode 2
Event: 2.412 Thread 0x00000249f2894de0 Uncommon trap: trap_request=0xffffff45 fr.pc=0x00000249dddf1cc8 relative=0x0000000000000048
Event: 2.412 Thread 0x00000249f2894de0 Uncommon trap: reason=unstable_if action=reinterpret pc=0x00000249dddf1cc8 method=java.lang.CharacterData.of(I)Ljava/lang/CharacterData; @ 4 c2
Event: 2.412 Thread 0x00000249f2894de0 DEOPT PACKING pc=0x00000249dddf1cc8 sp=0x000000bde09fd550
Event: 2.412 Thread 0x00000249f2894de0 DEOPT UNPACKING pc=0x00000249dd8723a3 sp=0x000000bde09fd4f0 mode 2
Event: 2.437 Thread 0x00000249f282f1f0 Uncommon trap: trap_request=0xffffff45 fr.pc=0x00000249dde21484 relative=0x0000000000000624
Event: 2.437 Thread 0x00000249f282f1f0 Uncommon trap: reason=unstable_if action=reinterpret pc=0x00000249dde21484 method=java.util.zip.ZipCoder.hash(Ljava/lang/String;)I @ 23 c2
Event: 2.438 Thread 0x00000249f282f1f0 DEOPT PACKING pc=0x00000249dde21484 sp=0x000000bde08fd700
Event: 2.438 Thread 0x00000249f282f1f0 DEOPT UNPACKING pc=0x00000249dd8723a3 sp=0x000000bde08fd618 mode 2
Event: 2.438 Thread 0x00000249f282f1f0 Uncommon trap: trap_request=0xffffff45 fr.pc=0x00000249dde1f4e8 relative=0x0000000000000248
Event: 2.438 Thread 0x00000249f282f1f0 Uncommon trap: reason=unstable_if action=reinterpret pc=0x00000249dde1f4e8 method=java.util.zip.ZipCoder.hash(Ljava/lang/String;)I @ 23 c2
Event: 2.438 Thread 0x00000249f282f1f0 DEOPT PACKING pc=0x00000249dde1f4e8 sp=0x000000bde08fd670
Event: 2.438 Thread 0x00000249f282f1f0 DEOPT UNPACKING pc=0x00000249dd8723a3 sp=0x000000bde08fd608 mode 2

Classes unloaded (0 events):
No events

Classes redefined (0 events):
No events

Internal exceptions (20 events):
Event: 1.284 Thread 0x00000249f282f1f0 Exception <a 'java/lang/NoSuchMethodError'{0x0000000089940f08}: 'int java.lang.invoke.DirectMethodHandle$Holder.invokeVirtual(java.lang.Object, java.lang.Object)'> (0x0000000089940f08) 
thrown [s\open\src\hotspot\share\interpreter\linkResolver.cpp, line 759]
Event: 1.310 Thread 0x00000249f282f1f0 Exception <a 'java/lang/NoSuchMethodError'{0x00000000899de5b0}: 'java.lang.Object java.lang.invoke.DirectMethodHandle$Holder.invokeSpecial(java.lang.Object, java.lang.Object, java.lang.Object, int, java.lang.Object)'> (0x00000000899de5b0) 
thrown [s\open\src\hotspot\share\interpreter\linkResolver.cpp, line 759]
Event: 1.310 Thread 0x00000249f282f1f0 Exception <a 'java/lang/NoSuchMethodError'{0x00000000899e6c10}: 'java.lang.Object java.lang.invoke.DirectMethodHandle$Holder.newInvokeSpecial(java.lang.Object, java.lang.Object, java.lang.Object, int, java.lang.Object)'> (0x00000000899e6c10) 
thrown [s\open\src\hotspot\share\interpreter\linkResolver.cpp, line 759]
Event: 1.311 Thread 0x00000249f282f1f0 Exception <a 'java/lang/NoSuchMethodError'{0x00000000899ee5e0}: 'java.lang.Object java.lang.invoke.Invokers$Holder.linkToTargetMethod(java.lang.Object, java.lang.Object, int, java.lang.Object, java.lang.Object)'> (0x00000000899ee5e0) 
thrown [s\open\src\hotspot\share\interpreter\linkResolver.cpp, line 759]
Event: 1.314 Thread 0x00000249f282f1f0 Exception <a 'java/lang/NoSuchMethodError'{0x00000000899fd1b8}: 'java.lang.Object java.lang.invoke.DirectMethodHandle$Holder.newInvokeSpecial(java.lang.Object, int, java.lang.Object)'> (0x00000000899fd1b8) 
thrown [s\open\src\hotspot\share\interpreter\linkResolver.cpp, line 759]
Event: 1.315 Thread 0x00000249f282f1f0 Exception <a 'java/lang/NoSuchMethodError'{0x0000000089801750}: 'int java.lang.invoke.DirectMethodHandle$Holder.invokeSpecialIFC(java.lang.Object, java.lang.Object, java.lang.Object, java.lang.Object)'> (0x0000000089801750) 
thrown [s\open\src\hotspot\share\interpreter\linkResolver.cpp, line 759]
Event: 1.346 Thread 0x00000249f282f1f0 Exception <a 'java/lang/NoSuchMethodError'{0x00000000898effc0}: 'void java.lang.invoke.DirectMethodHandle$Holder.invokeInterface(java.lang.Object, java.lang.Object, java.lang.Object)'> (0x00000000898effc0) 
thrown [s\open\src\hotspot\share\interpreter\linkResolver.cpp, line 759]
Event: 1.384 Thread 0x00000249f282f1f0 Exception <a 'java/lang/NoSuchMethodError'{0x000000008979ef08}: 'void java.lang.invoke.DirectMethodHandle$Holder.invokeStaticInit(java.lang.Object, java.lang.Object, java.lang.Object)'> (0x000000008979ef08) 
thrown [s\open\src\hotspot\share\interpreter\linkResolver.cpp, line 759]
Event: 1.390 Thread 0x00000249f282f1f0 Exception <a 'java/lang/NoSuchMethodError'{0x00000000897e4f58}: 'java.lang.Object java.lang.invoke.DirectMethodHandle$Holder.invokeStatic(java.lang.Object, java.lang.Object, long, java.lang.Object)'> (0x00000000897e4f58) 
thrown [s\open\src\hotspot\share\interpreter\linkResolver.cpp, line 759]
Event: 1.390 Thread 0x00000249f282f1f0 Exception <a 'java/lang/NoSuchMethodError'{0x00000000897e89f0}: 'java.lang.Object java.lang.invoke.DirectMethodHandle$Holder.invokeStaticInit(java.lang.Object, java.lang.Object, long, java.lang.Object)'> (0x00000000897e89f0) 
thrown [s\open\src\hotspot\share\interpreter\linkResolver.cpp, line 759]
Event: 1.391 Thread 0x00000249f282f1f0 Exception <a 'java/lang/NoSuchMethodError'{0x00000000897ef000}: 'java.lang.Object java.lang.invoke.DirectMethodHandle$Holder.newInvokeSpecial(java.lang.Object, java.lang.Object, long)'> (0x00000000897ef000) 
thrown [s\open\src\hotspot\share\interpreter\linkResolver.cpp, line 759]
Event: 1.391 Thread 0x00000249f282f1f0 Exception <a 'java/lang/NoSuchMethodError'{0x00000000897f2b70}: 'java.lang.Object java.lang.invoke.Invokers$Holder.linkToTargetMethod(java.lang.Object, long, java.lang.Object)'> (0x00000000897f2b70) 
thrown [s\open\src\hotspot\share\interpreter\linkResolver.cpp, line 759]
Event: 1.408 Thread 0x00000249f282f1f0 Exception <a 'java/lang/NoSuchMethodError'{0x00000000896440d8}: 'void java.lang.invoke.DirectMethodHandle$Holder.invokeSpecial(java.lang.Object, java.lang.Object, java.lang.Object, java.lang.Object, java.lang.Object)'> (0x00000000896440d8) 
thrown [s\open\src\hotspot\share\interpreter\linkResolver.cpp, line 759]
Event: 1.409 Thread 0x00000249f282f1f0 Exception <a 'java/lang/NoSuchMethodError'{0x000000008964c668}: 'void java.lang.invoke.DirectMethodHandle$Holder.invokeVirtual(java.lang.Object, java.lang.Object, java.lang.Object, java.lang.Object)'> (0x000000008964c668) 
thrown [s\open\src\hotspot\share\interpreter\linkResolver.cpp, line 759]
Event: 1.454 Thread 0x00000249f282f1f0 Exception <a 'java/lang/NoSuchMethodError'{0x00000000895a2608}: 'void java.lang.invoke.DirectMethodHandle$Holder.invokeSpecial(java.lang.Object, java.lang.Object, java.lang.Object)'> (0x00000000895a2608) 
thrown [s\open\src\hotspot\share\interpreter\linkResolver.cpp, line 759]
Event: 1.463 Thread 0x00000249f282f1f0 Exception <a 'java/lang/IncompatibleClassChangeError'{0x00000000895f03f8}: Found class java.lang.Object, but interface was expected> (0x00000000895f03f8) 
thrown [s\open\src\hotspot\share\interpreter\linkResolver.cpp, line 826]
Event: 2.431 Thread 0x00000249f282f1f0 Exception <a 'java/lang/NoSuchMethodError'{0x0000000088d495c0}: 'java.lang.Object java.lang.invoke.DirectMethodHandle$Holder.invokeVirtual(java.lang.Object, java.lang.Object, java.lang.Object)'> (0x0000000088d495c0) 
thrown [s\open\src\hotspot\share\interpreter\linkResolver.cpp, line 759]
Event: 2.440 Thread 0x00000249f282f1f0 Exception <a 'sun/nio/fs/WindowsException'{0x0000000088d62e40}> (0x0000000088d62e40) 
thrown [s\open\src\hotspot\share\prims\jni.cpp, line 516]
Event: 2.441 Thread 0x00000249f282f1f0 Exception <a 'java/lang/NoSuchMethodError'{0x0000000088d644c0}: 'int java.lang.invoke.DirectMethodHandle$Holder.invokeSpecial(java.lang.Object, java.lang.Object, java.lang.Object, java.lang.Object, java.lang.Object)'> (0x0000000088d644c0) 
thrown [s\open\src\hotspot\share\interpreter\linkResolver.cpp, line 759]
Event: 2.443 Thread 0x00000249f282f1f0 Exception <a 'java/lang/NoSuchMethodError'{0x0000000088d6d098}: 'void java.lang.invoke.DirectMethodHandle$Holder.invokeVirtual(java.lang.Object, java.lang.Object)'> (0x0000000088d6d098) 
thrown [s\open\src\hotspot\share\interpreter\linkResolver.cpp, line 759]

VM Operations (20 events):
Event: 1.029 Executing VM operation: HandshakeAllThreads
Event: 1.029 Executing VM operation: HandshakeAllThreads done
Event: 1.282 Executing VM operation: HandshakeAllThreads
Event: 1.282 Executing VM operation: HandshakeAllThreads done
Event: 1.411 Executing VM operation: ICBufferFull
Event: 1.411 Executing VM operation: ICBufferFull done
Event: 1.451 Executing VM operation: HandshakeAllThreads
Event: 1.451 Executing VM operation: HandshakeAllThreads done
Event: 1.451 Executing VM operation: HandshakeAllThreads
Event: 1.451 Executing VM operation: HandshakeAllThreads done
Event: 1.675 Executing VM operation: G1CollectForAllocation
Event: 1.684 Executing VM operation: G1CollectForAllocation done
Event: 2.335 Executing VM operation: HandshakeAllThreads
Event: 2.335 Executing VM operation: HandshakeAllThreads done
Event: 2.380 Executing VM operation: HandshakeAllThreads
Event: 2.380 Executing VM operation: HandshakeAllThreads done
Event: 2.407 Executing VM operation: HandshakeAllThreads
Event: 2.407 Executing VM operation: HandshakeAllThreads done
Event: 2.412 Executing VM operation: HandshakeAllThreads
Event: 2.412 Executing VM operation: HandshakeAllThreads done

Events (20 events):
Event: 2.440 loading class java/nio/file/AccessMode
Event: 2.440 loading class java/nio/file/AccessMode done
Event: 2.441 loading class java/nio/file/FileVisitOption
Event: 2.441 loading class java/nio/file/FileVisitOption done
Event: 2.441 loading class java/nio/file/FileTreeIterator
Event: 2.442 loading class java/nio/file/FileTreeIterator done
Event: 2.442 loading class java/nio/file/FileTreeWalker
Event: 2.442 loading class java/nio/file/FileTreeWalker done
Event: 2.442 loading class java/nio/file/FileTreeWalker$DirectoryNode
Event: 2.443 loading class java/nio/file/FileTreeWalker$DirectoryNode done
Event: 2.443 loading class java/nio/file/FileTreeWalker$Event
Event: 2.443 loading class java/nio/file/FileTreeWalker$Event done
Event: 2.443 loading class java/nio/file/FileTreeWalker$EventType
Event: 2.443 loading class java/nio/file/FileTreeWalker$EventType done
Event: 2.451 loading class java/util/regex/Pattern$LazyLoop
Event: 2.451 loading class java/util/regex/Pattern$Loop
Event: 2.451 loading class java/util/regex/Pattern$Loop done
Event: 2.451 loading class java/util/regex/Pattern$LazyLoop done
Event: 2.451 loading class java/util/regex/Pattern$Prolog
Event: 2.451 loading class java/util/regex/Pattern$Prolog done


Dynamic libraries:
0x00007ff6a2e30000 - 0x00007ff6a2e40000 	C:\Program Files\Java\jdk-17\bin\java.exe
0x00007ffcad090000 - 0x00007ffcad2a7000 	C:\WINDOWS\SYSTEM32\ntdll.dll
0x00007ffcab920000 - 0x00007ffcab9e4000 	C:\WINDOWS\System32\KERNEL32.DLL
0x00007ffcaa570000 - 0x00007ffcaa91d000 	C:\WINDOWS\System32\KERNELBASE.dll
0x00007ffcaa9e0000 - 0x00007ffcaaaf1000 	C:\WINDOWS\System32\ucrtbase.dll
0x00007ffc8ae20000 - 0x00007ffc8ae3b000 	C:\Program Files\Java\jdk-17\bin\VCRUNTIME140.dll
0x00007ffc72f20000 - 0x00007ffc72f39000 	C:\Program Files\Java\jdk-17\bin\jli.dll
0x00007ffcab6b0000 - 0x00007ffcab762000 	C:\WINDOWS\System32\ADVAPI32.dll
0x00007ffcac0f0000 - 0x00007ffcac197000 	C:\WINDOWS\System32\msvcrt.dll
0x00007ffcacd40000 - 0x00007ffcacde9000 	C:\WINDOWS\System32\sechost.dll
0x00007ffcaad90000 - 0x00007ffcaadb8000 	C:\WINDOWS\System32\bcrypt.dll
0x00007ffcab770000 - 0x00007ffcab884000 	C:\WINDOWS\System32\RPCRT4.dll
0x00007ffcacdf0000 - 0x00007ffcacf9e000 	C:\WINDOWS\System32\USER32.dll
0x00007ffcaa3b0000 - 0x00007ffcaa3d6000 	C:\WINDOWS\System32\win32u.dll
0x00007ffc93b90000 - 0x00007ffc93e23000 	C:\WINDOWS\WinSxS\amd64_microsoft.windows.common-controls_6595b64144ccf1df_6.0.22621.3672_none_2713b9d173822955\COMCTL32.dll
0x00007ffcacfa0000 - 0x00007ffcacfc9000 	C:\WINDOWS\System32\GDI32.dll
0x00007ffcaac70000 - 0x00007ffcaad89000 	C:\WINDOWS\System32\gdi32full.dll
0x00007ffcaa3e0000 - 0x00007ffcaa47a000 	C:\WINDOWS\System32\msvcp_win.dll
0x00007ffca3100000 - 0x00007ffca310a000 	C:\WINDOWS\SYSTEM32\VERSION.dll
0x00007ffcac060000 - 0x00007ffcac091000 	C:\WINDOWS\System32\IMM32.DLL
0x00007ffc99c90000 - 0x00007ffc99c9c000 	C:\Program Files\Java\jdk-17\bin\vcruntime140_1.dll
0x00007ffc63e00000 - 0x00007ffc63e8e000 	C:\Program Files\Java\jdk-17\bin\msvcp140.dll
0x00007ffc3e580000 - 0x00007ffc3f161000 	C:\Program Files\Java\jdk-17\bin\server\jvm.dll
0x00007ffcac050000 - 0x00007ffcac058000 	C:\WINDOWS\System32\PSAPI.DLL
0x00007ffca4c80000 - 0x00007ffca4cb4000 	C:\WINDOWS\SYSTEM32\WINMM.dll
0x00007ffc91f90000 - 0x00007ffc91f99000 	C:\WINDOWS\SYSTEM32\WSOCK32.dll
0x00007ffcab630000 - 0x00007ffcab6a1000 	C:\WINDOWS\System32\WS2_32.dll
0x00007ffca94d0000 - 0x00007ffca94e8000 	C:\WINDOWS\SYSTEM32\kernel.appcore.dll
0x00007ffc98b70000 - 0x00007ffc98b7a000 	C:\Program Files\Java\jdk-17\bin\jimage.dll
0x00007ffca7980000 - 0x00007ffca7bb2000 	C:\WINDOWS\SYSTEM32\DBGHELP.DLL
0x00007ffcac250000 - 0x00007ffcac5dd000 	C:\WINDOWS\System32\combase.dll
0x00007ffcacba0000 - 0x00007ffcacc77000 	C:\WINDOWS\System32\OLEAUT32.dll
0x00007ffc920f0000 - 0x00007ffc92122000 	C:\WINDOWS\SYSTEM32\dbgcore.DLL
0x00007ffcaa4f0000 - 0x00007ffcaa56b000 	C:\WINDOWS\System32\bcryptPrimitives.dll
0x00007ffc71cd0000 - 0x00007ffc71cf5000 	C:\Program Files\Java\jdk-17\bin\java.dll
0x00007ffc483a0000 - 0x00007ffc48477000 	C:\Program Files\Java\jdk-17\bin\jsvml.dll
0x00007ffcaadc0000 - 0x00007ffcab628000 	C:\WINDOWS\System32\SHELL32.dll
0x00007ffca8310000 - 0x00007ffca8c0e000 	C:\WINDOWS\SYSTEM32\windows.storage.dll
0x00007ffca81d0000 - 0x00007ffca830f000 	C:\WINDOWS\SYSTEM32\wintypes.dll
0x00007ffcacaa0000 - 0x00007ffcacb99000 	C:\WINDOWS\System32\SHCORE.dll
0x00007ffcacce0000 - 0x00007ffcacd3e000 	C:\WINDOWS\System32\shlwapi.dll
0x00007ffcaa2e0000 - 0x00007ffcaa301000 	C:\WINDOWS\SYSTEM32\profapi.dll
0x00007ffc72db0000 - 0x00007ffc72dc9000 	C:\Program Files\Java\jdk-17\bin\net.dll
0x00007ffca6470000 - 0x00007ffca65a6000 	C:\WINDOWS\SYSTEM32\WINHTTP.dll
0x00007ffca9940000 - 0x00007ffca99a9000 	C:\WINDOWS\system32\mswsock.dll
0x00007ffc71ea0000 - 0x00007ffc71eb6000 	C:\Program Files\Java\jdk-17\bin\nio.dll
0x00007ffc71cb0000 - 0x00007ffc71cc8000 	C:\Program Files\Java\jdk-17\bin\zip.dll
0x00007ffc98030000 - 0x00007ffc9803a000 	C:\Program Files\Java\jdk-17\bin\management.dll
0x00007ffc96c50000 - 0x00007ffc96c5b000 	C:\Program Files\Java\jdk-17\bin\management_ext.dll
0x00007ffc920b0000 - 0x00007ffc920c7000 	C:\WINDOWS\system32\napinsp.dll
0x00007ffc920d0000 - 0x00007ffc920eb000 	C:\WINDOWS\system32\pnrpnsp.dll
0x00007ffca8f50000 - 0x00007ffca9048000 	C:\WINDOWS\SYSTEM32\DNSAPI.dll
0x00007ffca8f20000 - 0x00007ffca8f4d000 	C:\WINDOWS\SYSTEM32\IPHLPAPI.DLL
0x00007ffcaca60000 - 0x00007ffcaca69000 	C:\WINDOWS\System32\NSI.dll
0x00007ffc92130000 - 0x00007ffc92141000 	C:\WINDOWS\System32\winrnr.dll
0x00007ffc92bd0000 - 0x00007ffc92be5000 	C:\WINDOWS\system32\wshbth.dll
0x00007ffc92150000 - 0x00007ffc92177000 	C:\WINDOWS\system32\nlansp_c.dll
0x00007ffca3530000 - 0x00007ffca353a000 	C:\Windows\System32\rasadhlp.dll
0x00007ffca5e10000 - 0x00007ffca5e93000 	C:\WINDOWS\System32\fwpuclnt.dll
0x00007ffca9bb0000 - 0x00007ffca9bcb000 	C:\WINDOWS\SYSTEM32\CRYPTSP.dll
0x00007ffca9430000 - 0x00007ffca9465000 	C:\WINDOWS\system32\rsaenh.dll
0x00007ffca9a40000 - 0x00007ffca9a68000 	C:\WINDOWS\SYSTEM32\USERENV.dll
0x00007ffca9ba0000 - 0x00007ffca9bac000 	C:\WINDOWS\SYSTEM32\CRYPTBASE.dll
0x00007ffca6370000 - 0x00007ffca6389000 	C:\WINDOWS\SYSTEM32\dhcpcsvc6.DLL
0x00007ffca62a0000 - 0x00007ffca62bf000 	C:\WINDOWS\SYSTEM32\dhcpcsvc.DLL

dbghelp: loaded successfully - version: 4.0.5 - missing functions: none
symbol engine: initialized successfully - sym options: 0x614 - pdb path: .;C:\Program Files\Java\jdk-17\bin;C:\WINDOWS\SYSTEM32;C:\WINDOWS\WinSxS\amd64_microsoft.windows.common-controls_6595b64144ccf1df_6.0.22621.3672_none_2713b9d173822955;C:\Program Files\Java\jdk-17\bin\server

VM Arguments:
jvm_args: -Dcom.sun.management.jmxremote -Dcom.sun.management.jmxremote.port=58586 -Dcom.sun.management.jmxremote.authenticate=false -Dcom.sun.management.jmxremote.ssl=false -Dspring.jmx.enabled=true -Djava.rmi.server.hostname=localhost -Dspring.application.admin.enabled=true -Dspring.boot.project.name=laptopshop -XX:+ShowCodeDetailsInExceptionMessages 
java_command: vn.Spring.laptopshop.LaptopshopApplication
java_class_path (initial): C:\Users\trand\01-java-spring-laptopshop-starter\target\classes;C:\Users\trand\.m2\repository\org\springframework\boot\spring-boot-starter\3.2.2\spring-boot-starter-3.2.2.jar;C:\Users\trand\.m2\repository\org\springframework\boot\spring-boot\3.2.2\spring-boot-3.2.2.jar;C:\Users\trand\.m2\repository\org\springframework\spring-context\6.1.3\spring-context-6.1.3.jar;C:\Users\trand\.m2\repository\org\springframework\boot\spring-boot-autoconfigure\3.2.2\spring-boot-autoconfigure-3.2.2.jar;C:\Users\trand\.m2\repository\org\springframework\boot\spring-boot-starter-logging\3.2.2\spring-boot-starter-logging-3.2.2.jar;C:\Users\trand\.m2\repository\ch\qos\logback\logback-classic\1.4.14\logback-classic-1.4.14.jar;C:\Users\trand\.m2\repository\ch\qos\logback\logback-core\1.4.14\logback-core-1.4.14.jar;C:\Users\trand\.m2\repository\org\apache\logging\log4j\log4j-to-slf4j\2.21.1\log4j-to-slf4j-2.21.1.jar;C:\Users\trand\.m2\repository\org\apache\logging\log4j\log4j-api\2.21.1\log4j-api-2.21.1.jar;C:\Users\trand\.m2\repository\org\slf4j\jul-to-slf4j\2.0.11\jul-to-slf4j-2.0.11.jar;C:\Users\trand\.m2\repository\jakarta\annotation\jakarta.annotation-api\2.1.1\jakarta.annotation-api-2.1.1.jar;C:\Users\trand\.m2\repository\org\springframework\spring-core\6.1.3\spring-core-6.1.3.jar;C:\Users\trand\.m2\repository\org\springframework\spring-jcl\6.1.3\spring-jcl-6.1.3.jar;C:\Users\trand\.m2\repository\org\yaml\snakeyaml\2.2\snakeyaml-2.2.jar;C:\Users\trand\.m2\repository\org\slf4j\slf4j-api\2.0.11\slf4j-api-2.0.11.jar;C:\Users\trand\.m2\repository\jakarta\xml\bind\jakarta.xml.bind-api\4.0.1\jakarta.xml.bind-api-4.0.1.jar;C:\Users\trand\.m2\repository\jakarta\activation\jakarta.activation-api\2.1.2\jakarta.activation-api-2.1.2.jar;C:\Users\trand\.m2\repository\net\bytebuddy\byte-buddy\1.14.11\byte-buddy-1.14.11.jar;C:\Users\trand\.m2\repository\org\springframework\boot\spring-boot-starter-web\3.2.2\spring-boot-starter-web-3.2.2.jar;C:\Users\trand\.m2\repository\or
Launcher Type: SUN_STANDARD

[Global flags]
     intx CICompilerCount                          = 4                                         {product} {ergonomic}
     uint ConcGCThreads                            = 2                                         {product} {ergonomic}
     uint G1ConcRefinementThreads                  = 8                                         {product} {ergonomic}
   size_t G1HeapRegionSize                         = 1048576                                   {product} {ergonomic}
    uintx GCDrainStackTargetSize                   = 64                                        {product} {ergonomic}
   size_t InitialHeapSize                          = 132120576                                 {product} {ergonomic}
     bool ManagementServer                         = true                                      {product} {command line}
   size_t MarkStackSize                            = 4194304                                   {product} {ergonomic}
   size_t MaxHeapSize                              = 2105540608                                {product} {ergonomic}
   size_t MaxNewSize                               = 1262485504                                {product} {ergonomic}
   size_t MinHeapDeltaBytes                        = 1048576                                   {product} {ergonomic}
   size_t MinHeapSize                              = 8388608                                   {product} {ergonomic}
    uintx NonNMethodCodeHeapSize                   = 5839372                                {pd product} {ergonomic}
    uintx NonProfiledCodeHeapSize                  = 122909434                              {pd product} {ergonomic}
    uintx ProfiledCodeHeapSize                     = 122909434                              {pd product} {ergonomic}
    uintx ReservedCodeCacheSize                    = 251658240                              {pd product} {ergonomic}
     bool SegmentedCodeCache                       = true                                      {product} {ergonomic}
     bool ShowCodeDetailsInExceptionMessages       = true                                   {manageable} {command line}
   size_t SoftMaxHeapSize                          = 2105540608                             {manageable} {ergonomic}
     bool UseCompressedClassPointers               = true                           {product lp64_product} {ergonomic}
     bool UseCompressedOops                        = true                           {product lp64_product} {ergonomic}
     bool UseG1GC                                  = true                                      {product} {ergonomic}
     bool UseLargePagesIndividualAllocation        = false                                  {pd product} {ergonomic}

Logging:
Log output configuration:
 #0: stdout all=warning uptime,level,tags
 #1: stderr all=off uptime,level,tags

Environment Variables:
JAVA_HOME=C:\Program Files\Java\jdk-17
PATH=C:\Program Files\Microsoft MPI\Bin\;C:\Program Files\Common Files\Oracle\Java\javapath;C:\oraclexe\app\oracle\product\11.2.0\server\bin;C:\oraclexe\app\oracle\product\11.2.0\server\bin;C:\oraclexe\app\oracle\product\11.2.0\server\bin;C:\Program Files\Microsoft\jdk-11.0.16.101-hotspot\bin;C:\Windows\system32;C:\Windows;C:\Windows\System32\Wbem;C:\Windows\System32\WindowsPowerShell\v1.0\;C:\Windows\System32\OpenSSH\;C:\Program Files (x86)\NVIDIA Corporation\PhysX\Common;C:\Program Files\NVIDIA Corporation\NVIDIA NvDLISR;C:\WINDOWS\system32;C:\WINDOWS;C:\WINDOWS\System32\Wbem;C:\WINDOWS\System32\WindowsPowerShell\v1.0\;C:\WINDOWS\System32\OpenSSH\;C:\Program Files\Microsoft SQL Server\150\Tools\Binn\;C:\Program Files\Microsoft SQL Server\Client SDK\ODBC\170\Tools\Binn\;C:\Program Files\nodejs\;C:\ProgramData\Microsoft\Windows\Start Menu\Programs\Git;Control Panel\Programs\Programs and Features;C:\Program Files\Git\cmd;C:\xampp\php;C:\ProgramData\ComposerSetup\bin;C:\Program Files\MongoDB\mongosh-2.2.5-win32-x64\bin;C:\Program Files (x86)\Microsoft SQL Server\160\Tools\Binn\;C:\Program Files\Microsoft SQL Server\160\Tools\Binn\;C:\Program Files\Microsoft SQL Server\160\DTS\Binn\;C:\Program Files (x86)\Microsoft SQL Server\160\DTS\Binn\;C:\Program Files\Java\jdk-22\bin;C:\Program Files\MySQL\MySQL Shell 8.0\bin\;C:\Users\trand\AppData\Local\Microsoft\WindowsApps;;C:\Users\trand\AppData\Local\Programs\Microsoft VS Code\bin;C:\Users\trand\AppData\Roaming\npm;C:\Users\trand\AppData\Roaming\Composer\vendor\bin
USERNAME=trand
LANG=en_US.UTF-8
OS=Windows_NT
PROCESSOR_IDENTIFIER=Intel64 Family 6 Model 165 Stepping 2, GenuineIntel



---------------  S Y S T E M  ---------------

OS:
 Windows 11 , 64 bit Build 22621 (10.0.22621.3958)
OS uptime: 9 days 4:36 hours

CPU: total 8 (initial active 8) (4 cores per cpu, 2 threads per core) family 6 model 165 stepping 2 microcode 0xe0, cx8, cmov, fxsr, ht, mmx, 3dnowpref, sse, sse2, sse3, ssse3, sse4.1, sse4.2, popcnt, lzcnt, tsc, tscinvbit, avx, avx2, aes, erms, clmul, bmi1, bmi2, adx, fma, vzeroupper, clflush, clflushopt

Memory: 4k page, system-wide physical 8029M (179M free)
TotalPageFile size 32605M (AvailPageFile size 3M)
current process WorkingSet (physical memory assigned to process): 127M, peak: 127M
current process commit charge ("private bytes"): 257M, peak: 258M

vm_info: Java HotSpot(TM) 64-Bit Server VM (17.0.9+11-LTS-201) for windows-amd64 JRE (17.0.9+11-LTS-201), built on Oct 10 2023 23:16:06 by "mach5one" with MS VC++ 17.1 (VS2022)

END.
