#
# There is insufficient memory for the Java Runtime Environment to continue.
# Native memory allocation (malloc) failed to allocate 2097152 bytes. Error detail: AllocateHeap
# Possible reasons:
#   The system is out of physical RAM or swap space
#   This process is running with CompressedOops enabled, and the Java Heap may be blocking the growth of the native heap
# Possible solutions:
#   Reduce memory load on the system
#   Increase physical memory or swap space
#   Check if swap backing store is full
#   Decrease Java heap size (-Xmx/-Xms)
#   Decrease number of Java threads
#   Decrease Java thread stack sizes (-Xss)
#   Set larger code cache with -XX:ReservedCodeCacheSize=
#   JVM is running with Unscaled Compressed Oops mode in which the Java heap is
#     placed in the first 4GB address space. The Java Heap base address is the
#     maximum limit for the native heap growth. Please use -XX:HeapBaseMinAddress
#     to set the Java Heap base and to place the Java Heap above 4GB virtual address.
# This output file may be truncated or incomplete.
#
#  Out of Memory Error (allocation.cpp:44), pid=54600, tid=59172
#
# JRE version: OpenJDK Runtime Environment Temurin-17.0.12+7 (17.0.12+7) (build 17.0.12+7)
# Java VM: OpenJDK 64-Bit Server VM Temurin-17.0.12+7 (17.0.12+7, mixed mode, emulated-client, tiered, compressed oops, compressed class ptrs, g1 gc, windows-amd64)
# No core dump will be written. Minidumps are not enabled by default on client versions of Windows
#

---------------  S U M M A R Y ------------

Command Line: -Xmx1024m -Dsts.lsp.client=vscode -Dsts.log.file=/dev/null -XX:TieredStopAtLevel=1 -Xlog:jni+resolve=off -Dspring.config.location=file:c:\Users\trand\.vscode\extensions\vmware.vscode-spring-boot-1.56.0\language-server\BOOT-INF\classes\application.properties org.springframework.ide.vscode.boot.app.BootLanguageServerBootApp

Host: Intel(R) Core(TM) i5-10300H CPU @ 2.50GHz, 8 cores, 7G,  Windows 11 , 64 bit Build 22621 (10.0.22621.3958)
Time: Sat Aug 31 01:52:58 2024 SE Asia Standard Time elapsed time: 961.144677 seconds (0d 0h 16m 1s)

---------------  T H R E A D  ---------------

Current thread (0x0000023be4cf59f0):  VMThread "VM Thread" [stack: 0x000000871a900000,0x000000871aa00000] [id=59172]

Stack: [0x000000871a900000,0x000000871aa00000]
Native frames: (J=compiled Java code, j=interpreted, Vv=VM code, C=native code)
V  [jvm.dll+0x67f929]
V  [jvm.dll+0x8371ba]
V  [jvm.dll+0x838c7e]
V  [jvm.dll+0x8392e3]
V  [jvm.dll+0x24834f]
V  [jvm.dll+0xa70d3]
V  [jvm.dll+0x2f9101]
V  [jvm.dll+0x2f4d00]
V  [jvm.dll+0x2dd82f]
V  [jvm.dll+0x3201f7]
V  [jvm.dll+0x83d7dd]
V  [jvm.dll+0x83e522]
V  [jvm.dll+0x83ea4f]
V  [jvm.dll+0x83ee34]
V  [jvm.dll+0x83ef00]
V  [jvm.dll+0x7e65dc]
V  [jvm.dll+0x67e7f7]
C  [ucrtbase.dll+0x29333]
C  [KERNEL32.DLL+0x1257d]
C  [ntdll.dll+0x5af28]

VM_Operation (0x000000871bcfee90): G1CollectFull, mode: safepoint, requested by thread 0x0000023bea899030


---------------  P R O C E S S  ---------------

Threads class SMR info:
_java_thread_list=0x0000023bea3260f0, length=22, elements={
0x0000023be4d0f380, 0x0000023be4d10110, 0x0000023be901bb80, 0x0000023be901c710,
0x0000023be901dff0, 0x0000023be901e8c0, 0x0000023be9021250, 0x0000023be9021b60,
0x0000023be920f0b0, 0x0000023be9214000, 0x0000023bea84e030, 0x0000023bea899030,
0x0000023bea633040, 0x0000023bd9ec4e90, 0x0000023bea8cf030, 0x0000023bea944820,
0x0000023bea5219f0, 0x0000023bea522410, 0x0000023bea522920, 0x0000023bea523850,
0x0000023beb24ba80, 0x0000023beb250b80
}

Java Threads: ( => current thread )
  0x0000023be4d0f380 JavaThread "Reference Handler" daemon [_thread_blocked, id=47876, stack(0x000000871aa00000,0x000000871ab00000)]
  0x0000023be4d10110 JavaThread "Finalizer" daemon [_thread_blocked, id=35356, stack(0x000000871ab00000,0x000000871ac00000)]
  0x0000023be901bb80 JavaThread "Signal Dispatcher" daemon [_thread_blocked, id=58968, stack(0x000000871ac00000,0x000000871ad00000)]
  0x0000023be901c710 JavaThread "Attach Listener" daemon [_thread_blocked, id=44012, stack(0x000000871ad00000,0x000000871ae00000)]
  0x0000023be901dff0 JavaThread "Service Thread" daemon [_thread_blocked, id=50064, stack(0x000000871ae00000,0x000000871af00000)]
  0x0000023be901e8c0 JavaThread "Monitor Deflation Thread" daemon [_thread_blocked, id=61140, stack(0x000000871af00000,0x000000871b000000)]
  0x0000023be9021250 JavaThread "C1 CompilerThread0" daemon [_thread_blocked, id=60924, stack(0x000000871b000000,0x000000871b100000)]
  0x0000023be9021b60 JavaThread "Sweeper thread" daemon [_thread_blocked, id=61320, stack(0x000000871b100000,0x000000871b200000)]
  0x0000023be920f0b0 JavaThread "Notification Thread" daemon [_thread_blocked, id=57180, stack(0x000000871b200000,0x000000871b300000)]
  0x0000023be9214000 JavaThread "Common-Cleaner" daemon [_thread_blocked, id=8028, stack(0x000000871b400000,0x000000871b500000)]
  0x0000023bea84e030 JavaThread "boundedElastic-evictor-1" daemon [_thread_blocked, id=61104, stack(0x000000871bb00000,0x000000871bc00000)]
  0x0000023bea899030 JavaThread "pool-13-thread-1" [_thread_blocked, id=53652, stack(0x000000871bc00000,0x000000871bd00000)]
  0x0000023bea633040 JavaThread "LanguageServerApp-lifecycle" [_thread_blocked, id=58504, stack(0x000000871c000000,0x000000871c100000)]
  0x0000023bd9ec4e90 JavaThread "DestroyJavaVM" [_thread_blocked, id=55248, stack(0x000000871a200000,0x000000871a300000)]
  0x0000023bea8cf030 JavaThread "pool-14-thread-1" [_thread_in_native, id=27436, stack(0x000000871c100000,0x000000871c200000)]
  0x0000023bea944820 JavaThread "Simple-Language-Server main thread" daemon [_thread_blocked, id=58288, stack(0x000000871c200000,0x000000871c300000)]
  0x0000023bea5219f0 JavaThread "parallel-1" daemon [_thread_blocked, id=39832, stack(0x000000871c800000,0x000000871c900000)]
  0x0000023bea522410 JavaThread "pool-6-thread-1" [_thread_blocked, id=59828, stack(0x000000871c900000,0x000000871ca00000)]
  0x0000023bea522920 JavaThread "parallel-2" daemon [_thread_blocked, id=48680, stack(0x000000871ca00000,0x000000871cb00000)]
  0x0000023bea523850 JavaThread "CompletableFutureDelayScheduler" daemon [_thread_blocked, id=60508, stack(0x000000871cd00000,0x000000871ce00000)]
  0x0000023beb24ba80 JavaThread "parallel-3" daemon [_thread_blocked, id=49472, stack(0x000000871a100000,0x000000871a200000)]
  0x0000023beb250b80 JavaThread "Reconciler-1" daemon [_thread_blocked, id=22792, stack(0x000000871c600000,0x000000871c700000)]

Other Threads:
=>0x0000023be4cf59f0 VMThread "VM Thread" [stack: 0x000000871a900000,0x000000871aa00000] [id=59172]
  0x0000023be920f590 WatcherThread [stack: 0x000000871b300000,0x000000871b400000] [id=27728]
  0x0000023bd9f041e0 GCTaskThread "GC Thread#0" [stack: 0x000000871a400000,0x000000871a500000] [id=56688]
  0x0000023be9bfeaa0 GCTaskThread "GC Thread#1" [stack: 0x000000871b600000,0x000000871b700000] [id=47092]
  0x0000023be9c40020 GCTaskThread "GC Thread#2" [stack: 0x000000871b700000,0x000000871b800000] [id=31992]
  0x0000023be9c49f30 GCTaskThread "GC Thread#3" [stack: 0x000000871b800000,0x000000871b900000] [id=61324]
  0x0000023be9ea8390 GCTaskThread "GC Thread#4" [stack: 0x000000871b900000,0x000000871ba00000] [id=28516]
  0x0000023be9ea8860 GCTaskThread "GC Thread#5" [stack: 0x000000871ba00000,0x000000871bb00000] [id=60472]
  0x0000023be91812f0 GCTaskThread "GC Thread#6" [stack: 0x000000871bd00000,0x000000871be00000] [id=60604]
  0x0000023be917e1a0 GCTaskThread "GC Thread#7" [stack: 0x000000871be00000,0x000000871bf00000] [id=38212]
  0x0000023bd9f0e050 ConcurrentGCThread "G1 Main Marker" [stack: 0x000000871a500000,0x000000871a600000] [id=57444]
  0x0000023bd9f0e980 ConcurrentGCThread "G1 Conc#0" [stack: 0x000000871a600000,0x000000871a700000] [id=60328]
  0x0000023be9ad0750 ConcurrentGCThread "G1 Conc#1" [stack: 0x000000871bf00000,0x000000871c000000] [id=59860]
  0x0000023bd9f6d9a0 ConcurrentGCThread "G1 Refine#0" [stack: 0x000000871a700000,0x000000871a800000] [id=60140]
  0x0000023bd9f6e2e0 ConcurrentGCThread "G1 Service" [stack: 0x000000871a800000,0x000000871a900000] [id=60636]

Threads with active compile tasks:

VM state: at safepoint (normal execution)

VM Mutex/Monitor currently owned by a thread:  ([mutex/lock_event])
[0x0000023bd7cafd30] Threads_lock - owner thread: 0x0000023be4cf59f0
[0x0000023bd9ec3710] Heap_lock - owner thread: 0x0000023bea899030

Heap address: 0x00000000c0000000, size: 1024 MB, Compressed Oops mode: 32-bit

CDS archive(s) not mapped
Compressed class space mapped at: 0x0000000100000000-0x0000000140000000, reserved size: 1073741824
Narrow klass base: 0x0000000000000000, Narrow klass shift: 3, Narrow klass range: 0x140000000

GC Precious Log:
 CPUs: 8 total, 8 available
 Memory: 8029M
 Large Page Support: Disabled
 NUMA Support: Disabled
 Compressed Oops: Enabled (32-bit)
 Heap Region Size: 1M
 Heap Min Capacity: 8M
 Heap Initial Capacity: 126M
 Heap Max Capacity: 1G
 Pre-touch: Disabled
 Parallel Workers: 8
 Concurrent Workers: 2
 Concurrent Refinement Workers: 8
 Periodic GC: Disabled

Heap:
 garbage-first heap   total 81920K, used 29064K [0x00000000c0000000, 0x0000000100000000)
  region size 1024K, 1 young (1024K), 0 survivors (0K)
 Metaspace       used 51478K, committed 51904K, reserved 1114112K
  class space    used 6525K, committed 6720K, reserved 1048576K

Heap Regions: E=young(eden), S=young(survivor), O=old, HS=humongous(starts), HC=humongous(continues), CS=collection set, F=free, OA=open archive, CA=closed archive, TAMS=top-at-mark-start (previous, next)
|   0|0x00000000c0000000, 0x00000000c0100000, 0x00000000c0100000|100%|HS|  |TAMS 0x00000000c0100000, 0x00000000c0000000| Untracked 
|   1|0x00000000c0100000, 0x00000000c0200000, 0x00000000c0200000|100%|HC|  |TAMS 0x00000000c0200000, 0x00000000c0100000| Untracked 
|   2|0x00000000c0200000, 0x00000000c0300000, 0x00000000c0300000|100%|HC|  |TAMS 0x00000000c0300000, 0x00000000c0200000| Untracked 
|   3|0x00000000c0300000, 0x00000000c0400000, 0x00000000c0400000|100%|HC|  |TAMS 0x00000000c0400000, 0x00000000c0300000| Untracked 
|   4|0x00000000c0400000, 0x00000000c0500000, 0x00000000c0500000|100%|HS|  |TAMS 0x00000000c0500000, 0x00000000c0400000| Untracked 
|   5|0x00000000c0500000, 0x00000000c0600000, 0x00000000c0600000|100%|HC|  |TAMS 0x00000000c0600000, 0x00000000c0500000| Untracked 
|   6|0x00000000c0600000, 0x00000000c0700000, 0x00000000c0700000|100%| O|  |TAMS 0x00000000c0700000, 0x00000000c0600000| Untracked 
|   7|0x00000000c0700000, 0x00000000c0800000, 0x00000000c0800000|100%| O|  |TAMS 0x00000000c0800000, 0x00000000c0700000| Untracked 
|   8|0x00000000c0800000, 0x00000000c0900000, 0x00000000c0900000|100%| O|  |TAMS 0x00000000c0900000, 0x00000000c0800000| Untracked 
|   9|0x00000000c0900000, 0x00000000c0a00000, 0x00000000c0a00000|100%| O|  |TAMS 0x00000000c0a00000, 0x00000000c0900000| Untracked 
|  10|0x00000000c0a00000, 0x00000000c0b00000, 0x00000000c0b00000|100%| O|  |TAMS 0x00000000c0b00000, 0x00000000c0a00000| Untracked 
|  11|0x00000000c0b00000, 0x00000000c0bfffa0, 0x00000000c0c00000| 99%| O|  |TAMS 0x00000000c0bfffa0, 0x00000000c0b00000| Untracked 
|  12|0x00000000c0c00000, 0x00000000c0cffff8, 0x00000000c0d00000| 99%| O|  |TAMS 0x00000000c0cffff8, 0x00000000c0c00000| Untracked 
|  13|0x00000000c0d00000, 0x00000000c0dfffe8, 0x00000000c0e00000| 99%| O|  |TAMS 0x00000000c0dfffe8, 0x00000000c0d00000| Untracked 
|  14|0x00000000c0e00000, 0x00000000c0f00000, 0x00000000c0f00000|100%| O|  |TAMS 0x00000000c0f00000, 0x00000000c0e00000| Untracked 
|  15|0x00000000c0f00000, 0x00000000c0fffbc0, 0x00000000c1000000| 99%| O|  |TAMS 0x00000000c0fffbc0, 0x00000000c0f00000| Untracked 
|  16|0x00000000c1000000, 0x00000000c10fffb8, 0x00000000c1100000| 99%| O|  |TAMS 0x00000000c10fffb8, 0x00000000c1000000| Untracked 
|  17|0x00000000c1100000, 0x00000000c11ffff0, 0x00000000c1200000| 99%| O|  |TAMS 0x00000000c11ffff0, 0x00000000c1100000| Untracked 
|  18|0x00000000c1200000, 0x00000000c12ffff0, 0x00000000c1300000| 99%| O|  |TAMS 0x00000000c12ffff0, 0x00000000c1200000| Untracked 
|  19|0x00000000c1300000, 0x00000000c13ffff8, 0x00000000c1400000| 99%| O|  |TAMS 0x00000000c13ffff8, 0x00000000c1300000| Untracked 
|  20|0x00000000c1400000, 0x00000000c14fff78, 0x00000000c1500000| 99%| O|  |TAMS 0x00000000c14fff78, 0x00000000c1400000| Untracked 
|  21|0x00000000c1500000, 0x00000000c15f6eb0, 0x00000000c1600000| 96%| O|  |TAMS 0x00000000c15f6eb0, 0x00000000c1500000| Untracked 
|  22|0x00000000c1600000, 0x00000000c16ffff0, 0x00000000c1700000| 99%| O|  |TAMS 0x00000000c16ffff0, 0x00000000c1600000| Untracked 
|  23|0x00000000c1700000, 0x00000000c17ffff8, 0x00000000c1800000| 99%| O|  |TAMS 0x00000000c17ffff8, 0x00000000c1700000| Untracked 
|  24|0x00000000c1800000, 0x00000000c18ffff8, 0x00000000c1900000| 99%| O|  |TAMS 0x00000000c18ffff8, 0x00000000c1800000| Untracked 
|  25|0x00000000c1900000, 0x00000000c19fff90, 0x00000000c1a00000| 99%| O|  |TAMS 0x00000000c19fff90, 0x00000000c1900000| Untracked 
|  26|0x00000000c1a00000, 0x00000000c1aa2100, 0x00000000c1b00000| 63%| O|  |TAMS 0x00000000c1a00000, 0x00000000c1a00000| Untracked 
|  27|0x00000000c1b00000, 0x00000000c1bd5838, 0x00000000c1c00000| 83%| O|  |TAMS 0x00000000c1b00000, 0x00000000c1b00000| Untracked 
|  28|0x00000000c1c00000, 0x00000000c1cf3ea8, 0x00000000c1d00000| 95%| O|  |TAMS 0x00000000c1cf3ea8, 0x00000000c1c00000| Untracked 
|  29|0x00000000c1d00000, 0x00000000c1d00000, 0x00000000c1e00000|  0%| F|  |TAMS 0x00000000c1d00000, 0x00000000c1d00000| Untracked 
|  30|0x00000000c1e00000, 0x00000000c1e00000, 0x00000000c1f00000|  0%| F|  |TAMS 0x00000000c1e00000, 0x00000000c1e00000| Untracked 
|  31|0x00000000c1f00000, 0x00000000c1f00000, 0x00000000c2000000|  0%| F|  |TAMS 0x00000000c1f00000, 0x00000000c1f00000| Untracked 
|  32|0x00000000c2000000, 0x00000000c2000000, 0x00000000c2100000|  0%| F|  |TAMS 0x00000000c2000000, 0x00000000c2000000| Untracked 
|  33|0x00000000c2100000, 0x00000000c2100000, 0x00000000c2200000|  0%| F|  |TAMS 0x00000000c2100000, 0x00000000c2100000| Untracked 
|  34|0x00000000c2200000, 0x00000000c2200000, 0x00000000c2300000|  0%| F|  |TAMS 0x00000000c2200000, 0x00000000c2200000| Untracked 
|  35|0x00000000c2300000, 0x00000000c2300000, 0x00000000c2400000|  0%| F|  |TAMS 0x00000000c2300000, 0x00000000c2300000| Untracked 
|  36|0x00000000c2400000, 0x00000000c2400000, 0x00000000c2500000|  0%| F|  |TAMS 0x00000000c2400000, 0x00000000c2400000| Untracked 
|  37|0x00000000c2500000, 0x00000000c2500000, 0x00000000c2600000|  0%| F|  |TAMS 0x00000000c2500000, 0x00000000c2500000| Untracked 
|  38|0x00000000c2600000, 0x00000000c2600000, 0x00000000c2700000|  0%| F|  |TAMS 0x00000000c2600000, 0x00000000c2600000| Untracked 
|  39|0x00000000c2700000, 0x00000000c2700000, 0x00000000c2800000|  0%| F|  |TAMS 0x00000000c2700000, 0x00000000c2700000| Untracked 
|  40|0x00000000c2800000, 0x00000000c2800000, 0x00000000c2900000|  0%| F|  |TAMS 0x00000000c2800000, 0x00000000c2800000| Untracked 
|  41|0x00000000c2900000, 0x00000000c2900000, 0x00000000c2a00000|  0%| F|  |TAMS 0x00000000c2900000, 0x00000000c2900000| Untracked 
|  42|0x00000000c2a00000, 0x00000000c2a00000, 0x00000000c2b00000|  0%| F|  |TAMS 0x00000000c2a00000, 0x00000000c2a00000| Untracked 
|  43|0x00000000c2b00000, 0x00000000c2b00000, 0x00000000c2c00000|  0%| F|  |TAMS 0x00000000c2b00000, 0x00000000c2b00000| Untracked 
|  44|0x00000000c2c00000, 0x00000000c2c00000, 0x00000000c2d00000|  0%| F|  |TAMS 0x00000000c2c00000, 0x00000000c2c00000| Untracked 
|  45|0x00000000c2d00000, 0x00000000c2d00000, 0x00000000c2e00000|  0%| F|  |TAMS 0x00000000c2d00000, 0x00000000c2d00000| Untracked 
|  46|0x00000000c2e00000, 0x00000000c2e00000, 0x00000000c2f00000|  0%| F|  |TAMS 0x00000000c2e00000, 0x00000000c2e00000| Untracked 
|  47|0x00000000c2f00000, 0x00000000c2f00000, 0x00000000c3000000|  0%| F|  |TAMS 0x00000000c2f00000, 0x00000000c2f00000| Untracked 
|  48|0x00000000c3000000, 0x00000000c3000000, 0x00000000c3100000|  0%| F|  |TAMS 0x00000000c3000000, 0x00000000c3000000| Untracked 
|  49|0x00000000c3100000, 0x00000000c3100000, 0x00000000c3200000|  0%| F|  |TAMS 0x00000000c3100000, 0x00000000c3100000| Untracked 
|  50|0x00000000c3200000, 0x00000000c3200000, 0x00000000c3300000|  0%| F|  |TAMS 0x00000000c3200000, 0x00000000c3200000| Untracked 
|  51|0x00000000c3300000, 0x00000000c3300000, 0x00000000c3400000|  0%| F|  |TAMS 0x00000000c3300000, 0x00000000c3300000| Untracked 
|  52|0x00000000c3400000, 0x00000000c3400000, 0x00000000c3500000|  0%| F|  |TAMS 0x00000000c3400000, 0x00000000c3400000| Untracked 
|  53|0x00000000c3500000, 0x00000000c3500000, 0x00000000c3600000|  0%| F|  |TAMS 0x00000000c3500000, 0x00000000c3500000| Untracked 
|  54|0x00000000c3600000, 0x00000000c3600000, 0x00000000c3700000|  0%| F|  |TAMS 0x00000000c3600000, 0x00000000c3600000| Untracked 
|  55|0x00000000c3700000, 0x00000000c3700000, 0x00000000c3800000|  0%| F|  |TAMS 0x00000000c3700000, 0x00000000c3700000| Untracked 
|  56|0x00000000c3800000, 0x00000000c3800000, 0x00000000c3900000|  0%| F|  |TAMS 0x00000000c3800000, 0x00000000c3800000| Untracked 
|  57|0x00000000c3900000, 0x00000000c3900000, 0x00000000c3a00000|  0%| F|  |TAMS 0x00000000c3900000, 0x00000000c3900000| Untracked 
|  58|0x00000000c3a00000, 0x00000000c3a00000, 0x00000000c3b00000|  0%| F|  |TAMS 0x00000000c3a00000, 0x00000000c3a00000| Untracked 
|  59|0x00000000c3b00000, 0x00000000c3b00000, 0x00000000c3c00000|  0%| F|  |TAMS 0x00000000c3b00000, 0x00000000c3b00000| Untracked 
|  60|0x00000000c3c00000, 0x00000000c3c00000, 0x00000000c3d00000|  0%| F|  |TAMS 0x00000000c3c00000, 0x00000000c3c00000| Untracked 
|  61|0x00000000c3d00000, 0x00000000c3d00000, 0x00000000c3e00000|  0%| F|  |TAMS 0x00000000c3d00000, 0x00000000c3d00000| Untracked 
|  62|0x00000000c3e00000, 0x00000000c3e00000, 0x00000000c3f00000|  0%| F|  |TAMS 0x00000000c3e00000, 0x00000000c3e00000| Untracked 
|  63|0x00000000c3f00000, 0x00000000c3f00000, 0x00000000c4000000|  0%| F|  |TAMS 0x00000000c3f00000, 0x00000000c3f00000| Untracked 
|  64|0x00000000c4000000, 0x00000000c4000000, 0x00000000c4100000|  0%| F|  |TAMS 0x00000000c4000000, 0x00000000c4000000| Untracked 
|  65|0x00000000c4100000, 0x00000000c4100000, 0x00000000c4200000|  0%| F|  |TAMS 0x00000000c4100000, 0x00000000c4100000| Untracked 
|  66|0x00000000c4200000, 0x00000000c4200000, 0x00000000c4300000|  0%| F|  |TAMS 0x00000000c4200000, 0x00000000c4200000| Untracked 
|  67|0x00000000c4300000, 0x00000000c4300000, 0x00000000c4400000|  0%| F|  |TAMS 0x00000000c4300000, 0x00000000c4300000| Untracked 
|  68|0x00000000c4400000, 0x00000000c4400000, 0x00000000c4500000|  0%| F|  |TAMS 0x00000000c4400000, 0x00000000c4400000| Untracked 
|  69|0x00000000c4500000, 0x00000000c4500000, 0x00000000c4600000|  0%| F|  |TAMS 0x00000000c4500000, 0x00000000c4500000| Untracked 
|  70|0x00000000c4600000, 0x00000000c4600000, 0x00000000c4700000|  0%| F|  |TAMS 0x00000000c4600000, 0x00000000c4600000| Untracked 
|  71|0x00000000c4700000, 0x00000000c4700000, 0x00000000c4800000|  0%| F|  |TAMS 0x00000000c4700000, 0x00000000c4700000| Untracked 
|  85|0x00000000c5500000, 0x00000000c5500000, 0x00000000c5600000|  0%| F|  |TAMS 0x00000000c5500000, 0x00000000c5500000| Untracked 
|  86|0x00000000c5600000, 0x00000000c5600000, 0x00000000c5700000|  0%| F|  |TAMS 0x00000000c5600000, 0x00000000c5600000| Untracked 
|  87|0x00000000c5700000, 0x00000000c5700000, 0x00000000c5800000|  0%| F|  |TAMS 0x00000000c5700000, 0x00000000c5700000| Untracked 
|  88|0x00000000c5800000, 0x00000000c5800000, 0x00000000c5900000|  0%| F|  |TAMS 0x00000000c5800000, 0x00000000c5800000| Untracked 
|  89|0x00000000c5900000, 0x00000000c5900000, 0x00000000c5a00000|  0%| F|  |TAMS 0x00000000c5900000, 0x00000000c5900000| Untracked 
| 123|0x00000000c7b00000, 0x00000000c7b00000, 0x00000000c7c00000|  0%| F|  |TAMS 0x00000000c7b00000, 0x00000000c7b00000| Untracked 
| 124|0x00000000c7c00000, 0x00000000c7c00000, 0x00000000c7d00000|  0%| F|  |TAMS 0x00000000c7c00000, 0x00000000c7c00000| Untracked 
| 125|0x00000000c7d00000, 0x00000000c7d1b308, 0x00000000c7e00000| 10%| E|  |TAMS 0x00000000c7d00000, 0x00000000c7d00000| Complete 

Card table byte_map: [0x0000023bdfe70000,0x0000023be0070000] _byte_map_base: 0x0000023bdf870000

Marking Bits (Prev, Next): (CMBitMap*) 0x0000023bd9f05720, (CMBitMap*) 0x0000023bd9f05760
 Prev Bits: [0x0000023be0270000, 0x0000023be1270000)
 Next Bits: [0x0000023be1270000, 0x0000023be2270000)

Polling page: 0x0000023bd7e60000

Metaspace:

Usage:
  Non-class:     43.90 MB used.
      Class:      6.37 MB used.
       Both:     50.27 MB used.

Virtual space:
  Non-class space:       64.00 MB reserved,      44.12 MB ( 69%) committed,  1 nodes.
      Class space:        1.00 GB reserved,       6.56 MB ( <1%) committed,  1 nodes.
             Both:        1.06 GB reserved,      50.69 MB (  5%) committed. 

Chunk freelists:
   Non-Class:  3.67 MB
       Class:  9.40 MB
        Both:  13.07 MB

MaxMetaspaceSize: unlimited
CompressedClassSpaceSize: 1.00 GB
Initial GC threshold: 21.00 MB
Current GC threshold: 84.31 MB
CDS: off
MetaspaceReclaimPolicy: balanced
 - commit_granule_bytes: 65536.
 - commit_granule_words: 8192.
 - virtual_space_node_default_size: 8388608.
 - enlarge_chunks_in_place: 1.
 - new_chunks_are_fully_committed: 0.
 - uncommit_free_chunks: 1.
 - use_allocation_guard: 0.
 - handle_deallocations: 1.


Internal statistics:

num_allocs_failed_limit: 9.
num_arena_births: 672.
num_arena_deaths: 262.
num_vsnodes_births: 2.
num_vsnodes_deaths: 0.
num_space_committed: 810.
num_space_uncommitted: 0.
num_chunks_returned_to_freelist: 320.
num_chunks_taken_from_freelist: 2321.
num_chunk_merges: 96.
num_chunk_splits: 1517.
num_chunks_enlarged: 1135.
num_inconsistent_stats: 0.

CodeCache: size=49152Kb used=9165Kb max_used=10008Kb free=39986Kb
 bounds [0x0000023bdcb50000, 0x0000023bdd520000, 0x0000023bdfb50000]
 total_blobs=5778 nmethods=5151 adapters=554
 compilation: enabled
              stopped_count=0, restarted_count=0
 full_count=0

Compilation events (20 events):
Event: 873.979 Thread 0x0000023be9021250 5140       1       java.util.stream.FindOps$FindSink$OfRef$$Lambda$138/0x0000000100160f20::get (8 bytes)
Event: 873.979 Thread 0x0000023be9021250 nmethod 5140 0x0000023bdd4e3b90 code [0x0000023bdd4e3d20, 0x0000023bdd4e3e38]
Event: 873.979 Thread 0x0000023be9021250 5141       1       java.util.stream.FindOps$FindSink$OfRef::<init> (5 bytes)
Event: 873.979 Thread 0x0000023be9021250 nmethod 5141 0x0000023bdd4e3890 code [0x0000023bdd4e3a20, 0x0000023bdd4e3ad8]
Event: 873.979 Thread 0x0000023be9021250 5142   !   1       java.io.PrintStream::flush (35 bytes)
Event: 873.981 Thread 0x0000023be9021250 nmethod 5142 0x0000023bdd4e3290 code [0x0000023bdd4e3440, 0x0000023bdd4e36f8]
Event: 883.451 Thread 0x0000023be9021250 5143       1       org.eclipse.lsp4j.util.Preconditions::checkNotNull (39 bytes)
Event: 883.458 Thread 0x0000023be9021250 nmethod 5143 0x0000023bdd4e2d10 code [0x0000023bdd4e2ee0, 0x0000023bdd4e3108]
Event: 883.458 Thread 0x0000023be9021250 5144       1       java.lang.StackStreamFactory$FrameBuffer::startIndex (2 bytes)
Event: 883.458 Thread 0x0000023be9021250 nmethod 5144 0x0000023bdd4e2a10 code [0x0000023bdd4e2ba0, 0x0000023bdd4e2c78]
Event: 883.458 Thread 0x0000023be9021250 5145       1       java.lang.StackStreamFactory$StackFrameTraverser$StackFrameBuffer::frames (5 bytes)
Event: 883.461 Thread 0x0000023be9021250 nmethod 5145 0x0000023bdd4e2710 code [0x0000023bdd4e28a0, 0x0000023bdd4e2978]
Event: 884.658 Thread 0x0000023be9021250 5146       1       java.util.concurrent.CompletableFuture$Completion::<init> (5 bytes)
Event: 884.659 Thread 0x0000023be9021250 nmethod 5146 0x0000023bdd4e2410 code [0x0000023bdd4e25a0, 0x0000023bdd4e2658]
Event: 884.663 Thread 0x0000023be9021250 5147       1       java.util.concurrent.CompletableFuture::tryPushStack (23 bytes)
Event: 884.678 Thread 0x0000023be9021250 nmethod 5147 0x0000023bdd4e1690 code [0x0000023bdd4e18e0, 0x0000023bdd4e2068]
Event: 884.959 Thread 0x0000023be9021250 5148       1       java.util.logging.Level::intValue (5 bytes)
Event: 884.960 Thread 0x0000023be9021250 nmethod 5148 0x0000023bdd4e1390 code [0x0000023bdd4e1520, 0x0000023bdd4e15f8]
Event: 896.063 Thread 0x0000023be9021250 5149       1       java.lang.StackStreamFactory$StackFrameTraverser::characteristics (4 bytes)
Event: 896.063 Thread 0x0000023be9021250 nmethod 5149 0x0000023bdd4e1090 code [0x0000023bdd4e1220, 0x0000023bdd4e12f8]

GC Heap History (20 events):
Event: 804.777 GC heap after
{Heap after GC invocations=68 (full 56):
 garbage-first heap   total 81920K, used 29062K [0x00000000c0000000, 0x0000000100000000)
  region size 1024K, 0 young (0K), 0 survivors (0K)
 Metaspace       used 51473K, committed 51904K, reserved 1114112K
  class space    used 6523K, committed 6720K, reserved 1048576K
}
Event: 815.143 GC heap before
{Heap before GC invocations=68 (full 56):
 garbage-first heap   total 81920K, used 29062K [0x00000000c0000000, 0x0000000100000000)
  region size 1024K, 1 young (1024K), 0 survivors (0K)
 Metaspace       used 51473K, committed 51904K, reserved 1114112K
  class space    used 6523K, committed 6720K, reserved 1048576K
}
Event: 815.169 GC heap after
{Heap after GC invocations=69 (full 57):
 garbage-first heap   total 81920K, used 29062K [0x00000000c0000000, 0x0000000100000000)
  region size 1024K, 0 young (0K), 0 survivors (0K)
 Metaspace       used 51473K, committed 51904K, reserved 1114112K
  class space    used 6523K, committed 6720K, reserved 1048576K
}
Event: 825.503 GC heap before
{Heap before GC invocations=69 (full 57):
 garbage-first heap   total 81920K, used 29062K [0x00000000c0000000, 0x0000000100000000)
  region size 1024K, 1 young (1024K), 0 survivors (0K)
 Metaspace       used 51473K, committed 51904K, reserved 1114112K
  class space    used 6523K, committed 6720K, reserved 1048576K
}
Event: 825.554 GC heap after
{Heap after GC invocations=70 (full 58):
 garbage-first heap   total 81920K, used 29062K [0x00000000c0000000, 0x0000000100000000)
  region size 1024K, 0 young (0K), 0 survivors (0K)
 Metaspace       used 51473K, committed 51904K, reserved 1114112K
  class space    used 6523K, committed 6720K, reserved 1048576K
}
Event: 835.756 GC heap before
{Heap before GC invocations=70 (full 58):
 garbage-first heap   total 81920K, used 29062K [0x00000000c0000000, 0x0000000100000000)
  region size 1024K, 1 young (1024K), 0 survivors (0K)
 Metaspace       used 51473K, committed 51904K, reserved 1114112K
  class space    used 6523K, committed 6720K, reserved 1048576K
}
Event: 835.779 GC heap after
{Heap after GC invocations=71 (full 59):
 garbage-first heap   total 81920K, used 29062K [0x00000000c0000000, 0x0000000100000000)
  region size 1024K, 0 young (0K), 0 survivors (0K)
 Metaspace       used 51473K, committed 51904K, reserved 1114112K
  class space    used 6523K, committed 6720K, reserved 1048576K
}
Event: 846.001 GC heap before
{Heap before GC invocations=71 (full 59):
 garbage-first heap   total 81920K, used 29062K [0x00000000c0000000, 0x0000000100000000)
  region size 1024K, 1 young (1024K), 0 survivors (0K)
 Metaspace       used 51473K, committed 51904K, reserved 1114112K
  class space    used 6523K, committed 6720K, reserved 1048576K
}
Event: 846.020 GC heap after
{Heap after GC invocations=72 (full 60):
 garbage-first heap   total 81920K, used 29062K [0x00000000c0000000, 0x0000000100000000)
  region size 1024K, 0 young (0K), 0 survivors (0K)
 Metaspace       used 51473K, committed 51904K, reserved 1114112K
  class space    used 6523K, committed 6720K, reserved 1048576K
}
Event: 856.328 GC heap before
{Heap before GC invocations=72 (full 60):
 garbage-first heap   total 81920K, used 29062K [0x00000000c0000000, 0x0000000100000000)
  region size 1024K, 1 young (1024K), 0 survivors (0K)
 Metaspace       used 51473K, committed 51904K, reserved 1114112K
  class space    used 6523K, committed 6720K, reserved 1048576K
}
Event: 856.363 GC heap after
{Heap after GC invocations=73 (full 61):
 garbage-first heap   total 81920K, used 29062K [0x00000000c0000000, 0x0000000100000000)
  region size 1024K, 0 young (0K), 0 survivors (0K)
 Metaspace       used 51473K, committed 51904K, reserved 1114112K
  class space    used 6523K, committed 6720K, reserved 1048576K
}
Event: 866.716 GC heap before
{Heap before GC invocations=73 (full 61):
 garbage-first heap   total 81920K, used 29062K [0x00000000c0000000, 0x0000000100000000)
  region size 1024K, 1 young (1024K), 0 survivors (0K)
 Metaspace       used 51473K, committed 51904K, reserved 1114112K
  class space    used 6523K, committed 6720K, reserved 1048576K
}
Event: 866.736 GC heap after
{Heap after GC invocations=74 (full 62):
 garbage-first heap   total 81920K, used 29062K [0x00000000c0000000, 0x0000000100000000)
  region size 1024K, 0 young (0K), 0 survivors (0K)
 Metaspace       used 51473K, committed 51904K, reserved 1114112K
  class space    used 6523K, committed 6720K, reserved 1048576K
}
Event: 928.129 GC heap before
{Heap before GC invocations=74 (full 62):
 garbage-first heap   total 81920K, used 29062K [0x00000000c0000000, 0x0000000100000000)
  region size 1024K, 1 young (1024K), 0 survivors (0K)
 Metaspace       used 51478K, committed 51904K, reserved 1114112K
  class space    used 6525K, committed 6720K, reserved 1048576K
}
Event: 928.322 GC heap after
{Heap after GC invocations=75 (full 63):
 garbage-first heap   total 81920K, used 29065K [0x00000000c0000000, 0x0000000100000000)
  region size 1024K, 0 young (0K), 0 survivors (0K)
 Metaspace       used 51478K, committed 51904K, reserved 1114112K
  class space    used 6525K, committed 6720K, reserved 1048576K
}
Event: 938.523 GC heap before
{Heap before GC invocations=75 (full 63):
 garbage-first heap   total 81920K, used 29065K [0x00000000c0000000, 0x0000000100000000)
  region size 1024K, 1 young (1024K), 0 survivors (0K)
 Metaspace       used 51478K, committed 51904K, reserved 1114112K
  class space    used 6525K, committed 6720K, reserved 1048576K
}
Event: 938.543 GC heap after
{Heap after GC invocations=76 (full 64):
 garbage-first heap   total 81920K, used 29064K [0x00000000c0000000, 0x0000000100000000)
  region size 1024K, 0 young (0K), 0 survivors (0K)
 Metaspace       used 51478K, committed 51904K, reserved 1114112K
  class space    used 6525K, committed 6720K, reserved 1048576K
}
Event: 948.785 GC heap before
{Heap before GC invocations=76 (full 64):
 garbage-first heap   total 81920K, used 29064K [0x00000000c0000000, 0x0000000100000000)
  region size 1024K, 1 young (1024K), 0 survivors (0K)
 Metaspace       used 51478K, committed 51904K, reserved 1114112K
  class space    used 6525K, committed 6720K, reserved 1048576K
}
Event: 948.813 GC heap after
{Heap after GC invocations=77 (full 65):
 garbage-first heap   total 81920K, used 29064K [0x00000000c0000000, 0x0000000100000000)
  region size 1024K, 0 young (0K), 0 survivors (0K)
 Metaspace       used 51478K, committed 51904K, reserved 1114112K
  class space    used 6525K, committed 6720K, reserved 1048576K
}
Event: 961.133 GC heap before
{Heap before GC invocations=77 (full 65):
 garbage-first heap   total 81920K, used 29064K [0x00000000c0000000, 0x0000000100000000)
  region size 1024K, 1 young (1024K), 0 survivors (0K)
 Metaspace       used 51478K, committed 51904K, reserved 1114112K
  class space    used 6525K, committed 6720K, reserved 1048576K
}

Dll operation events (10 events):
Event: 0.018 Loaded shared library c:\Users\trand\.vscode\extensions\redhat.java-1.34.0-win32-x64\jre\17.0.12-win32-x86_64\bin\java.dll
Event: 2.021 Loaded shared library C:\Users\trand\.vscode\extensions\redhat.java-1.34.0-win32-x64\jre\17.0.12-win32-x86_64\bin\net.dll
Event: 2.028 Loaded shared library C:\Users\trand\.vscode\extensions\redhat.java-1.34.0-win32-x64\jre\17.0.12-win32-x86_64\bin\nio.dll
Event: 2.068 Loaded shared library C:\Users\trand\.vscode\extensions\redhat.java-1.34.0-win32-x64\jre\17.0.12-win32-x86_64\bin\zip.dll
Event: 2.899 Loaded shared library C:\Users\trand\.vscode\extensions\redhat.java-1.34.0-win32-x64\jre\17.0.12-win32-x86_64\bin\jimage.dll
Event: 7.207 Loaded shared library c:\Users\trand\.vscode\extensions\redhat.java-1.34.0-win32-x64\jre\17.0.12-win32-x86_64\bin\verify.dll
Event: 15.201 Loaded shared library C:\Users\trand\.vscode\extensions\redhat.java-1.34.0-win32-x64\jre\17.0.12-win32-x86_64\bin\management.dll
Event: 15.214 Loaded shared library C:\Users\trand\.vscode\extensions\redhat.java-1.34.0-win32-x64\jre\17.0.12-win32-x86_64\bin\management_ext.dll
Event: 17.310 Loaded shared library C:\Users\trand\.vscode\extensions\redhat.java-1.34.0-win32-x64\jre\17.0.12-win32-x86_64\bin\sunmscapi.dll
Event: 18.600 Loaded shared library C:\Users\trand\.vscode\extensions\redhat.java-1.34.0-win32-x64\jre\17.0.12-win32-x86_64\bin\extnet.dll

Deoptimization events (8 events):
Event: 16.241 Thread 0x0000023bea944820 DEOPT PACKING pc=0x0000023bdd0acf01 sp=0x000000871c2fe070
Event: 16.241 Thread 0x0000023bea944820 DEOPT UNPACKING pc=0x0000023bdcba7143 sp=0x000000871c2fd500 mode 3
Event: 16.241 Thread 0x0000023bea522410 DEOPT PACKING pc=0x0000023bdd083617 sp=0x000000871c9fed30
Event: 16.241 Thread 0x0000023bea522410 DEOPT UNPACKING pc=0x0000023bdcba7143 sp=0x000000871c9fe188 mode 3
Event: 17.718 Thread 0x0000023bea522e30 DEOPT PACKING pc=0x0000023bdccb2b8c sp=0x000000871cbfae50
Event: 17.718 Thread 0x0000023bea522e30 DEOPT UNPACKING pc=0x0000023bdcba7143 sp=0x000000871cbfa318 mode 0
Event: 115.803 Thread 0x0000023bea8cf030 DEOPT PACKING pc=0x0000023bdd16c4d4 sp=0x000000871c1ff320
Event: 115.803 Thread 0x0000023bea8cf030 DEOPT UNPACKING pc=0x0000023bdcba7143 sp=0x000000871c1fe7c8 mode 0

Classes loaded (20 events):
Event: 320.417 Loading class sun/nio/ch/SocketOptionRegistry
Event: 320.423 Loading class sun/nio/ch/SocketOptionRegistry done
Event: 320.423 Loading class sun/nio/ch/SocketOptionRegistry$RegistryKey
Event: 320.428 Loading class sun/nio/ch/SocketOptionRegistry$RegistryKey done
Event: 320.428 Loading class sun/nio/ch/SocketOptionRegistry$LazyInitialization
Event: 320.429 Loading class sun/nio/ch/SocketOptionRegistry$LazyInitialization done
Event: 320.430 Loading class sun/nio/ch/OptionKey
Event: 320.432 Loading class sun/nio/ch/OptionKey done
Event: 320.432 Loading class sun/nio/ch/ExtendedSocketOption
Event: 320.433 Loading class sun/nio/ch/ExtendedSocketOption done
Event: 320.433 Loading class sun/nio/ch/ExtendedSocketOption$1
Event: 320.435 Loading class sun/nio/ch/ExtendedSocketOption$1 done
Event: 320.443 Loading class sun/security/ssl/Alert
Event: 320.454 Loading class sun/security/ssl/Alert done
Event: 320.457 Loading class sun/security/ssl/Alert$AlertConsumer
Event: 320.460 Loading class sun/security/ssl/Alert$AlertConsumer done
Event: 320.460 Loading class sun/security/ssl/Alert$Level
Event: 320.460 Loading class sun/security/ssl/Alert$Level done
Event: 320.480 Loading class sun/net/ConnectionResetException
Event: 320.481 Loading class sun/net/ConnectionResetException done

Classes unloaded (20 events):
Event: 217.162 Thread 0x0000023be4cf59f0 Unloading class 0x00000001003aa000 'java/lang/invoke/LambdaForm$MH+0x00000001003aa000'
Event: 217.162 Thread 0x0000023be4cf59f0 Unloading class 0x00000001003ab400 'java/lang/invoke/LambdaForm$MH+0x00000001003ab400'
Event: 217.162 Thread 0x0000023be4cf59f0 Unloading class 0x00000001003ac400 'java/lang/invoke/LambdaForm$MH+0x00000001003ac400'
Event: 217.162 Thread 0x0000023be4cf59f0 Unloading class 0x00000001003acc00 'java/lang/invoke/LambdaForm$MH+0x00000001003acc00'
Event: 217.162 Thread 0x0000023be4cf59f0 Unloading class 0x00000001003ad400 'java/lang/invoke/LambdaForm$MH+0x00000001003ad400'
Event: 217.162 Thread 0x0000023be4cf59f0 Unloading class 0x00000001003b2c00 'java/lang/invoke/LambdaForm$MH+0x00000001003b2c00'
Event: 217.163 Thread 0x0000023be4cf59f0 Unloading class 0x00000001003b8400 'java/lang/invoke/LambdaForm$MH+0x00000001003b8400'
Event: 217.163 Thread 0x0000023be4cf59f0 Unloading class 0x00000001003b8800 'java/lang/invoke/LambdaForm$MH+0x00000001003b8800'
Event: 217.163 Thread 0x0000023be4cf59f0 Unloading class 0x00000001003b9800 'java/lang/invoke/LambdaForm$MH+0x00000001003b9800'
Event: 217.163 Thread 0x0000023be4cf59f0 Unloading class 0x00000001003bc800 'java/lang/invoke/LambdaForm$MH+0x00000001003bc800'
Event: 217.163 Thread 0x0000023be4cf59f0 Unloading class 0x0000000100410000 'java/lang/invoke/LambdaForm$MH+0x0000000100410000'
Event: 217.163 Thread 0x0000023be4cf59f0 Unloading class 0x0000000100434400 'java/lang/invoke/LambdaForm$MH+0x0000000100434400'
Event: 217.163 Thread 0x0000023be4cf59f0 Unloading class 0x0000000100436000 'java/lang/invoke/LambdaForm$MH+0x0000000100436000'
Event: 217.163 Thread 0x0000023be4cf59f0 Unloading class 0x0000000100494400 'java/lang/invoke/LambdaForm$MH+0x0000000100494400'
Event: 217.163 Thread 0x0000023be4cf59f0 Unloading class 0x0000000100528c00 'java/lang/invoke/LambdaForm$MH+0x0000000100528c00'
Event: 217.163 Thread 0x0000023be4cf59f0 Unloading class 0x0000000100550000 'java/lang/invoke/LambdaForm$MH+0x0000000100550000'
Event: 217.163 Thread 0x0000023be4cf59f0 Unloading class 0x0000000100565000 'java/lang/invoke/LambdaForm$MH+0x0000000100565000'
Event: 217.163 Thread 0x0000023be4cf59f0 Unloading class 0x0000000100598400 'java/lang/invoke/LambdaForm$MH+0x0000000100598400'
Event: 217.163 Thread 0x0000023be4cf59f0 Unloading class 0x0000000100599400 'java/lang/invoke/LambdaForm$MH+0x0000000100599400'
Event: 217.163 Thread 0x0000023be4cf59f0 Unloading class 0x0000000100672400 'java/lang/invoke/LambdaForm$MH+0x0000000100672400'

Classes redefined (0 events):
No events

Internal exceptions (20 events):
Event: 116.893 Thread 0x0000023beb250b80 Exception <a 'sun/nio/fs/WindowsException'{0x00000000c40a3bf0}> (0x00000000c40a3bf0) 
thrown [s\src\hotspot\share\prims\jni.cpp, line 516]
Event: 116.893 Thread 0x0000023beb250b80 Exception <a 'sun/nio/fs/WindowsException'{0x00000000c40a3fe0}> (0x00000000c40a3fe0) 
thrown [s\src\hotspot\share\prims\jni.cpp, line 516]
Event: 116.903 Thread 0x0000023beb250b80 Exception <a 'sun/nio/fs/WindowsException'{0x00000000c40a4d30}> (0x00000000c40a4d30) 
thrown [s\src\hotspot\share\prims\jni.cpp, line 516]
Event: 116.903 Thread 0x0000023beb250b80 Exception <a 'sun/nio/fs/WindowsException'{0x00000000c40a5480}> (0x00000000c40a5480) 
thrown [s\src\hotspot\share\prims\jni.cpp, line 516]
Event: 116.903 Thread 0x0000023beb250b80 Exception <a 'sun/nio/fs/WindowsException'{0x00000000c40a5838}> (0x00000000c40a5838) 
thrown [s\src\hotspot\share\prims\jni.cpp, line 516]
Event: 116.903 Thread 0x0000023beb250b80 Exception <a 'sun/nio/fs/WindowsException'{0x00000000c40a6798}> (0x00000000c40a6798) 
thrown [s\src\hotspot\share\prims\jni.cpp, line 516]
Event: 116.903 Thread 0x0000023beb250b80 Exception <a 'sun/nio/fs/WindowsException'{0x00000000c40a6b88}> (0x00000000c40a6b88) 
thrown [s\src\hotspot\share\prims\jni.cpp, line 516]
Event: 116.904 Thread 0x0000023beb250b80 Exception <a 'sun/nio/fs/WindowsException'{0x00000000c40a78f0}> (0x00000000c40a78f0) 
thrown [s\src\hotspot\share\prims\jni.cpp, line 516]
Event: 116.904 Thread 0x0000023beb250b80 Exception <a 'sun/nio/fs/WindowsException'{0x00000000c40a8080}> (0x00000000c40a8080) 
thrown [s\src\hotspot\share\prims\jni.cpp, line 516]
Event: 116.904 Thread 0x0000023beb250b80 Exception <a 'sun/nio/fs/WindowsException'{0x00000000c40a8458}> (0x00000000c40a8458) 
thrown [s\src\hotspot\share\prims\jni.cpp, line 516]
Event: 116.904 Thread 0x0000023beb250b80 Exception <a 'sun/nio/fs/WindowsException'{0x00000000c40a93e0}> (0x00000000c40a93e0) 
thrown [s\src\hotspot\share\prims\jni.cpp, line 516]
Event: 116.904 Thread 0x0000023beb250b80 Exception <a 'sun/nio/fs/WindowsException'{0x00000000c40a97f8}> (0x00000000c40a97f8) 
thrown [s\src\hotspot\share\prims\jni.cpp, line 516]
Event: 116.904 Thread 0x0000023beb250b80 Exception <a 'sun/nio/fs/WindowsException'{0x00000000c40aa560}> (0x00000000c40aa560) 
thrown [s\src\hotspot\share\prims\jni.cpp, line 516]
Event: 116.904 Thread 0x0000023beb250b80 Exception <a 'sun/nio/fs/WindowsException'{0x00000000c40aacf0}> (0x00000000c40aacf0) 
thrown [s\src\hotspot\share\prims\jni.cpp, line 516]
Event: 116.907 Thread 0x0000023beb250b80 Exception <a 'sun/nio/fs/WindowsException'{0x00000000c40ab0c8}> (0x00000000c40ab0c8) 
thrown [s\src\hotspot\share\prims\jni.cpp, line 516]
Event: 116.907 Thread 0x0000023beb250b80 Exception <a 'sun/nio/fs/WindowsException'{0x00000000c40ac050}> (0x00000000c40ac050) 
thrown [s\src\hotspot\share\prims\jni.cpp, line 516]
Event: 116.907 Thread 0x0000023beb250b80 Exception <a 'sun/nio/fs/WindowsException'{0x00000000c40ac468}> (0x00000000c40ac468) 
thrown [s\src\hotspot\share\prims\jni.cpp, line 516]
Event: 320.480 Thread 0x0000023bea5200a0 Exception <a 'java/io/IOException'{0x00000000c7d61bc8}> (0x00000000c7d61bc8) 
thrown [s\src\hotspot\share\prims\jni.cpp, line 516]
Event: 320.868 Thread 0x0000023bea520ac0 Exception <a 'java/io/IOException'{0x00000000c7d73010}> (0x00000000c7d73010) 
thrown [s\src\hotspot\share\prims\jni.cpp, line 516]
Event: 321.950 Thread 0x0000023beb24d8e0 Exception <a 'java/io/IOException'{0x00000000c7d844d0}> (0x00000000c7d844d0) 
thrown [s\src\hotspot\share\prims\jni.cpp, line 516]

VM Operations (20 events):
Event: 846.020 Executing VM operation: G1CollectFull done
Event: 855.065 Executing VM operation: Cleanup
Event: 855.065 Executing VM operation: Cleanup done
Event: 856.328 Executing VM operation: G1CollectFull
Event: 856.363 Executing VM operation: G1CollectFull done
Event: 866.716 Executing VM operation: G1CollectFull
Event: 866.736 Executing VM operation: G1CollectFull done
Event: 874.789 Executing VM operation: Cleanup
Event: 874.790 Executing VM operation: Cleanup done
Event: 884.849 Executing VM operation: Cleanup
Event: 884.849 Executing VM operation: Cleanup done
Event: 928.127 Executing VM operation: G1CollectFull
Event: 928.323 Executing VM operation: G1CollectFull done
Event: 938.522 Executing VM operation: G1CollectFull
Event: 938.543 Executing VM operation: G1CollectFull done
Event: 945.619 Executing VM operation: Cleanup
Event: 945.619 Executing VM operation: Cleanup done
Event: 948.785 Executing VM operation: G1CollectFull
Event: 948.813 Executing VM operation: G1CollectFull done
Event: 961.133 Executing VM operation: G1CollectFull

Events (20 events):
Event: 115.888 Thread 0x0000023beb251ab0 Thread added: 0x0000023beb251ab0
Event: 116.370 Thread 0x0000023beb250b80 Thread added: 0x0000023beb250b80
Event: 116.591 Thread 0x0000023beb2c6920 Thread added: 0x0000023beb2c6920
Event: 117.031 Thread 0x0000023be9c1e080 Thread added: 0x0000023be9c1e080
Event: 118.277 Thread 0x0000023be9c1e080 Thread exited: 0x0000023be9c1e080
Event: 119.593 Thread 0x0000023beb251090 Thread added: 0x0000023beb251090
Event: 123.625 Thread 0x0000023beb2c6920 Thread exited: 0x0000023beb2c6920
Event: 175.937 Thread 0x0000023beb24c9b0 Thread exited: 0x0000023beb24c9b0
Event: 176.316 Thread 0x0000023beb250670 Thread exited: 0x0000023beb250670
Event: 177.701 Thread 0x0000023beb24d3d0 Thread exited: 0x0000023beb24d3d0
Event: 179.602 Thread 0x0000023beb251090 Thread exited: 0x0000023beb251090
Event: 281.158 Thread 0x0000023beb251ab0 Thread exited: 0x0000023beb251ab0
Event: 320.381 Thread 0x0000023beb251ab0 Thread added: 0x0000023beb251ab0
Event: 380.500 Thread 0x0000023beb250160 Thread exited: 0x0000023beb250160
Event: 380.881 Thread 0x0000023beb251ab0 Thread exited: 0x0000023beb251ab0
Event: 380.881 Thread 0x0000023bea520ac0 Thread exited: 0x0000023bea520ac0
Event: 381.961 Thread 0x0000023beb24d8e0 Thread exited: 0x0000023beb24d8e0
Event: 381.961 Thread 0x0000023bea5200a0 Thread exited: 0x0000023bea5200a0
Event: 884.662 Thread 0x0000023beb24ddf0 Thread added: 0x0000023beb24ddf0
Event: 944.739 Thread 0x0000023beb24ddf0 Thread exited: 0x0000023beb24ddf0


Dynamic libraries:
0x00007ff7e2740000 - 0x00007ff7e274e000 	c:\Users\trand\.vscode\extensions\redhat.java-1.34.0-win32-x64\jre\17.0.12-win32-x86_64\bin\java.exe
0x00007ffcad090000 - 0x00007ffcad2a7000 	C:\WINDOWS\SYSTEM32\ntdll.dll
0x00007ffcab920000 - 0x00007ffcab9e4000 	C:\WINDOWS\System32\KERNEL32.DLL
0x00007ffcaa570000 - 0x00007ffcaa91d000 	C:\WINDOWS\System32\KERNELBASE.dll
0x00007ffcaa9e0000 - 0x00007ffcaaaf1000 	C:\WINDOWS\System32\ucrtbase.dll
0x00007ffc9a370000 - 0x00007ffc9a387000 	c:\Users\trand\.vscode\extensions\redhat.java-1.34.0-win32-x64\jre\17.0.12-win32-x86_64\bin\jli.dll
0x00007ffcacdf0000 - 0x00007ffcacf9e000 	C:\WINDOWS\System32\USER32.dll
0x00007ffcaa3b0000 - 0x00007ffcaa3d6000 	C:\WINDOWS\System32\win32u.dll
0x00007ffcacfa0000 - 0x00007ffcacfc9000 	C:\WINDOWS\System32\GDI32.dll
0x00007ffcaac70000 - 0x00007ffcaad89000 	C:\WINDOWS\System32\gdi32full.dll
0x00007ffcaa3e0000 - 0x00007ffcaa47a000 	C:\WINDOWS\System32\msvcp_win.dll
0x00007ffc98be0000 - 0x00007ffc98bfb000 	c:\Users\trand\.vscode\extensions\redhat.java-1.34.0-win32-x64\jre\17.0.12-win32-x86_64\bin\VCRUNTIME140.dll
0x00007ffc93b90000 - 0x00007ffc93e23000 	C:\WINDOWS\WinSxS\amd64_microsoft.windows.common-controls_6595b64144ccf1df_6.0.22621.3672_none_2713b9d173822955\COMCTL32.dll
0x00007ffcac0f0000 - 0x00007ffcac197000 	C:\WINDOWS\System32\msvcrt.dll
0x00007ffcac060000 - 0x00007ffcac091000 	C:\WINDOWS\System32\IMM32.DLL
0x00007ffca6b70000 - 0x00007ffca6b7c000 	c:\Users\trand\.vscode\extensions\redhat.java-1.34.0-win32-x64\jre\17.0.12-win32-x86_64\bin\vcruntime140_1.dll
0x00007ffc711d0000 - 0x00007ffc7125d000 	c:\Users\trand\.vscode\extensions\redhat.java-1.34.0-win32-x64\jre\17.0.12-win32-x86_64\bin\msvcp140.dll
0x00007ffc3e500000 - 0x00007ffc3f16a000 	c:\Users\trand\.vscode\extensions\redhat.java-1.34.0-win32-x64\jre\17.0.12-win32-x86_64\bin\server\jvm.dll
0x00007ffcab6b0000 - 0x00007ffcab762000 	C:\WINDOWS\System32\ADVAPI32.dll
0x00007ffcacd40000 - 0x00007ffcacde9000 	C:\WINDOWS\System32\sechost.dll
0x00007ffcaad90000 - 0x00007ffcaadb8000 	C:\WINDOWS\System32\bcrypt.dll
0x00007ffcab770000 - 0x00007ffcab884000 	C:\WINDOWS\System32\RPCRT4.dll
0x00007ffcab630000 - 0x00007ffcab6a1000 	C:\WINDOWS\System32\WS2_32.dll
0x00007ffca9240000 - 0x00007ffca928d000 	C:\WINDOWS\SYSTEM32\POWRPROF.dll
0x00007ffca4c80000 - 0x00007ffca4cb4000 	C:\WINDOWS\SYSTEM32\WINMM.dll
0x00007ffca3100000 - 0x00007ffca310a000 	C:\WINDOWS\SYSTEM32\VERSION.dll
0x00007ffca9220000 - 0x00007ffca9233000 	C:\WINDOWS\SYSTEM32\UMPDC.dll
0x00007ffca94d0000 - 0x00007ffca94e8000 	C:\WINDOWS\SYSTEM32\kernel.appcore.dll
0x00007ffca6b10000 - 0x00007ffca6b1a000 	c:\Users\trand\.vscode\extensions\redhat.java-1.34.0-win32-x64\jre\17.0.12-win32-x86_64\bin\jimage.dll
0x00007ffca7980000 - 0x00007ffca7bb2000 	C:\WINDOWS\SYSTEM32\DBGHELP.DLL
0x00007ffcac250000 - 0x00007ffcac5dd000 	C:\WINDOWS\System32\combase.dll
0x00007ffcacba0000 - 0x00007ffcacc77000 	C:\WINDOWS\System32\OLEAUT32.dll
0x00007ffc920f0000 - 0x00007ffc92122000 	C:\WINDOWS\SYSTEM32\dbgcore.DLL
0x00007ffcaa4f0000 - 0x00007ffcaa56b000 	C:\WINDOWS\System32\bcryptPrimitives.dll
0x00007ffc811f0000 - 0x00007ffc81215000 	c:\Users\trand\.vscode\extensions\redhat.java-1.34.0-win32-x64\jre\17.0.12-win32-x86_64\bin\java.dll
0x00007ffc8b370000 - 0x00007ffc8b388000 	c:\Users\trand\.vscode\extensions\redhat.java-1.34.0-win32-x64\jre\17.0.12-win32-x86_64\bin\zip.dll
0x00007ffcaadc0000 - 0x00007ffcab628000 	C:\WINDOWS\System32\SHELL32.dll
0x00007ffca8310000 - 0x00007ffca8c0e000 	C:\WINDOWS\SYSTEM32\windows.storage.dll
0x00007ffca81d0000 - 0x00007ffca830f000 	C:\WINDOWS\SYSTEM32\wintypes.dll
0x00007ffcacaa0000 - 0x00007ffcacb99000 	C:\WINDOWS\System32\SHCORE.dll
0x00007ffcacce0000 - 0x00007ffcacd3e000 	C:\WINDOWS\System32\shlwapi.dll
0x00007ffcaa2e0000 - 0x00007ffcaa301000 	C:\WINDOWS\SYSTEM32\profapi.dll
0x00007ffc8b1e0000 - 0x00007ffc8b1f9000 	C:\Users\trand\.vscode\extensions\redhat.java-1.34.0-win32-x64\jre\17.0.12-win32-x86_64\bin\net.dll
0x00007ffca6470000 - 0x00007ffca65a6000 	C:\WINDOWS\SYSTEM32\WINHTTP.dll
0x00007ffca9940000 - 0x00007ffca99a9000 	C:\WINDOWS\system32\mswsock.dll
0x00007ffc88780000 - 0x00007ffc88796000 	C:\Users\trand\.vscode\extensions\redhat.java-1.34.0-win32-x64\jre\17.0.12-win32-x86_64\bin\nio.dll
0x00007ffca5470000 - 0x00007ffca5480000 	c:\Users\trand\.vscode\extensions\redhat.java-1.34.0-win32-x64\jre\17.0.12-win32-x86_64\bin\verify.dll
0x00007ffca9bb0000 - 0x00007ffca9bcb000 	C:\WINDOWS\SYSTEM32\CRYPTSP.dll
0x00007ffca9430000 - 0x00007ffca9465000 	C:\WINDOWS\system32\rsaenh.dll
0x00007ffca9a40000 - 0x00007ffca9a68000 	C:\WINDOWS\SYSTEM32\USERENV.dll
0x00007ffca9ba0000 - 0x00007ffca9bac000 	C:\WINDOWS\SYSTEM32\CRYPTBASE.dll
0x00007ffca8f20000 - 0x00007ffca8f4d000 	C:\WINDOWS\SYSTEM32\IPHLPAPI.DLL
0x00007ffcaca60000 - 0x00007ffcaca69000 	C:\WINDOWS\System32\NSI.dll
0x00007ffca6370000 - 0x00007ffca6389000 	C:\WINDOWS\SYSTEM32\dhcpcsvc6.DLL
0x00007ffca62a0000 - 0x00007ffca62bf000 	C:\WINDOWS\SYSTEM32\dhcpcsvc.DLL
0x00007ffca8f50000 - 0x00007ffca9048000 	C:\WINDOWS\SYSTEM32\DNSAPI.dll
0x00007ffca53e0000 - 0x00007ffca53e9000 	C:\Users\trand\.vscode\extensions\redhat.java-1.34.0-win32-x64\jre\17.0.12-win32-x86_64\bin\management.dll
0x00007ffc9a420000 - 0x00007ffc9a42b000 	C:\Users\trand\.vscode\extensions\redhat.java-1.34.0-win32-x64\jre\17.0.12-win32-x86_64\bin\management_ext.dll
0x00007ffcac050000 - 0x00007ffcac058000 	C:\WINDOWS\System32\PSAPI.DLL
0x00007ffca5c80000 - 0x00007ffca5c8e000 	C:\Users\trand\.vscode\extensions\redhat.java-1.34.0-win32-x64\jre\17.0.12-win32-x86_64\bin\sunmscapi.dll
0x00007ffcaab00000 - 0x00007ffcaac67000 	C:\WINDOWS\System32\CRYPT32.dll
0x00007ffca9d40000 - 0x00007ffca9d6e000 	C:\WINDOWS\SYSTEM32\ncrypt.dll
0x00007ffca9d00000 - 0x00007ffca9d37000 	C:\WINDOWS\SYSTEM32\NTASN1.dll
0x00007ffca3530000 - 0x00007ffca353a000 	C:\Windows\System32\rasadhlp.dll
0x00007ffca5e10000 - 0x00007ffca5e93000 	C:\WINDOWS\System32\fwpuclnt.dll
0x00007ffc99fd0000 - 0x00007ffc99fd9000 	C:\Users\trand\.vscode\extensions\redhat.java-1.34.0-win32-x64\jre\17.0.12-win32-x86_64\bin\extnet.dll

dbghelp: loaded successfully - version: 4.0.5 - missing functions: none
symbol engine: initialized successfully - sym options: 0x614 - pdb path: .;c:\Users\trand\.vscode\extensions\redhat.java-1.34.0-win32-x64\jre\17.0.12-win32-x86_64\bin;C:\WINDOWS\SYSTEM32;C:\WINDOWS\WinSxS\amd64_microsoft.windows.common-controls_6595b64144ccf1df_6.0.22621.3672_none_2713b9d173822955;c:\Users\trand\.vscode\extensions\redhat.java-1.34.0-win32-x64\jre\17.0.12-win32-x86_64\bin\server

VM Arguments:
jvm_args: -Xmx1024m -Dsts.lsp.client=vscode -Dsts.log.file=/dev/null -XX:TieredStopAtLevel=1 -Xlog:jni+resolve=off -Dspring.config.location=file:c:\Users\trand\.vscode\extensions\vmware.vscode-spring-boot-1.56.0\language-server\BOOT-INF\classes\application.properties 
java_command: org.springframework.ide.vscode.boot.app.BootLanguageServerBootApp
java_class_path (initial): c:\Users\trand\.vscode\extensions\vmware.vscode-spring-boot-1.56.0\language-server\BOOT-INF\classes;c:\Users\trand\.vscode\extensions\vmware.vscode-spring-boot-1.56.0\language-server\BOOT-INF\lib\annotations-24.1.0.jar;c:\Users\trand\.vscode\extensions\vmware.vscode-spring-boot-1.56.0\language-server\BOOT-INF\lib\antlr4-runtime-4.13.1.jar;c:\Users\trand\.vscode\extensions\vmware.vscode-spring-boot-1.56.0\language-server\BOOT-INF\lib\asm-9.7.jar;c:\Users\trand\.vscode\extensions\vmware.vscode-spring-boot-1.56.0\language-server\BOOT-INF\lib\asm-analysis-9.7.jar;c:\Users\trand\.vscode\extensions\vmware.vscode-spring-boot-1.56.0\language-server\BOOT-INF\lib\asm-tree-9.7.jar;c:\Users\trand\.vscode\extensions\vmware.vscode-spring-boot-1.56.0\language-server\BOOT-INF\lib\asm-util-9.7.jar;c:\Users\trand\.vscode\extensions\vmware.vscode-spring-boot-1.56.0\language-server\BOOT-INF\lib\caffeine-3.1.8.jar;c:\Users\trand\.vscode\extensions\vmware.vscode-spring-boot-1.56.0\language-server\BOOT-INF\lib\checker-qual-3.12.0.jar;c:\Users\trand\.vscode\extensions\vmware.vscode-spring-boot-1.56.0\language-server\BOOT-INF\lib\classgraph-4.8.149.jar;c:\Users\trand\.vscode\extensions\vmware.vscode-spring-boot-1.56.0\language-server\BOOT-INF\lib\commons-codec-1.16.1.jar;c:\Users\trand\.vscode\extensions\vmware.vscode-spring-boot-1.56.0\language-server\BOOT-INF\lib\commons-compress-1.26.2.jar;c:\Users\trand\.vscode\extensions\vmware.vscode-spring-boot-1.56.0\language-server\BOOT-INF\lib\commons-io-2.16.1.jar;c:\Users\trand\.vscode\extensions\vmware.vscode-spring-boot-1.56.0\language-server\BOOT-INF\lib\commons-java-1.56.0-SNAPSHOT.jar;c:\Users\trand\.vscode\extensions\vmware.vscode-spring-boot-1.56.0\language-server\BOOT-INF\lib\commons-lang3-3.14.0.jar;c:\Users\trand\.vscode\extensions\vmware.vscode-spring-boot-1.56.0\language-server\BOOT-INF\lib\commons-language-server-1.56.0-SNAPSHOT.jar;c:\Users\trand\.vscode\extensions\vmware.vscode-spring-boot-1.56.0\langu
Launcher Type: SUN_STANDARD

[Global flags]
     intx CICompilerCount                          = 4                                         {product} {ergonomic}
     uint ConcGCThreads                            = 2                                         {product} {ergonomic}
     uint G1ConcRefinementThreads                  = 8                                         {product} {ergonomic}
   size_t G1HeapRegionSize                         = 1048576                                   {product} {ergonomic}
    uintx GCDrainStackTargetSize                   = 64                                        {product} {ergonomic}
   size_t InitialHeapSize                          = 132120576                                 {product} {ergonomic}
   size_t MarkStackSize                            = 4194304                                   {product} {ergonomic}
   size_t MaxHeapSize                              = 1073741824                                {product} {command line}
   size_t MaxNewSize                               = 643825664                                 {product} {ergonomic}
   size_t MinHeapDeltaBytes                        = 1048576                                   {product} {ergonomic}
   size_t MinHeapSize                              = 8388608                                   {product} {ergonomic}
    uintx NonProfiledCodeHeapSize                  = 0                                      {pd product} {ergonomic}
     bool ProfileInterpreter                       = false                                  {pd product} {command line}
    uintx ProfiledCodeHeapSize                     = 0                                      {pd product} {ergonomic}
   size_t SoftMaxHeapSize                          = 1073741824                             {manageable} {ergonomic}
     intx TieredStopAtLevel                        = 1                                         {product} {command line}
     bool UseCompressedClassPointers               = true                           {product lp64_product} {ergonomic}
     bool UseCompressedOops                        = true                           {product lp64_product} {ergonomic}
     bool UseG1GC                                  = true                                      {product} {ergonomic}
     bool UseLargePagesIndividualAllocation        = false                                  {pd product} {ergonomic}

Logging:
Log output configuration:
 #0: stdout all=warning,jni+resolve=off uptime,level,tags
 #1: stderr all=off uptime,level,tags

Environment Variables:
JAVA_HOME=C:\Program Files\Java\jdk-17
PATH=C:\Program Files\Microsoft MPI\Bin\;C:\Program Files\Common Files\Oracle\Java\javapath;C:\oraclexe\app\oracle\product\11.2.0\server\bin;C:\oraclexe\app\oracle\product\11.2.0\server\bin;C:\oraclexe\app\oracle\product\11.2.0\server\bin;C:\Program Files\Microsoft\jdk-11.0.16.101-hotspot\bin;C:\Windows\system32;C:\Windows;C:\Windows\System32\Wbem;C:\Windows\System32\WindowsPowerShell\v1.0\;C:\Windows\System32\OpenSSH\;C:\Program Files (x86)\NVIDIA Corporation\PhysX\Common;C:\Program Files\NVIDIA Corporation\NVIDIA NvDLISR;C:\WINDOWS\system32;C:\WINDOWS;C:\WINDOWS\System32\Wbem;C:\WINDOWS\System32\WindowsPowerShell\v1.0\;C:\WINDOWS\System32\OpenSSH\;C:\Program Files\Microsoft SQL Server\150\Tools\Binn\;C:\Program Files\Microsoft SQL Server\Client SDK\ODBC\170\Tools\Binn\;C:\Program Files\nodejs\;C:\ProgramData\Microsoft\Windows\Start Menu\Programs\Git;Control Panel\Programs\Programs and Features;C:\Program Files\Git\cmd;C:\xampp\php;C:\ProgramData\ComposerSetup\bin;C:\Program Files\MongoDB\mongosh-2.2.5-win32-x64\bin;C:\Program Files (x86)\Microsoft SQL Server\160\Tools\Binn\;C:\Program Files\Microsoft SQL Server\160\Tools\Binn\;C:\Program Files\Microsoft SQL Server\160\DTS\Binn\;C:\Program Files (x86)\Microsoft SQL Server\160\DTS\Binn\;C:\Program Files\Java\jdk-22\bin;C:\Program Files\MySQL\MySQL Shell 8.0\bin\;C:\Users\trand\AppData\Local\Microsoft\WindowsApps;;C:\Users\trand\AppData\Local\Programs\Microsoft VS Code\bin;C:\Users\trand\AppData\Roaming\npm;C:\Users\trand\AppData\Roaming\Composer\vendor\bin
USERNAME=trand
OS=Windows_NT
PROCESSOR_IDENTIFIER=Intel64 Family 6 Model 165 Stepping 2, GenuineIntel
TMP=C:\Users\trand\AppData\Local\Temp
TEMP=C:\Users\trand\AppData\Local\Temp



Periodic native trim disabled


---------------  S Y S T E M  ---------------

OS:
 Windows 11 , 64 bit Build 22621 (10.0.22621.3958)
OS uptime: 9 days 4:53 hours

CPU: total 8 (initial active 8) (4 cores per cpu, 2 threads per core) family 6 model 165 stepping 2 microcode 0xe0, cx8, cmov, fxsr, ht, mmx, 3dnowpref, sse, sse2, sse3, ssse3, sse4.1, sse4.2, popcnt, lzcnt, tsc, tscinvbit, avx, avx2, aes, erms, clmul, bmi1, bmi2, adx, fma, vzeroupper, clflush, clflushopt
Processor Information for all 8 processors :
  Max Mhz: 2496, Current Mhz: 2496, Mhz Limit: 2496

Memory: 4k page, system-wide physical 8029M (329M free)
TotalPageFile size 32605M (AvailPageFile size 12M)
current process WorkingSet (physical memory assigned to process): 60M, peak: 193M
current process commit charge ("private bytes"): 236M, peak: 248M

vm_info: OpenJDK 64-Bit Server VM (17.0.12+7) for windows-amd64 JRE (17.0.12+7), built on Jul 16 2024 22:08:24 by "admin" with MS VC++ 16.10 / 16.11 (VS2019)

END.
